[1.298s] Invoking command in '/home/denis/Desktop/GustGurus-Drone-Project/crazyflie_simulation/src/controllers': PS1=(crazyflie_ros) \[\e]0;\u@\h: \w\a\]${debian_chroot:+($debian_chroot)}\[\033[01;32m\]\u@\h\[\033[00m\]:\[\033[01;34m\]\w\[\033[00m\]\$ PYTHONPATH=/home/denis/Desktop/GustGurus-Drone-Project/crazyflie_simulation/build/controllers/prefix_override:/usr/lib/python3/dist-packages/colcon_core/task/python/colcon_distutils_commands:/home/denis/Desktop/GustGurus-Drone-Project/crazyflie_simulation/install/controllers/lib/python3.10/site-packages:${PYTHONPATH} VIRTUAL_ENV_PROMPT=(crazyflie_ros) /usr/bin/python3 -W ignore:setup.py install is deprecated setup.py egg_info --egg-base ../../build/controllers build --build-base /home/denis/Desktop/GustGurus-Drone-Project/crazyflie_simulation/build/controllers/build install --record /home/denis/Desktop/GustGurus-Drone-Project/crazyflie_simulation/build/controllers/install.log --single-version-externally-managed install_data
[1.614s] running egg_info
[1.615s] creating ../../build/controllers/controllers.egg-info
[1.615s] writing ../../build/controllers/controllers.egg-info/PKG-INFO
[1.616s] writing dependency_links to ../../build/controllers/controllers.egg-info/dependency_links.txt
[1.617s] writing entry points to ../../build/controllers/controllers.egg-info/entry_points.txt
[1.617s] writing requirements to ../../build/controllers/controllers.egg-info/requires.txt
[1.617s] writing top-level names to ../../build/controllers/controllers.egg-info/top_level.txt
[1.617s] writing manifest file '../../build/controllers/controllers.egg-info/SOURCES.txt'
[1.620s] reading manifest file '../../build/controllers/controllers.egg-info/SOURCES.txt'
[1.621s] writing manifest file '../../build/controllers/controllers.egg-info/SOURCES.txt'
[1.622s] running build
[1.622s] running build_py
[1.622s] creating /home/denis/Desktop/GustGurus-Drone-Project/crazyflie_simulation/build/controllers/build
[1.622s] creating /home/denis/Desktop/GustGurus-Drone-Project/crazyflie_simulation/build/controllers/build/lib
[1.622s] creating /home/denis/Desktop/GustGurus-Drone-Project/crazyflie_simulation/build/controllers/build/lib/controllers
[1.623s] copying controllers/MotorControlNode.py -> /home/denis/Desktop/GustGurus-Drone-Project/crazyflie_simulation/build/controllers/build/lib/controllers
[1.623s] copying controllers/__init__.py -> /home/denis/Desktop/GustGurus-Drone-Project/crazyflie_simulation/build/controllers/build/lib/controllers
[1.624s] running install
[1.624s] running install_lib
[1.626s] creating /home/denis/Desktop/GustGurus-Drone-Project/crazyflie_simulation/install/controllers/lib/python3.10/site-packages/controllers
[1.626s] copying /home/denis/Desktop/GustGurus-Drone-Project/crazyflie_simulation/build/controllers/build/lib/controllers/MotorControlNode.py -> /home/denis/Desktop/GustGurus-Drone-Project/crazyflie_simulation/install/controllers/lib/python3.10/site-packages/controllers
[1.626s] copying /home/denis/Desktop/GustGurus-Drone-Project/crazyflie_simulation/build/controllers/build/lib/controllers/__init__.py -> /home/denis/Desktop/GustGurus-Drone-Project/crazyflie_simulation/install/controllers/lib/python3.10/site-packages/controllers
[1.627s] byte-compiling /home/denis/Desktop/GustGurus-Drone-Project/crazyflie_simulation/install/controllers/lib/python3.10/site-packages/controllers/MotorControlNode.py to MotorControlNode.cpython-310.pyc
[1.628s] byte-compiling /home/denis/Desktop/GustGurus-Drone-Project/crazyflie_simulation/install/controllers/lib/python3.10/site-packages/controllers/__init__.py to __init__.cpython-310.pyc
[1.628s] running install_data
[1.629s] creating /home/denis/Desktop/GustGurus-Drone-Project/crazyflie_simulation/install/controllers/share/ament_index
[1.629s] creating /home/denis/Desktop/GustGurus-Drone-Project/crazyflie_simulation/install/controllers/share/ament_index/resource_index
[1.629s] creating /home/denis/Desktop/GustGurus-Drone-Project/crazyflie_simulation/install/controllers/share/ament_index/resource_index/packages
[1.629s] copying resource/controllers -> /home/denis/Desktop/GustGurus-Drone-Project/crazyflie_simulation/install/controllers/share/ament_index/resource_index/packages
[1.629s] copying package.xml -> /home/denis/Desktop/GustGurus-Drone-Project/crazyflie_simulation/install/controllers/share/controllers
[1.630s] running install_egg_info
[1.632s] Copying ../../build/controllers/controllers.egg-info to /home/denis/Desktop/GustGurus-Drone-Project/crazyflie_simulation/install/controllers/lib/python3.10/site-packages/controllers-0.0.0-py3.10.egg-info
[1.634s] running install_scripts
[1.664s] Installing MotorControlNode script to /home/denis/Desktop/GustGurus-Drone-Project/crazyflie_simulation/install/controllers/lib/controllers
[1.664s] writing list of installed files to '/home/denis/Desktop/GustGurus-Drone-Project/crazyflie_simulation/build/controllers/install.log'
[1.699s] Invoked command in '/home/denis/Desktop/GustGurus-Drone-Project/crazyflie_simulation/src/controllers' returned '0': PS1=(crazyflie_ros) \[\e]0;\u@\h: \w\a\]${debian_chroot:+($debian_chroot)}\[\033[01;32m\]\u@\h\[\033[00m\]:\[\033[01;34m\]\w\[\033[00m\]\$ PYTHONPATH=/home/denis/Desktop/GustGurus-Drone-Project/crazyflie_simulation/build/controllers/prefix_override:/usr/lib/python3/dist-packages/colcon_core/task/python/colcon_distutils_commands:/home/denis/Desktop/GustGurus-Drone-Project/crazyflie_simulation/install/controllers/lib/python3.10/site-packages:${PYTHONPATH} VIRTUAL_ENV_PROMPT=(crazyflie_ros) /usr/bin/python3 -W ignore:setup.py install is deprecated setup.py egg_info --egg-base ../../build/controllers build --build-base /home/denis/Desktop/GustGurus-Drone-Project/crazyflie_simulation/build/controllers/build install --record /home/denis/Desktop/GustGurus-Drone-Project/crazyflie_simulation/build/controllers/install.log --single-version-externally-managed install_data
