[0.207s] Invoking command in '/home/kaust/Desktop/GustGurus-Drone-Project/crazyflie_simulation/build/cpp_controllers': CMAKE_PREFIX_PATH=${CMAKE_PREFIX_PATH}:/home/kaust/Desktop/GustGurus-Drone-Project/crazyflie_simulation/install/crazyflie_gazebo:/home/kaust/Desktop/GustGurus-Drone-Project/crazyflie_simulation/install/controllers:/opt/ros/humble CONDA_PROMPT_MODIFIER=(acsi2) /usr/bin/cmake --build /home/kaust/Desktop/GustGurus-Drone-Project/crazyflie_simulation/build/cpp_controllers -- -j16 -l16
[0.248s] [35m[1mConsolidate compiler generated dependencies of target motor_control_node[0m
[0.269s] [ 33%] [32mBuilding CXX object CMakeFiles/motor_control_node.dir/src/MotorControlNode.cpp.o[0m
[2.398s] [01m[K/home/kaust/Desktop/GustGurus-Drone-Project/crazyflie_simulation/src/cpp_controllers/src/MotorControlNode.cpp:[m[K In constructor ‘[01m[KMotorControlNode::MotorControlNode()[m[K’:
[2.399s] [01m[K/home/kaust/Desktop/GustGurus-Drone-Project/crazyflie_simulation/src/cpp_controllers/src/MotorControlNode.cpp:48:8:[m[K [01;31m[Kerror: [m[Krequest for member ‘[01m[Kkd_att_rp[m[K’ in ‘[01m[K0[m[K’, which is of non-class type ‘[01m[Kint[m[K’
[2.399s]    48 |       .[01;31m[Kkd_att_rp[m[K = 0.0,
[2.399s]       |        [01;31m[K^~~~~~~~~[m[K
[2.399s] [01m[K/home/kaust/Desktop/GustGurus-Drone-Project/crazyflie_simulation/src/cpp_controllers/src/MotorControlNode.cpp:59:5:[m[K [01;31m[Kerror: [m[Kno match for ‘[01m[Koperator=[m[K’ (operand types are ‘[01m[Kgains_pid_t[m[K’ {aka ‘[01m[Kgains_pid_s[m[K’} and ‘[01m[K<brace-enclosed initializer list>[m[K’)
[2.399s]    59 |     [01;31m[K}[m[K;
[2.399s]       |     [01;31m[K^[m[K
[2.399s] In file included from [01m[K/home/kaust/Desktop/GustGurus-Drone-Project/crazyflie_simulation/src/cpp_controllers/src/MotorControlNode.cpp:5[m[K:
[2.399s] [01m[K/home/kaust/Desktop/GustGurus-Drone-Project/crazyflie_simulation/src/cpp_controllers/include/cpp_controllers/pid_controller.h:64:16:[m[K [01;36m[Knote: [m[Kcandidate: ‘[01m[Kconstexpr gains_pid_s& gains_pid_s::operator=(const gains_pid_s&)[m[K’
[2.399s]    64 | typedef struct [01;36m[Kgains_pid_s[m[K {
[2.399s]       |                [01;36m[K^~~~~~~~~~~[m[K
[2.399s] [01m[K/home/kaust/Desktop/GustGurus-Drone-Project/crazyflie_simulation/src/cpp_controllers/include/cpp_controllers/pid_controller.h:64:16:[m[K [01;36m[Knote: [m[K  no known conversion for argument 1 from ‘[01m[K<brace-enclosed initializer list>[m[K’ to ‘[01m[Kconst gains_pid_s&[m[K’
[2.399s] [01m[K/home/kaust/Desktop/GustGurus-Drone-Project/crazyflie_simulation/src/cpp_controllers/include/cpp_controllers/pid_controller.h:64:16:[m[K [01;36m[Knote: [m[Kcandidate: ‘[01m[Kconstexpr gains_pid_s& gains_pid_s::operator=(gains_pid_s&&)[m[K’
[2.399s] [01m[K/home/kaust/Desktop/GustGurus-Drone-Project/crazyflie_simulation/src/cpp_controllers/include/cpp_controllers/pid_controller.h:64:16:[m[K [01;36m[Knote: [m[K  no known conversion for argument 1 from ‘[01m[K<brace-enclosed initializer list>[m[K’ to ‘[01m[Kgains_pid_s&&[m[K’
[4.525s] gmake[2]: *** [CMakeFiles/motor_control_node.dir/build.make:76: CMakeFiles/motor_control_node.dir/src/MotorControlNode.cpp.o] Error 1
[4.525s] gmake[1]: *** [CMakeFiles/Makefile2:137: CMakeFiles/motor_control_node.dir/all] Error 2
[4.526s] gmake: *** [Makefile:146: all] Error 2
[4.528s] Invoked command in '/home/kaust/Desktop/GustGurus-Drone-Project/crazyflie_simulation/build/cpp_controllers' returned '2': CMAKE_PREFIX_PATH=${CMAKE_PREFIX_PATH}:/home/kaust/Desktop/GustGurus-Drone-Project/crazyflie_simulation/install/crazyflie_gazebo:/home/kaust/Desktop/GustGurus-Drone-Project/crazyflie_simulation/install/controllers:/opt/ros/humble CONDA_PROMPT_MODIFIER=(acsi2) /usr/bin/cmake --build /home/kaust/Desktop/GustGurus-Drone-Project/crazyflie_simulation/build/cpp_controllers -- -j16 -l16
