[1.707s] Invoking command in '/home/denis/Desktop/GustGurus-Drone-Project/crazyflie_simulation/src/crazyflie_gazebo': PS1=(crazyflie_ros) \[\e]0;\u@\h: \w\a\]${debian_chroot:+($debian_chroot)}\[\033[01;32m\]\u@\h\[\033[00m\]:\[\033[01;34m\]\w\[\033[00m\]\$ PYTHONPATH=/home/denis/Desktop/GustGurus-Drone-Project/crazyflie_simulation/src/build/crazyflie_gazebo/prefix_override:/usr/lib/python3/dist-packages/colcon_core/task/python/colcon_distutils_commands:/home/denis/Desktop/GustGurus-Drone-Project/crazyflie_simulation/src/install/crazyflie_gazebo/lib/python3.10/site-packages:${PYTHONPATH} VIRTUAL_ENV_PROMPT=(crazyflie_ros) /usr/bin/python3 -W ignore:setup.py install is deprecated setup.py egg_info --egg-base ../build/crazyflie_gazebo build --build-base /home/denis/Desktop/GustGurus-Drone-Project/crazyflie_simulation/src/build/crazyflie_gazebo/build install --record /home/denis/Desktop/GustGurus-Drone-Project/crazyflie_simulation/src/build/crazyflie_gazebo/install.log --single-version-externally-managed install_data
[2.144s] running egg_info
[2.147s] writing ../build/crazyflie_gazebo/crazyflie_gazebo.egg-info/PKG-INFO
[2.150s] writing dependency_links to ../build/crazyflie_gazebo/crazyflie_gazebo.egg-info/dependency_links.txt
[2.151s] writing entry points to ../build/crazyflie_gazebo/crazyflie_gazebo.egg-info/entry_points.txt
[2.151s] writing requirements to ../build/crazyflie_gazebo/crazyflie_gazebo.egg-info/requires.txt
[2.151s] writing top-level names to ../build/crazyflie_gazebo/crazyflie_gazebo.egg-info/top_level.txt
[2.157s] reading manifest file '../build/crazyflie_gazebo/crazyflie_gazebo.egg-info/SOURCES.txt'
[2.159s] writing manifest file '../build/crazyflie_gazebo/crazyflie_gazebo.egg-info/SOURCES.txt'
[2.160s] running build
[2.161s] running build_py
[2.161s] running install
[2.162s] running install_lib
[2.165s] running install_data
[2.167s] running install_egg_info
[2.170s] removing '/home/denis/Desktop/GustGurus-Drone-Project/crazyflie_simulation/src/install/crazyflie_gazebo/lib/python3.10/site-packages/crazyflie_gazebo-1.0.0-py3.10.egg-info' (and everything under it)
[2.170s] Copying ../build/crazyflie_gazebo/crazyflie_gazebo.egg-info to /home/denis/Desktop/GustGurus-Drone-Project/crazyflie_simulation/src/install/crazyflie_gazebo/lib/python3.10/site-packages/crazyflie_gazebo-1.0.0-py3.10.egg-info
[2.172s] running install_scripts
[2.214s] Installing control_services script to /home/denis/Desktop/GustGurus-Drone-Project/crazyflie_simulation/src/install/crazyflie_gazebo/lib/crazyflie_gazebo
[2.216s] writing list of installed files to '/home/denis/Desktop/GustGurus-Drone-Project/crazyflie_simulation/src/build/crazyflie_gazebo/install.log'
[2.277s] Invoked command in '/home/denis/Desktop/GustGurus-Drone-Project/crazyflie_simulation/src/crazyflie_gazebo' returned '0': PS1=(crazyflie_ros) \[\e]0;\u@\h: \w\a\]${debian_chroot:+($debian_chroot)}\[\033[01;32m\]\u@\h\[\033[00m\]:\[\033[01;34m\]\w\[\033[00m\]\$ PYTHONPATH=/home/denis/Desktop/GustGurus-Drone-Project/crazyflie_simulation/src/build/crazyflie_gazebo/prefix_override:/usr/lib/python3/dist-packages/colcon_core/task/python/colcon_distutils_commands:/home/denis/Desktop/GustGurus-Drone-Project/crazyflie_simulation/src/install/crazyflie_gazebo/lib/python3.10/site-packages:${PYTHONPATH} VIRTUAL_ENV_PROMPT=(crazyflie_ros) /usr/bin/python3 -W ignore:setup.py install is deprecated setup.py egg_info --egg-base ../build/crazyflie_gazebo build --build-base /home/denis/Desktop/GustGurus-Drone-Project/crazyflie_simulation/src/build/crazyflie_gazebo/build install --record /home/denis/Desktop/GustGurus-Drone-Project/crazyflie_simulation/src/build/crazyflie_gazebo/install.log --single-version-externally-managed install_data
