running egg_info
creating ../build/controllers/controllers.egg-info
writing ../build/controllers/controllers.egg-info/PKG-INFO
writing dependency_links to ../build/controllers/controllers.egg-info/dependency_links.txt
writing entry points to ../build/controllers/controllers.egg-info/entry_points.txt
writing requirements to ../build/controllers/controllers.egg-info/requires.txt
writing top-level names to ../build/controllers/controllers.egg-info/top_level.txt
writing manifest file '../build/controllers/controllers.egg-info/SOURCES.txt'
reading manifest file '../build/controllers/controllers.egg-info/SOURCES.txt'
writing manifest file '../build/controllers/controllers.egg-info/SOURCES.txt'
running build
running build_py
creating /home/denis/Desktop/GustGurus-Drone-Project/crazyflie_simulation/src/build/controllers/build
creating /home/denis/Desktop/GustGurus-Drone-Project/crazyflie_simulation/src/build/controllers/build/lib
creating /home/denis/Desktop/GustGurus-Drone-Project/crazyflie_simulation/src/build/controllers/build/lib/controllers
copying controllers/__init__.py -> /home/denis/Desktop/GustGurus-Drone-Project/crazyflie_simulation/src/build/controllers/build/lib/controllers
copying controllers/RotorControlNode.py -> /home/denis/Desktop/GustGurus-Drone-Project/crazyflie_simulation/src/build/controllers/build/lib/controllers
running install
running install_lib
creating /home/denis/Desktop/GustGurus-Drone-Project/crazyflie_simulation/src/install/controllers/lib/python3.10/site-packages/controllers
copying /home/denis/Desktop/GustGurus-Drone-Project/crazyflie_simulation/src/build/controllers/build/lib/controllers/__init__.py -> /home/denis/Desktop/GustGurus-Drone-Project/crazyflie_simulation/src/install/controllers/lib/python3.10/site-packages/controllers
copying /home/denis/Desktop/GustGurus-Drone-Project/crazyflie_simulation/src/build/controllers/build/lib/controllers/RotorControlNode.py -> /home/denis/Desktop/GustGurus-Drone-Project/crazyflie_simulation/src/install/controllers/lib/python3.10/site-packages/controllers
byte-compiling /home/denis/Desktop/GustGurus-Drone-Project/crazyflie_simulation/src/install/controllers/lib/python3.10/site-packages/controllers/__init__.py to __init__.cpython-310.pyc
byte-compiling /home/denis/Desktop/GustGurus-Drone-Project/crazyflie_simulation/src/install/controllers/lib/python3.10/site-packages/controllers/RotorControlNode.py to RotorControlNode.cpython-310.pyc
running install_data
creating /home/denis/Desktop/GustGurus-Drone-Project/crazyflie_simulation/src/install/controllers/share/ament_index
creating /home/denis/Desktop/GustGurus-Drone-Project/crazyflie_simulation/src/install/controllers/share/ament_index/resource_index
creating /home/denis/Desktop/GustGurus-Drone-Project/crazyflie_simulation/src/install/controllers/share/ament_index/resource_index/packages
copying resource/controllers -> /home/denis/Desktop/GustGurus-Drone-Project/crazyflie_simulation/src/install/controllers/share/ament_index/resource_index/packages
copying package.xml -> /home/denis/Desktop/GustGurus-Drone-Project/crazyflie_simulation/src/install/controllers/share/controllers
running install_egg_info
Copying ../build/controllers/controllers.egg-info to /home/denis/Desktop/GustGurus-Drone-Project/crazyflie_simulation/src/install/controllers/lib/python3.10/site-packages/controllers-0.0.0-py3.10.egg-info
running install_scripts
Installing rotor_control script to /home/denis/Desktop/GustGurus-Drone-Project/crazyflie_simulation/src/install/controllers/lib/controllers
writing list of installed files to '/home/denis/Desktop/GustGurus-Drone-Project/crazyflie_simulation/src/build/controllers/install.log'
