[1.369s] Invoking command in '/home/denis/Desktop/GustGurus-Drone-Project/crazyflie_simulation/src/controllers': PS1=(crazyflie_ros) \[\e]0;\u@\h: \w\a\]${debian_chroot:+($debian_chroot)}\[\033[01;32m\]\u@\h\[\033[00m\]:\[\033[01;34m\]\w\[\033[00m\]\$ PYTHONPATH=/home/denis/Desktop/GustGurus-Drone-Project/crazyflie_simulation/src/build/controllers/prefix_override:/usr/lib/python3/dist-packages/colcon_core/task/python/colcon_distutils_commands:/home/denis/Desktop/GustGurus-Drone-Project/crazyflie_simulation/src/install/controllers/lib/python3.10/site-packages:${PYTHONPATH} VIRTUAL_ENV_PROMPT=(crazyflie_ros) /usr/bin/python3 -W ignore:setup.py install is deprecated setup.py egg_info --egg-base ../build/controllers build --build-base /home/denis/Desktop/GustGurus-Drone-Project/crazyflie_simulation/src/build/controllers/build install --record /home/denis/Desktop/GustGurus-Drone-Project/crazyflie_simulation/src/build/controllers/install.log --single-version-externally-managed install_data
[1.722s] running egg_info
[1.722s] creating ../build/controllers/controllers.egg-info
[1.724s] writing ../build/controllers/controllers.egg-info/PKG-INFO
[1.724s] writing dependency_links to ../build/controllers/controllers.egg-info/dependency_links.txt
[1.725s] writing entry points to ../build/controllers/controllers.egg-info/entry_points.txt
[1.725s] writing requirements to ../build/controllers/controllers.egg-info/requires.txt
[1.726s] writing top-level names to ../build/controllers/controllers.egg-info/top_level.txt
[1.727s] writing manifest file '../build/controllers/controllers.egg-info/SOURCES.txt'
[1.729s] reading manifest file '../build/controllers/controllers.egg-info/SOURCES.txt'
[1.732s] writing manifest file '../build/controllers/controllers.egg-info/SOURCES.txt'
[1.732s] running build
[1.733s] running build_py
[1.734s] creating /home/denis/Desktop/GustGurus-Drone-Project/crazyflie_simulation/src/build/controllers/build
[1.734s] creating /home/denis/Desktop/GustGurus-Drone-Project/crazyflie_simulation/src/build/controllers/build/lib
[1.734s] creating /home/denis/Desktop/GustGurus-Drone-Project/crazyflie_simulation/src/build/controllers/build/lib/controllers
[1.734s] copying controllers/__init__.py -> /home/denis/Desktop/GustGurus-Drone-Project/crazyflie_simulation/src/build/controllers/build/lib/controllers
[1.734s] copying controllers/RotorControlNode.py -> /home/denis/Desktop/GustGurus-Drone-Project/crazyflie_simulation/src/build/controllers/build/lib/controllers
[1.735s] running install
[1.737s] running install_lib
[1.739s] creating /home/denis/Desktop/GustGurus-Drone-Project/crazyflie_simulation/src/install/controllers/lib/python3.10/site-packages/controllers
[1.741s] copying /home/denis/Desktop/GustGurus-Drone-Project/crazyflie_simulation/src/build/controllers/build/lib/controllers/__init__.py -> /home/denis/Desktop/GustGurus-Drone-Project/crazyflie_simulation/src/install/controllers/lib/python3.10/site-packages/controllers
[1.743s] copying /home/denis/Desktop/GustGurus-Drone-Project/crazyflie_simulation/src/build/controllers/build/lib/controllers/RotorControlNode.py -> /home/denis/Desktop/GustGurus-Drone-Project/crazyflie_simulation/src/install/controllers/lib/python3.10/site-packages/controllers
[1.743s] byte-compiling /home/denis/Desktop/GustGurus-Drone-Project/crazyflie_simulation/src/install/controllers/lib/python3.10/site-packages/controllers/__init__.py to __init__.cpython-310.pyc
[1.744s] byte-compiling /home/denis/Desktop/GustGurus-Drone-Project/crazyflie_simulation/src/install/controllers/lib/python3.10/site-packages/controllers/RotorControlNode.py to RotorControlNode.cpython-310.pyc
[1.745s] running install_data
[1.748s] creating /home/denis/Desktop/GustGurus-Drone-Project/crazyflie_simulation/src/install/controllers/share/ament_index
[1.751s] creating /home/denis/Desktop/GustGurus-Drone-Project/crazyflie_simulation/src/install/controllers/share/ament_index/resource_index
[1.751s] creating /home/denis/Desktop/GustGurus-Drone-Project/crazyflie_simulation/src/install/controllers/share/ament_index/resource_index/packages
[1.751s] copying resource/controllers -> /home/denis/Desktop/GustGurus-Drone-Project/crazyflie_simulation/src/install/controllers/share/ament_index/resource_index/packages
[1.751s] copying package.xml -> /home/denis/Desktop/GustGurus-Drone-Project/crazyflie_simulation/src/install/controllers/share/controllers
[1.751s] running install_egg_info
[1.754s] Copying ../build/controllers/controllers.egg-info to /home/denis/Desktop/GustGurus-Drone-Project/crazyflie_simulation/src/install/controllers/lib/python3.10/site-packages/controllers-0.0.0-py3.10.egg-info
[1.757s] running install_scripts
[1.792s] Installing rotor_control script to /home/denis/Desktop/GustGurus-Drone-Project/crazyflie_simulation/src/install/controllers/lib/controllers
[1.794s] writing list of installed files to '/home/denis/Desktop/GustGurus-Drone-Project/crazyflie_simulation/src/build/controllers/install.log'
[1.835s] Invoked command in '/home/denis/Desktop/GustGurus-Drone-Project/crazyflie_simulation/src/controllers' returned '0': PS1=(crazyflie_ros) \[\e]0;\u@\h: \w\a\]${debian_chroot:+($debian_chroot)}\[\033[01;32m\]\u@\h\[\033[00m\]:\[\033[01;34m\]\w\[\033[00m\]\$ PYTHONPATH=/home/denis/Desktop/GustGurus-Drone-Project/crazyflie_simulation/src/build/controllers/prefix_override:/usr/lib/python3/dist-packages/colcon_core/task/python/colcon_distutils_commands:/home/denis/Desktop/GustGurus-Drone-Project/crazyflie_simulation/src/install/controllers/lib/python3.10/site-packages:${PYTHONPATH} VIRTUAL_ENV_PROMPT=(crazyflie_ros) /usr/bin/python3 -W ignore:setup.py install is deprecated setup.py egg_info --egg-base ../build/controllers build --build-base /home/denis/Desktop/GustGurus-Drone-Project/crazyflie_simulation/src/build/controllers/build install --record /home/denis/Desktop/GustGurus-Drone-Project/crazyflie_simulation/src/build/controllers/install.log --single-version-externally-managed install_data
