[2.523s] Invoking command in '/home/denis/Desktop/GustGurus-Drone-Project/crazyflie_simulation/src/crazyflie_gazebo': PS1=(crazyflie_ros) \[\e]0;\u@\h: \w\a\]${debian_chroot:+($debian_chroot)}\[\033[01;32m\]\u@\h\[\033[00m\]:\[\033[01;34m\]\w\[\033[00m\]\$ PYTHONPATH=/home/denis/Desktop/GustGurus-Drone-Project/crazyflie_simulation/build/crazyflie_gazebo/prefix_override:/usr/lib/python3/dist-packages/colcon_core/task/python/colcon_distutils_commands:/home/denis/Desktop/GustGurus-Drone-Project/crazyflie_simulation/install/crazyflie_gazebo/lib/python3.10/site-packages:${PYTHONPATH} VIRTUAL_ENV_PROMPT=(crazyflie_ros) /usr/bin/python3 -W ignore:setup.py install is deprecated setup.py egg_info --egg-base ../../build/crazyflie_gazebo build --build-base /home/denis/Desktop/GustGurus-Drone-Project/crazyflie_simulation/build/crazyflie_gazebo/build install --record /home/denis/Desktop/GustGurus-Drone-Project/crazyflie_simulation/build/crazyflie_gazebo/install.log --single-version-externally-managed install_data
[3.069s] running egg_info
[3.070s] writing ../../build/crazyflie_gazebo/crazyflie_gazebo.egg-info/PKG-INFO
[3.070s] writing dependency_links to ../../build/crazyflie_gazebo/crazyflie_gazebo.egg-info/dependency_links.txt
[3.070s] writing entry points to ../../build/crazyflie_gazebo/crazyflie_gazebo.egg-info/entry_points.txt
[3.070s] writing requirements to ../../build/crazyflie_gazebo/crazyflie_gazebo.egg-info/requires.txt
[3.070s] writing top-level names to ../../build/crazyflie_gazebo/crazyflie_gazebo.egg-info/top_level.txt
[3.073s] reading manifest file '../../build/crazyflie_gazebo/crazyflie_gazebo.egg-info/SOURCES.txt'
[3.075s] writing manifest file '../../build/crazyflie_gazebo/crazyflie_gazebo.egg-info/SOURCES.txt'
[3.076s] running build
[3.077s] running build_py
[3.078s] running install
[3.078s] running install_lib
[3.082s] running install_data
[3.083s] running install_egg_info
[3.088s] removing '/home/denis/Desktop/GustGurus-Drone-Project/crazyflie_simulation/install/crazyflie_gazebo/lib/python3.10/site-packages/crazyflie_gazebo-1.0.0-py3.10.egg-info' (and everything under it)
[3.090s] Copying ../../build/crazyflie_gazebo/crazyflie_gazebo.egg-info to /home/denis/Desktop/GustGurus-Drone-Project/crazyflie_simulation/install/crazyflie_gazebo/lib/python3.10/site-packages/crazyflie_gazebo-1.0.0-py3.10.egg-info
[3.091s] running install_scripts
[3.130s] Installing control_services script to /home/denis/Desktop/GustGurus-Drone-Project/crazyflie_simulation/install/crazyflie_gazebo/lib/crazyflie_gazebo
[3.131s] Installing wind_converter script to /home/denis/Desktop/GustGurus-Drone-Project/crazyflie_simulation/install/crazyflie_gazebo/lib/crazyflie_gazebo
[3.132s] writing list of installed files to '/home/denis/Desktop/GustGurus-Drone-Project/crazyflie_simulation/build/crazyflie_gazebo/install.log'
[3.230s] Invoked command in '/home/denis/Desktop/GustGurus-Drone-Project/crazyflie_simulation/src/crazyflie_gazebo' returned '0': PS1=(crazyflie_ros) \[\e]0;\u@\h: \w\a\]${debian_chroot:+($debian_chroot)}\[\033[01;32m\]\u@\h\[\033[00m\]:\[\033[01;34m\]\w\[\033[00m\]\$ PYTHONPATH=/home/denis/Desktop/GustGurus-Drone-Project/crazyflie_simulation/build/crazyflie_gazebo/prefix_override:/usr/lib/python3/dist-packages/colcon_core/task/python/colcon_distutils_commands:/home/denis/Desktop/GustGurus-Drone-Project/crazyflie_simulation/install/crazyflie_gazebo/lib/python3.10/site-packages:${PYTHONPATH} VIRTUAL_ENV_PROMPT=(crazyflie_ros) /usr/bin/python3 -W ignore:setup.py install is deprecated setup.py egg_info --egg-base ../../build/crazyflie_gazebo build --build-base /home/denis/Desktop/GustGurus-Drone-Project/crazyflie_simulation/build/crazyflie_gazebo/build install --record /home/denis/Desktop/GustGurus-Drone-Project/crazyflie_simulation/build/crazyflie_gazebo/install.log --single-version-externally-managed install_data
