[1.294s] Invoking command in '/home/denis/Desktop/GustGurus-Drone-Project/crazyflie_simulation/src/controllers': PS1=(crazyflie_ros) \[\e]0;\u@\h: \w\a\]${debian_chroot:+($debian_chroot)}\[\033[01;32m\]\u@\h\[\033[00m\]:\[\033[01;34m\]\w\[\033[00m\]\$ PYTHONPATH=/home/denis/Desktop/GustGurus-Drone-Project/crazyflie_simulation/src/build/controllers/prefix_override:/usr/lib/python3/dist-packages/colcon_core/task/python/colcon_distutils_commands:/home/denis/Desktop/GustGurus-Drone-Project/crazyflie_simulation/src/install/controllers/lib/python3.10/site-packages:${PYTHONPATH} VIRTUAL_ENV_PROMPT=(crazyflie_ros) /usr/bin/python3 -W ignore:setup.py install is deprecated setup.py egg_info --egg-base ../build/controllers build --build-base /home/denis/Desktop/GustGurus-Drone-Project/crazyflie_simulation/src/build/controllers/build install --record /home/denis/Desktop/GustGurus-Drone-Project/crazyflie_simulation/src/build/controllers/install.log --single-version-externally-managed install_data
[1.632s] running egg_info
[1.635s] writing ../build/controllers/controllers.egg-info/PKG-INFO
[1.636s] writing dependency_links to ../build/controllers/controllers.egg-info/dependency_links.txt
[1.636s] writing entry points to ../build/controllers/controllers.egg-info/entry_points.txt
[1.636s] writing requirements to ../build/controllers/controllers.egg-info/requires.txt
[1.637s] writing top-level names to ../build/controllers/controllers.egg-info/top_level.txt
[1.638s] reading manifest file '../build/controllers/controllers.egg-info/SOURCES.txt'
[1.640s] writing manifest file '../build/controllers/controllers.egg-info/SOURCES.txt'
[1.640s] running build
[1.640s] running build_py
[1.641s] copying controllers/MotorControlNode.py -> /home/denis/Desktop/GustGurus-Drone-Project/crazyflie_simulation/src/build/controllers/build/lib/controllers
[1.641s] running install
[1.642s] running install_lib
[1.643s] copying /home/denis/Desktop/GustGurus-Drone-Project/crazyflie_simulation/src/build/controllers/build/lib/controllers/MotorControlNode.py -> /home/denis/Desktop/GustGurus-Drone-Project/crazyflie_simulation/src/install/controllers/lib/python3.10/site-packages/controllers
[1.644s] byte-compiling /home/denis/Desktop/GustGurus-Drone-Project/crazyflie_simulation/src/install/controllers/lib/python3.10/site-packages/controllers/MotorControlNode.py to MotorControlNode.cpython-310.pyc
[1.646s] running install_data
[1.646s] running install_egg_info
[1.648s] removing '/home/denis/Desktop/GustGurus-Drone-Project/crazyflie_simulation/src/install/controllers/lib/python3.10/site-packages/controllers-0.0.0-py3.10.egg-info' (and everything under it)
[1.649s] Copying ../build/controllers/controllers.egg-info to /home/denis/Desktop/GustGurus-Drone-Project/crazyflie_simulation/src/install/controllers/lib/python3.10/site-packages/controllers-0.0.0-py3.10.egg-info
[1.653s] running install_scripts
[1.687s] Installing MotorControlNode script to /home/denis/Desktop/GustGurus-Drone-Project/crazyflie_simulation/src/install/controllers/lib/controllers
[1.689s] writing list of installed files to '/home/denis/Desktop/GustGurus-Drone-Project/crazyflie_simulation/src/build/controllers/install.log'
[1.758s] Invoked command in '/home/denis/Desktop/GustGurus-Drone-Project/crazyflie_simulation/src/controllers' returned '0': PS1=(crazyflie_ros) \[\e]0;\u@\h: \w\a\]${debian_chroot:+($debian_chroot)}\[\033[01;32m\]\u@\h\[\033[00m\]:\[\033[01;34m\]\w\[\033[00m\]\$ PYTHONPATH=/home/denis/Desktop/GustGurus-Drone-Project/crazyflie_simulation/src/build/controllers/prefix_override:/usr/lib/python3/dist-packages/colcon_core/task/python/colcon_distutils_commands:/home/denis/Desktop/GustGurus-Drone-Project/crazyflie_simulation/src/install/controllers/lib/python3.10/site-packages:${PYTHONPATH} VIRTUAL_ENV_PROMPT=(crazyflie_ros) /usr/bin/python3 -W ignore:setup.py install is deprecated setup.py egg_info --egg-base ../build/controllers build --build-base /home/denis/Desktop/GustGurus-Drone-Project/crazyflie_simulation/src/build/controllers/build install --record /home/denis/Desktop/GustGurus-Drone-Project/crazyflie_simulation/src/build/controllers/install.log --single-version-externally-managed install_data
