running egg_info
writing ../build/controllers/controllers.egg-info/PKG-INFO
writing dependency_links to ../build/controllers/controllers.egg-info/dependency_links.txt
writing entry points to ../build/controllers/controllers.egg-info/entry_points.txt
writing requirements to ../build/controllers/controllers.egg-info/requires.txt
writing top-level names to ../build/controllers/controllers.egg-info/top_level.txt
reading manifest file '../build/controllers/controllers.egg-info/SOURCES.txt'
writing manifest file '../build/controllers/controllers.egg-info/SOURCES.txt'
running build
running build_py
copying controllers/MotorControlNode.py -> /home/kaust/Desktop/GustGurus-Drone-Project/crazyflie_simulation/src/build/controllers/build/lib/controllers
running install
running install_lib
copying /home/kaust/Desktop/GustGurus-Drone-Project/crazyflie_simulation/src/build/controllers/build/lib/controllers/MotorControlNode.py -> /home/kaust/Desktop/GustGurus-Drone-Project/crazyflie_simulation/src/install/controllers/lib/python3.10/site-packages/controllers
byte-compiling /home/kaust/Desktop/GustGurus-Drone-Project/crazyflie_simulation/src/install/controllers/lib/python3.10/site-packages/controllers/MotorControlNode.py to MotorControlNode.cpython-310.pyc
running install_data
running install_egg_info
removing '/home/kaust/Desktop/GustGurus-Drone-Project/crazyflie_simulation/src/install/controllers/lib/python3.10/site-packages/controllers-0.0.0-py3.10.egg-info' (and everything under it)
Copying ../build/controllers/controllers.egg-info to /home/kaust/Desktop/GustGurus-Drone-Project/crazyflie_simulation/src/install/controllers/lib/python3.10/site-packages/controllers-0.0.0-py3.10.egg-info
running install_scripts
Installing MotorControlNode script to /home/kaust/Desktop/GustGurus-Drone-Project/crazyflie_simulation/src/install/controllers/lib/controllers
writing list of installed files to '/home/kaust/Desktop/GustGurus-Drone-Project/crazyflie_simulation/src/build/controllers/install.log'
