[1.307s] Invoking command in '/home/denis/Desktop/GustGurus-Drone-Project/crazyflie_simulation/src/controllers': PS1=(crazyflie_ros) \[\e]0;\u@\h: \w\a\]${debian_chroot:+($debian_chroot)}\[\033[01;32m\]\u@\h\[\033[00m\]:\[\033[01;34m\]\w\[\033[00m\]\$ PYTHONPATH=/home/denis/Desktop/GustGurus-Drone-Project/crazyflie_simulation/src/build/controllers/prefix_override:/usr/lib/python3/dist-packages/colcon_core/task/python/colcon_distutils_commands:/home/denis/Desktop/GustGurus-Drone-Project/crazyflie_simulation/src/install/controllers/lib/python3.10/site-packages:${PYTHONPATH} VIRTUAL_ENV_PROMPT=(crazyflie_ros) /usr/bin/python3 -W ignore:setup.py install is deprecated setup.py egg_info --egg-base ../build/controllers build --build-base /home/denis/Desktop/GustGurus-Drone-Project/crazyflie_simulation/src/build/controllers/build install --record /home/denis/Desktop/GustGurus-Drone-Project/crazyflie_simulation/src/build/controllers/install.log --single-version-externally-managed install_data
[1.660s] running egg_info
[1.663s] writing ../build/controllers/controllers.egg-info/PKG-INFO
[1.666s] writing dependency_links to ../build/controllers/controllers.egg-info/dependency_links.txt
[1.667s] writing entry points to ../build/controllers/controllers.egg-info/entry_points.txt
[1.669s] writing requirements to ../build/controllers/controllers.egg-info/requires.txt
[1.669s] writing top-level names to ../build/controllers/controllers.egg-info/top_level.txt
[1.670s] reading manifest file '../build/controllers/controllers.egg-info/SOURCES.txt'
[1.673s] writing manifest file '../build/controllers/controllers.egg-info/SOURCES.txt'
[1.673s] running build
[1.673s] running build_py
[1.675s] copying controllers/MotorControlNode.py -> /home/denis/Desktop/GustGurus-Drone-Project/crazyflie_simulation/src/build/controllers/build/lib/controllers
[1.675s] running install
[1.675s] running install_lib
[1.676s] copying /home/denis/Desktop/GustGurus-Drone-Project/crazyflie_simulation/src/build/controllers/build/lib/controllers/MotorControlNode.py -> /home/denis/Desktop/GustGurus-Drone-Project/crazyflie_simulation/src/install/controllers/lib/python3.10/site-packages/controllers
[1.677s] byte-compiling /home/denis/Desktop/GustGurus-Drone-Project/crazyflie_simulation/src/install/controllers/lib/python3.10/site-packages/controllers/MotorControlNode.py to MotorControlNode.cpython-310.pyc
[1.679s] running install_data
[1.679s] running install_egg_info
[1.682s] removing '/home/denis/Desktop/GustGurus-Drone-Project/crazyflie_simulation/src/install/controllers/lib/python3.10/site-packages/controllers-0.0.0-py3.10.egg-info' (and everything under it)
[1.682s] Copying ../build/controllers/controllers.egg-info to /home/denis/Desktop/GustGurus-Drone-Project/crazyflie_simulation/src/install/controllers/lib/python3.10/site-packages/controllers-0.0.0-py3.10.egg-info
[1.685s] running install_scripts
[1.716s] Installing MotorControlNode script to /home/denis/Desktop/GustGurus-Drone-Project/crazyflie_simulation/src/install/controllers/lib/controllers
[1.716s] writing list of installed files to '/home/denis/Desktop/GustGurus-Drone-Project/crazyflie_simulation/src/build/controllers/install.log'
[1.764s] Invoked command in '/home/denis/Desktop/GustGurus-Drone-Project/crazyflie_simulation/src/controllers' returned '0': PS1=(crazyflie_ros) \[\e]0;\u@\h: \w\a\]${debian_chroot:+($debian_chroot)}\[\033[01;32m\]\u@\h\[\033[00m\]:\[\033[01;34m\]\w\[\033[00m\]\$ PYTHONPATH=/home/denis/Desktop/GustGurus-Drone-Project/crazyflie_simulation/src/build/controllers/prefix_override:/usr/lib/python3/dist-packages/colcon_core/task/python/colcon_distutils_commands:/home/denis/Desktop/GustGurus-Drone-Project/crazyflie_simulation/src/install/controllers/lib/python3.10/site-packages:${PYTHONPATH} VIRTUAL_ENV_PROMPT=(crazyflie_ros) /usr/bin/python3 -W ignore:setup.py install is deprecated setup.py egg_info --egg-base ../build/controllers build --build-base /home/denis/Desktop/GustGurus-Drone-Project/crazyflie_simulation/src/build/controllers/build install --record /home/denis/Desktop/GustGurus-Drone-Project/crazyflie_simulation/src/build/controllers/install.log --single-version-externally-managed install_data
