[0.474s] Invoking command in '/home/denis/Desktop/GustGurus-Drone-Project/crazyflie_simulation/build/cpp_controllers': CMAKE_PREFIX_PATH=${CMAKE_PREFIX_PATH}:/home/denis/Desktop/GustGurus-Drone-Project/crazyflie_simulation/install/crazyflie_gazebo:/home/denis/Desktop/GustGurus-Drone-Project/crazyflie_simulation/install/controllers:/opt/ros/humble PS1=(crazyflie_ros) \[\e]0;\u@\h: \w\a\]${debian_chroot:+($debian_chroot)}\[\033[01;32m\]\u@\h\[\033[00m\]:\[\033[01;34m\]\w\[\033[00m\]\$ VIRTUAL_ENV_PROMPT=(crazyflie_ros) /usr/bin/cmake --build /home/denis/Desktop/GustGurus-Drone-Project/crazyflie_simulation/build/cpp_controllers -- -j8 -l8
[0.578s] [ 50%] [32mBuilding CXX object CMakeFiles/motor_control_node.dir/src/MotorControlNode.cpp.o[0m
[5.391s] [01m[K/home/denis/Desktop/GustGurus-Drone-Project/crazyflie_simulation/src/cpp_controllers/src/MotorControlNode.cpp:[m[K In member function ‘[01m[Kvoid MotorControlNode::droneStateCallback(nav_msgs::msg::Odometry_<std::allocator<void> >::SharedPtr)[m[K’:
[5.391s] [01m[K/home/denis/Desktop/GustGurus-Drone-Project/crazyflie_simulation/src/cpp_controllers/src/MotorControlNode.cpp:49:70:[m[K [01;35m[Kwarning: [m[Kunused parameter ‘[01m[Kmsg[m[K’ [[01;35m[K]8;;https://gcc.gnu.org/onlinedocs/gcc/Warning-Options.html#index-Wunused-parameter-Wunused-parameter]8;;[m[K]
[5.392s]    49 |     void droneStateCallback([01;35m[Kconst nav_msgs::msg::Odometry::SharedPtr msg[m[K)
[5.392s]       |                             [01;35m[K~~~~~~~~~~~~~~~~~~~~~~~~~~~~~~~~~~~~~~~~~^~~[m[K
[8.322s] [100%] [32m[1mLinking CXX executable motor_control_node[0m
[8.621s] [100%] Built target motor_control_node
[8.641s] Invoked command in '/home/denis/Desktop/GustGurus-Drone-Project/crazyflie_simulation/build/cpp_controllers' returned '0': CMAKE_PREFIX_PATH=${CMAKE_PREFIX_PATH}:/home/denis/Desktop/GustGurus-Drone-Project/crazyflie_simulation/install/crazyflie_gazebo:/home/denis/Desktop/GustGurus-Drone-Project/crazyflie_simulation/install/controllers:/opt/ros/humble PS1=(crazyflie_ros) \[\e]0;\u@\h: \w\a\]${debian_chroot:+($debian_chroot)}\[\033[01;32m\]\u@\h\[\033[00m\]:\[\033[01;34m\]\w\[\033[00m\]\$ VIRTUAL_ENV_PROMPT=(crazyflie_ros) /usr/bin/cmake --build /home/denis/Desktop/GustGurus-Drone-Project/crazyflie_simulation/build/cpp_controllers -- -j8 -l8
[8.703s] Invoking command in '/home/denis/Desktop/GustGurus-Drone-Project/crazyflie_simulation/build/cpp_controllers': CMAKE_PREFIX_PATH=${CMAKE_PREFIX_PATH}:/home/denis/Desktop/GustGurus-Drone-Project/crazyflie_simulation/install/crazyflie_gazebo:/home/denis/Desktop/GustGurus-Drone-Project/crazyflie_simulation/install/controllers:/opt/ros/humble PS1=(crazyflie_ros) \[\e]0;\u@\h: \w\a\]${debian_chroot:+($debian_chroot)}\[\033[01;32m\]\u@\h\[\033[00m\]:\[\033[01;34m\]\w\[\033[00m\]\$ VIRTUAL_ENV_PROMPT=(crazyflie_ros) /usr/bin/cmake --install /home/denis/Desktop/GustGurus-Drone-Project/crazyflie_simulation/build/cpp_controllers
[8.713s] -- Install configuration: ""
[8.715s] -- Installing: /home/denis/Desktop/GustGurus-Drone-Project/crazyflie_simulation/install/cpp_controllers/lib/cpp_controllers/motor_control_node
[8.729s] -- Set runtime path of "/home/denis/Desktop/GustGurus-Drone-Project/crazyflie_simulation/install/cpp_controllers/lib/cpp_controllers/motor_control_node" to ""
[8.729s] -- Up-to-date: /home/denis/Desktop/GustGurus-Drone-Project/crazyflie_simulation/install/cpp_controllers/share/ament_index/resource_index/package_run_dependencies/cpp_controllers
[8.729s] -- Installing: /home/denis/Desktop/GustGurus-Drone-Project/crazyflie_simulation/install/cpp_controllers/share/ament_index/resource_index/parent_prefix_path/cpp_controllers
[8.729s] -- Up-to-date: /home/denis/Desktop/GustGurus-Drone-Project/crazyflie_simulation/install/cpp_controllers/share/cpp_controllers/environment/ament_prefix_path.sh
[8.729s] -- Installing: /home/denis/Desktop/GustGurus-Drone-Project/crazyflie_simulation/install/cpp_controllers/share/cpp_controllers/environment/ament_prefix_path.dsv
[8.730s] -- Up-to-date: /home/denis/Desktop/GustGurus-Drone-Project/crazyflie_simulation/install/cpp_controllers/share/cpp_controllers/environment/path.sh
[8.731s] -- Installing: /home/denis/Desktop/GustGurus-Drone-Project/crazyflie_simulation/install/cpp_controllers/share/cpp_controllers/environment/path.dsv
[8.731s] -- Up-to-date: /home/denis/Desktop/GustGurus-Drone-Project/crazyflie_simulation/install/cpp_controllers/share/cpp_controllers/local_setup.bash
[8.731s] -- Up-to-date: /home/denis/Desktop/GustGurus-Drone-Project/crazyflie_simulation/install/cpp_controllers/share/cpp_controllers/local_setup.sh
[8.732s] -- Up-to-date: /home/denis/Desktop/GustGurus-Drone-Project/crazyflie_simulation/install/cpp_controllers/share/cpp_controllers/local_setup.zsh
[8.732s] -- Installing: /home/denis/Desktop/GustGurus-Drone-Project/crazyflie_simulation/install/cpp_controllers/share/cpp_controllers/local_setup.dsv
[8.733s] -- Installing: /home/denis/Desktop/GustGurus-Drone-Project/crazyflie_simulation/install/cpp_controllers/share/cpp_controllers/package.dsv
[8.733s] -- Up-to-date: /home/denis/Desktop/GustGurus-Drone-Project/crazyflie_simulation/install/cpp_controllers/share/ament_index/resource_index/packages/cpp_controllers
[8.734s] -- Up-to-date: /home/denis/Desktop/GustGurus-Drone-Project/crazyflie_simulation/install/cpp_controllers/share/cpp_controllers/cmake/cpp_controllersConfig.cmake
[8.734s] -- Up-to-date: /home/denis/Desktop/GustGurus-Drone-Project/crazyflie_simulation/install/cpp_controllers/share/cpp_controllers/cmake/cpp_controllersConfig-version.cmake
[8.734s] -- Up-to-date: /home/denis/Desktop/GustGurus-Drone-Project/crazyflie_simulation/install/cpp_controllers/share/cpp_controllers/package.xml
[8.737s] Invoked command in '/home/denis/Desktop/GustGurus-Drone-Project/crazyflie_simulation/build/cpp_controllers' returned '0': CMAKE_PREFIX_PATH=${CMAKE_PREFIX_PATH}:/home/denis/Desktop/GustGurus-Drone-Project/crazyflie_simulation/install/crazyflie_gazebo:/home/denis/Desktop/GustGurus-Drone-Project/crazyflie_simulation/install/controllers:/opt/ros/humble PS1=(crazyflie_ros) \[\e]0;\u@\h: \w\a\]${debian_chroot:+($debian_chroot)}\[\033[01;32m\]\u@\h\[\033[00m\]:\[\033[01;34m\]\w\[\033[00m\]\$ VIRTUAL_ENV_PROMPT=(crazyflie_ros) /usr/bin/cmake --install /home/denis/Desktop/GustGurus-Drone-Project/crazyflie_simulation/build/cpp_controllers
