running egg_info
creating ../../build/crazyflie_gazebo/crazyflie_gazebo.egg-info
writing ../../build/crazyflie_gazebo/crazyflie_gazebo.egg-info/PKG-INFO
writing dependency_links to ../../build/crazyflie_gazebo/crazyflie_gazebo.egg-info/dependency_links.txt
writing entry points to ../../build/crazyflie_gazebo/crazyflie_gazebo.egg-info/entry_points.txt
writing requirements to ../../build/crazyflie_gazebo/crazyflie_gazebo.egg-info/requires.txt
writing top-level names to ../../build/crazyflie_gazebo/crazyflie_gazebo.egg-info/top_level.txt
writing manifest file '../../build/crazyflie_gazebo/crazyflie_gazebo.egg-info/SOURCES.txt'
reading manifest file '../../build/crazyflie_gazebo/crazyflie_gazebo.egg-info/SOURCES.txt'
writing manifest file '../../build/crazyflie_gazebo/crazyflie_gazebo.egg-info/SOURCES.txt'
running build
running build_py
creating /home/kaust/Desktop/GustGurus-Drone-Project/crazyflie_simulation/build/crazyflie_gazebo/build
creating /home/kaust/Desktop/GustGurus-Drone-Project/crazyflie_simulation/build/crazyflie_gazebo/build/lib
creating /home/kaust/Desktop/GustGurus-Drone-Project/crazyflie_simulation/build/crazyflie_gazebo/build/lib/crazyflie_gazebo
copying crazyflie_gazebo/control_services.py -> /home/kaust/Desktop/GustGurus-Drone-Project/crazyflie_simulation/build/crazyflie_gazebo/build/lib/crazyflie_gazebo
copying crazyflie_gazebo/__init__.py -> /home/kaust/Desktop/GustGurus-Drone-Project/crazyflie_simulation/build/crazyflie_gazebo/build/lib/crazyflie_gazebo
running install
running install_lib
creating /home/kaust/Desktop/GustGurus-Drone-Project/crazyflie_simulation/install/crazyflie_gazebo/lib/python3.10/site-packages/crazyflie_gazebo
copying /home/kaust/Desktop/GustGurus-Drone-Project/crazyflie_simulation/build/crazyflie_gazebo/build/lib/crazyflie_gazebo/control_services.py -> /home/kaust/Desktop/GustGurus-Drone-Project/crazyflie_simulation/install/crazyflie_gazebo/lib/python3.10/site-packages/crazyflie_gazebo
copying /home/kaust/Desktop/GustGurus-Drone-Project/crazyflie_simulation/build/crazyflie_gazebo/build/lib/crazyflie_gazebo/__init__.py -> /home/kaust/Desktop/GustGurus-Drone-Project/crazyflie_simulation/install/crazyflie_gazebo/lib/python3.10/site-packages/crazyflie_gazebo
byte-compiling /home/kaust/Desktop/GustGurus-Drone-Project/crazyflie_simulation/install/crazyflie_gazebo/lib/python3.10/site-packages/crazyflie_gazebo/control_services.py to control_services.cpython-310.pyc
byte-compiling /home/kaust/Desktop/GustGurus-Drone-Project/crazyflie_simulation/install/crazyflie_gazebo/lib/python3.10/site-packages/crazyflie_gazebo/__init__.py to __init__.cpython-310.pyc
running install_data
creating /home/kaust/Desktop/GustGurus-Drone-Project/crazyflie_simulation/install/crazyflie_gazebo/share/ament_index
creating /home/kaust/Desktop/GustGurus-Drone-Project/crazyflie_simulation/install/crazyflie_gazebo/share/ament_index/resource_index
creating /home/kaust/Desktop/GustGurus-Drone-Project/crazyflie_simulation/install/crazyflie_gazebo/share/ament_index/resource_index/packages
copying resource/crazyflie_gazebo -> /home/kaust/Desktop/GustGurus-Drone-Project/crazyflie_simulation/install/crazyflie_gazebo/share/ament_index/resource_index/packages
copying package.xml -> /home/kaust/Desktop/GustGurus-Drone-Project/crazyflie_simulation/install/crazyflie_gazebo/share/crazyflie_gazebo
creating /home/kaust/Desktop/GustGurus-Drone-Project/crazyflie_simulation/install/crazyflie_gazebo/share/crazyflie_gazebo/launch
copying launch/crazyflie_gazebo.launch.py -> /home/kaust/Desktop/GustGurus-Drone-Project/crazyflie_simulation/install/crazyflie_gazebo/share/crazyflie_gazebo/launch
creating /home/kaust/Desktop/GustGurus-Drone-Project/crazyflie_simulation/install/crazyflie_gazebo/share/crazyflie_gazebo/config
copying config/ros_gz_crazyflie_bridge.yaml -> /home/kaust/Desktop/GustGurus-Drone-Project/crazyflie_simulation/install/crazyflie_gazebo/share/crazyflie_gazebo/config
creating /home/kaust/Desktop/GustGurus-Drone-Project/crazyflie_simulation/install/crazyflie_gazebo/share/crazyflie_gazebo/models
copying models/model.config -> /home/kaust/Desktop/GustGurus-Drone-Project/crazyflie_simulation/install/crazyflie_gazebo/share/crazyflie_gazebo/models
copying models/model_each_motor.sdf -> /home/kaust/Desktop/GustGurus-Drone-Project/crazyflie_simulation/install/crazyflie_gazebo/share/crazyflie_gazebo/models
copying models/ground_plane.sdf -> /home/kaust/Desktop/GustGurus-Drone-Project/crazyflie_simulation/install/crazyflie_gazebo/share/crazyflie_gazebo/models
copying models/wind.sdf -> /home/kaust/Desktop/GustGurus-Drone-Project/crazyflie_simulation/install/crazyflie_gazebo/share/crazyflie_gazebo/models
copying models/model.sdf -> /home/kaust/Desktop/GustGurus-Drone-Project/crazyflie_simulation/install/crazyflie_gazebo/share/crazyflie_gazebo/models
copying models/crazyflie_world.sdf -> /home/kaust/Desktop/GustGurus-Drone-Project/crazyflie_simulation/install/crazyflie_gazebo/share/crazyflie_gazebo/models
creating /home/kaust/Desktop/GustGurus-Drone-Project/crazyflie_simulation/install/crazyflie_gazebo/share/crazyflie_gazebo/models/meshes
creating /home/kaust/Desktop/GustGurus-Drone-Project/crazyflie_simulation/install/crazyflie_gazebo/share/crazyflie_gazebo/models/meshes/blender_files
copying models/meshes/blender_files/battery.blend -> /home/kaust/Desktop/GustGurus-Drone-Project/crazyflie_simulation/install/crazyflie_gazebo/share/crazyflie_gazebo/models/meshes/blender_files
copying models/meshes/blender_files/motor_mount.blend -> /home/kaust/Desktop/GustGurus-Drone-Project/crazyflie_simulation/install/crazyflie_gazebo/share/crazyflie_gazebo/models/meshes/blender_files
copying models/meshes/blender_files/cw_prop.blend -> /home/kaust/Desktop/GustGurus-Drone-Project/crazyflie_simulation/install/crazyflie_gazebo/share/crazyflie_gazebo/models/meshes/blender_files
copying models/meshes/blender_files/pin_headers.blend -> /home/kaust/Desktop/GustGurus-Drone-Project/crazyflie_simulation/install/crazyflie_gazebo/share/crazyflie_gazebo/models/meshes/blender_files
copying models/meshes/blender_files/cf2_assembly.blend -> /home/kaust/Desktop/GustGurus-Drone-Project/crazyflie_simulation/install/crazyflie_gazebo/share/crazyflie_gazebo/models/meshes/blender_files
copying models/meshes/blender_files/battery_holder.blend -> /home/kaust/Desktop/GustGurus-Drone-Project/crazyflie_simulation/install/crazyflie_gazebo/share/crazyflie_gazebo/models/meshes/blender_files
copying models/meshes/blender_files/cf_body.blend -> /home/kaust/Desktop/GustGurus-Drone-Project/crazyflie_simulation/install/crazyflie_gazebo/share/crazyflie_gazebo/models/meshes/blender_files
creating /home/kaust/Desktop/GustGurus-Drone-Project/crazyflie_simulation/install/crazyflie_gazebo/share/crazyflie_gazebo/models/meshes/textures
copying models/meshes/textures/fast_helix.png -> /home/kaust/Desktop/GustGurus-Drone-Project/crazyflie_simulation/install/crazyflie_gazebo/share/crazyflie_gazebo/models/meshes/textures
creating /home/kaust/Desktop/GustGurus-Drone-Project/crazyflie_simulation/install/crazyflie_gazebo/share/crazyflie_gazebo/models/meshes/stl_files
copying models/meshes/stl_files/2_pinheaders.stl -> /home/kaust/Desktop/GustGurus-Drone-Project/crazyflie_simulation/install/crazyflie_gazebo/share/crazyflie_gazebo/models/meshes/stl_files
copying models/meshes/stl_files/4_motormounts.stl -> /home/kaust/Desktop/GustGurus-Drone-Project/crazyflie_simulation/install/crazyflie_gazebo/share/crazyflie_gazebo/models/meshes/stl_files
copying models/meshes/stl_files/battery_holder.stl -> /home/kaust/Desktop/GustGurus-Drone-Project/crazyflie_simulation/install/crazyflie_gazebo/share/crazyflie_gazebo/models/meshes/stl_files
copying models/meshes/stl_files/battery.stl -> /home/kaust/Desktop/GustGurus-Drone-Project/crazyflie_simulation/install/crazyflie_gazebo/share/crazyflie_gazebo/models/meshes/stl_files
copying models/meshes/stl_files/ccw_prop.stl -> /home/kaust/Desktop/GustGurus-Drone-Project/crazyflie_simulation/install/crazyflie_gazebo/share/crazyflie_gazebo/models/meshes/stl_files
copying models/meshes/stl_files/4_motors.stl -> /home/kaust/Desktop/GustGurus-Drone-Project/crazyflie_simulation/install/crazyflie_gazebo/share/crazyflie_gazebo/models/meshes/stl_files
copying models/meshes/stl_files/cf2_assembly.stl -> /home/kaust/Desktop/GustGurus-Drone-Project/crazyflie_simulation/install/crazyflie_gazebo/share/crazyflie_gazebo/models/meshes/stl_files
copying models/meshes/stl_files/cf_body.stl -> /home/kaust/Desktop/GustGurus-Drone-Project/crazyflie_simulation/install/crazyflie_gazebo/share/crazyflie_gazebo/models/meshes/stl_files
copying models/meshes/stl_files/cw_prop.stl -> /home/kaust/Desktop/GustGurus-Drone-Project/crazyflie_simulation/install/crazyflie_gazebo/share/crazyflie_gazebo/models/meshes/stl_files
copying models/meshes/stl_files/pin_headers.stl -> /home/kaust/Desktop/GustGurus-Drone-Project/crazyflie_simulation/install/crazyflie_gazebo/share/crazyflie_gazebo/models/meshes/stl_files
copying models/meshes/stl_files/motor_mount.stl -> /home/kaust/Desktop/GustGurus-Drone-Project/crazyflie_simulation/install/crazyflie_gazebo/share/crazyflie_gazebo/models/meshes/stl_files
creating /home/kaust/Desktop/GustGurus-Drone-Project/crazyflie_simulation/install/crazyflie_gazebo/share/crazyflie_gazebo/models/meshes/collada_files
copying models/meshes/collada_files/cw_prop.dae -> /home/kaust/Desktop/GustGurus-Drone-Project/crazyflie_simulation/install/crazyflie_gazebo/share/crazyflie_gazebo/models/meshes/collada_files
copying models/meshes/collada_files/cf2_assembly.dae -> /home/kaust/Desktop/GustGurus-Drone-Project/crazyflie_simulation/install/crazyflie_gazebo/share/crazyflie_gazebo/models/meshes/collada_files
copying models/meshes/collada_files/ccw_prop.dae -> /home/kaust/Desktop/GustGurus-Drone-Project/crazyflie_simulation/install/crazyflie_gazebo/share/crazyflie_gazebo/models/meshes/collada_files
copying models/meshes/collada_files/cf2_assembly_with_props.dae -> /home/kaust/Desktop/GustGurus-Drone-Project/crazyflie_simulation/install/crazyflie_gazebo/share/crazyflie_gazebo/models/meshes/collada_files
running install_egg_info
Copying ../../build/crazyflie_gazebo/crazyflie_gazebo.egg-info to /home/kaust/Desktop/GustGurus-Drone-Project/crazyflie_simulation/install/crazyflie_gazebo/lib/python3.10/site-packages/crazyflie_gazebo-1.0.0-py3.10.egg-info
running install_scripts
Installing control_services script to /home/kaust/Desktop/GustGurus-Drone-Project/crazyflie_simulation/install/crazyflie_gazebo/lib/crazyflie_gazebo
writing list of installed files to '/home/kaust/Desktop/GustGurus-Drone-Project/crazyflie_simulation/build/crazyflie_gazebo/install.log'
