[1.040s] Invoking command in '/home/denis/Desktop/crazyflie_ws/src/crazyflie_gazebo': PS1=(crazyflie_ros) \[\e]0;\u@\h: \w\a\]${debian_chroot:+($debian_chroot)}\[\033[01;32m\]\u@\h\[\033[00m\]:\[\033[01;34m\]\w\[\033[00m\]\$ PYTHONPATH=/home/denis/Desktop/crazyflie_ws/build/crazyflie_gazebo/prefix_override:/usr/lib/python3/dist-packages/colcon_core/task/python/colcon_distutils_commands:/home/denis/Desktop/crazyflie_ws/install/crazyflie_gazebo/lib/python3.10/site-packages:${PYTHONPATH} VIRTUAL_ENV_PROMPT=(crazyflie_ros) /usr/bin/python3 -W ignore:setup.py install is deprecated setup.py egg_info --egg-base ../../build/crazyflie_gazebo build --build-base /home/denis/Desktop/crazyflie_ws/build/crazyflie_gazebo/build install --record /home/denis/Desktop/crazyflie_ws/build/crazyflie_gazebo/install.log --single-version-externally-managed install_data
[1.339s] running egg_info
[1.342s] creating ../../build/crazyflie_gazebo/crazyflie_gazebo.egg-info
[1.342s] writing ../../build/crazyflie_gazebo/crazyflie_gazebo.egg-info/PKG-INFO
[1.343s] writing dependency_links to ../../build/crazyflie_gazebo/crazyflie_gazebo.egg-info/dependency_links.txt
[1.343s] writing entry points to ../../build/crazyflie_gazebo/crazyflie_gazebo.egg-info/entry_points.txt
[1.343s] writing requirements to ../../build/crazyflie_gazebo/crazyflie_gazebo.egg-info/requires.txt
[1.344s] writing top-level names to ../../build/crazyflie_gazebo/crazyflie_gazebo.egg-info/top_level.txt
[1.345s] writing manifest file '../../build/crazyflie_gazebo/crazyflie_gazebo.egg-info/SOURCES.txt'
[1.346s] reading manifest file '../../build/crazyflie_gazebo/crazyflie_gazebo.egg-info/SOURCES.txt'
[1.346s] writing manifest file '../../build/crazyflie_gazebo/crazyflie_gazebo.egg-info/SOURCES.txt'
[1.347s] running build
[1.348s] running build_py
[1.348s] creating /home/denis/Desktop/crazyflie_ws/build/crazyflie_gazebo/build
[1.349s] creating /home/denis/Desktop/crazyflie_ws/build/crazyflie_gazebo/build/lib
[1.349s] creating /home/denis/Desktop/crazyflie_ws/build/crazyflie_gazebo/build/lib/crazyflie_gazebo
[1.350s] copying crazyflie_gazebo/__init__.py -> /home/denis/Desktop/crazyflie_ws/build/crazyflie_gazebo/build/lib/crazyflie_gazebo
[1.351s] copying crazyflie_gazebo/control_services.py -> /home/denis/Desktop/crazyflie_ws/build/crazyflie_gazebo/build/lib/crazyflie_gazebo
[1.351s] running install
[1.351s] running install_lib
[1.352s] creating /home/denis/Desktop/crazyflie_ws/install/crazyflie_gazebo/lib/python3.10/site-packages/crazyflie_gazebo
[1.352s] copying /home/denis/Desktop/crazyflie_ws/build/crazyflie_gazebo/build/lib/crazyflie_gazebo/__init__.py -> /home/denis/Desktop/crazyflie_ws/install/crazyflie_gazebo/lib/python3.10/site-packages/crazyflie_gazebo
[1.355s] copying /home/denis/Desktop/crazyflie_ws/build/crazyflie_gazebo/build/lib/crazyflie_gazebo/control_services.py -> /home/denis/Desktop/crazyflie_ws/install/crazyflie_gazebo/lib/python3.10/site-packages/crazyflie_gazebo
[1.356s] byte-compiling /home/denis/Desktop/crazyflie_ws/install/crazyflie_gazebo/lib/python3.10/site-packages/crazyflie_gazebo/__init__.py to __init__.cpython-310.pyc
[1.356s] byte-compiling /home/denis/Desktop/crazyflie_ws/install/crazyflie_gazebo/lib/python3.10/site-packages/crazyflie_gazebo/control_services.py to control_services.cpython-310.pyc
[1.356s] running install_data
[1.357s] creating /home/denis/Desktop/crazyflie_ws/install/crazyflie_gazebo/share/ament_index
[1.358s] creating /home/denis/Desktop/crazyflie_ws/install/crazyflie_gazebo/share/ament_index/resource_index
[1.359s] creating /home/denis/Desktop/crazyflie_ws/install/crazyflie_gazebo/share/ament_index/resource_index/packages
[1.359s] copying resource/crazyflie_gazebo -> /home/denis/Desktop/crazyflie_ws/install/crazyflie_gazebo/share/ament_index/resource_index/packages
[1.359s] copying package.xml -> /home/denis/Desktop/crazyflie_ws/install/crazyflie_gazebo/share/crazyflie_gazebo
[1.359s] creating /home/denis/Desktop/crazyflie_ws/install/crazyflie_gazebo/share/crazyflie_gazebo/launch
[1.360s] copying launch/crazyflie_gazebo.launch.py -> /home/denis/Desktop/crazyflie_ws/install/crazyflie_gazebo/share/crazyflie_gazebo/launch
[1.361s] creating /home/denis/Desktop/crazyflie_ws/install/crazyflie_gazebo/share/crazyflie_gazebo/config
[1.363s] copying config/ros_gz_crazyflie_bridge.yaml -> /home/denis/Desktop/crazyflie_ws/install/crazyflie_gazebo/share/crazyflie_gazebo/config
[1.364s] running install_egg_info
[1.364s] Copying ../../build/crazyflie_gazebo/crazyflie_gazebo.egg-info to /home/denis/Desktop/crazyflie_ws/install/crazyflie_gazebo/lib/python3.10/site-packages/crazyflie_gazebo-0.0.0-py3.10.egg-info
[1.364s] running install_scripts
[1.388s] Installing control_services script to /home/denis/Desktop/crazyflie_ws/install/crazyflie_gazebo/lib/crazyflie_gazebo
[1.390s] writing list of installed files to '/home/denis/Desktop/crazyflie_ws/build/crazyflie_gazebo/install.log'
[1.419s] Invoked command in '/home/denis/Desktop/crazyflie_ws/src/crazyflie_gazebo' returned '0': PS1=(crazyflie_ros) \[\e]0;\u@\h: \w\a\]${debian_chroot:+($debian_chroot)}\[\033[01;32m\]\u@\h\[\033[00m\]:\[\033[01;34m\]\w\[\033[00m\]\$ PYTHONPATH=/home/denis/Desktop/crazyflie_ws/build/crazyflie_gazebo/prefix_override:/usr/lib/python3/dist-packages/colcon_core/task/python/colcon_distutils_commands:/home/denis/Desktop/crazyflie_ws/install/crazyflie_gazebo/lib/python3.10/site-packages:${PYTHONPATH} VIRTUAL_ENV_PROMPT=(crazyflie_ros) /usr/bin/python3 -W ignore:setup.py install is deprecated setup.py egg_info --egg-base ../../build/crazyflie_gazebo build --build-base /home/denis/Desktop/crazyflie_ws/build/crazyflie_gazebo/build install --record /home/denis/Desktop/crazyflie_ws/build/crazyflie_gazebo/install.log --single-version-externally-managed install_data
