[0.074s] DEBUG:colcon:Command line arguments: ['/usr/bin/colcon', 'build']
[0.074s] DEBUG:colcon:Parsed command line arguments: Namespace(log_base=None, log_level=None, verb_name='build', build_base='build', install_base='install', merge_install=False, symlink_install=False, test_result_base=None, continue_on_error=False, executor='parallel', parallel_workers=16, event_handlers=None, ignore_user_meta=False, metas=['./colcon.meta'], base_paths=['.'], packages_ignore=None, packages_ignore_regex=None, paths=None, packages_up_to=None, packages_up_to_regex=None, packages_above=None, packages_above_and_dependencies=None, packages_above_depth=None, packages_select_by_dep=None, packages_skip_by_dep=None, packages_skip_up_to=None, packages_select_build_failed=False, packages_skip_build_finished=False, packages_select_test_failures=False, packages_skip_test_passed=False, packages_select=None, packages_skip=None, packages_select_regex=None, packages_skip_regex=None, packages_start=None, packages_end=None, allow_overriding=[], cmake_args=None, cmake_target=None, cmake_target_skip_unavailable=False, cmake_clean_cache=False, cmake_clean_first=False, cmake_force_configure=False, ament_cmake_args=None, catkin_cmake_args=None, catkin_skip_building_tests=False, verb_parser=<colcon_defaults.argument_parser.defaults.DefaultArgumentsDecorator object at 0x7d67b9503f10>, verb_extension=<colcon_core.verb.build.BuildVerb object at 0x7d67b95039d0>, main=<bound method BuildVerb.main of <colcon_core.verb.build.BuildVerb object at 0x7d67b95039d0>>)
[0.196s] Level 1:colcon.colcon_core.package_discovery:discover_packages(colcon_meta) check parameters
[0.196s] Level 1:colcon.colcon_core.package_discovery:discover_packages(recursive) check parameters
[0.196s] Level 1:colcon.colcon_core.package_discovery:discover_packages(ignore) check parameters
[0.196s] Level 1:colcon.colcon_core.package_discovery:discover_packages(path) check parameters
[0.196s] Level 1:colcon.colcon_core.package_discovery:discover_packages(colcon_meta) discover
[0.196s] Level 1:colcon.colcon_core.package_discovery:discover_packages(recursive) discover
[0.196s] INFO:colcon.colcon_core.package_discovery:Crawling recursively for packages in '/home/kaust/Desktop/GustGurus-Drone-Project/crazyflie_simulation'
[0.196s] Level 1:colcon.colcon_core.package_identification:_identify(.) by extensions ['ignore', 'ignore_ament_install']
[0.196s] Level 1:colcon.colcon_core.package_identification:_identify(.) by extension 'ignore'
[0.196s] Level 1:colcon.colcon_core.package_identification:_identify(.) by extension 'ignore_ament_install'
[0.196s] Level 1:colcon.colcon_core.package_identification:_identify(.) by extensions ['colcon_pkg']
[0.196s] Level 1:colcon.colcon_core.package_identification:_identify(.) by extension 'colcon_pkg'
[0.196s] Level 1:colcon.colcon_core.package_identification:_identify(.) by extensions ['colcon_meta']
[0.196s] Level 1:colcon.colcon_core.package_identification:_identify(.) by extension 'colcon_meta'
[0.197s] Level 1:colcon.colcon_core.package_identification:_identify(.) by extensions ['ros']
[0.197s] Level 1:colcon.colcon_core.package_identification:_identify(.) by extension 'ros'
[0.205s] Level 1:colcon.colcon_core.package_identification:_identify(.) by extensions ['cmake', 'python']
[0.205s] Level 1:colcon.colcon_core.package_identification:_identify(.) by extension 'cmake'
[0.205s] Level 1:colcon.colcon_core.package_identification:_identify(.) by extension 'python'
[0.205s] Level 1:colcon.colcon_core.package_identification:_identify(.) by extensions ['python_setup_py']
[0.205s] Level 1:colcon.colcon_core.package_identification:_identify(.) by extension 'python_setup_py'
[0.205s] Level 1:colcon.colcon_core.package_identification:_identify(build) by extensions ['ignore', 'ignore_ament_install']
[0.205s] Level 1:colcon.colcon_core.package_identification:_identify(build) by extension 'ignore'
[0.205s] Level 1:colcon.colcon_core.package_identification:_identify(build) ignored
[0.205s] Level 1:colcon.colcon_core.package_identification:_identify(install) by extensions ['ignore', 'ignore_ament_install']
[0.206s] Level 1:colcon.colcon_core.package_identification:_identify(install) by extension 'ignore'
[0.206s] Level 1:colcon.colcon_core.package_identification:_identify(install) ignored
[0.206s] Level 1:colcon.colcon_core.package_identification:_identify(log) by extensions ['ignore', 'ignore_ament_install']
[0.206s] Level 1:colcon.colcon_core.package_identification:_identify(log) by extension 'ignore'
[0.206s] Level 1:colcon.colcon_core.package_identification:_identify(log) ignored
[0.206s] Level 1:colcon.colcon_core.package_identification:_identify(plugins) by extensions ['ignore', 'ignore_ament_install']
[0.206s] Level 1:colcon.colcon_core.package_identification:_identify(plugins) by extension 'ignore'
[0.206s] Level 1:colcon.colcon_core.package_identification:_identify(plugins) by extension 'ignore_ament_install'
[0.206s] Level 1:colcon.colcon_core.package_identification:_identify(plugins) by extensions ['colcon_pkg']
[0.206s] Level 1:colcon.colcon_core.package_identification:_identify(plugins) by extension 'colcon_pkg'
[0.206s] Level 1:colcon.colcon_core.package_identification:_identify(plugins) by extensions ['colcon_meta']
[0.206s] Level 1:colcon.colcon_core.package_identification:_identify(plugins) by extension 'colcon_meta'
[0.206s] Level 1:colcon.colcon_core.package_identification:_identify(plugins) by extensions ['ros']
[0.206s] Level 1:colcon.colcon_core.package_identification:_identify(plugins) by extension 'ros'
[0.206s] Level 1:colcon.colcon_core.package_identification:_identify(plugins) by extensions ['cmake', 'python']
[0.206s] Level 1:colcon.colcon_core.package_identification:_identify(plugins) by extension 'cmake'
[0.206s] Level 1:colcon.colcon_core.package_identification:_identify(plugins) by extension 'python'
[0.206s] Level 1:colcon.colcon_core.package_identification:_identify(plugins) by extensions ['python_setup_py']
[0.206s] Level 1:colcon.colcon_core.package_identification:_identify(plugins) by extension 'python_setup_py'
[0.206s] Level 1:colcon.colcon_core.package_identification:_identify(src) by extensions ['ignore', 'ignore_ament_install']
[0.206s] Level 1:colcon.colcon_core.package_identification:_identify(src) by extension 'ignore'
[0.206s] Level 1:colcon.colcon_core.package_identification:_identify(src) by extension 'ignore_ament_install'
[0.206s] Level 1:colcon.colcon_core.package_identification:_identify(src) by extensions ['colcon_pkg']
[0.207s] Level 1:colcon.colcon_core.package_identification:_identify(src) by extension 'colcon_pkg'
[0.207s] Level 1:colcon.colcon_core.package_identification:_identify(src) by extensions ['colcon_meta']
[0.207s] Level 1:colcon.colcon_core.package_identification:_identify(src) by extension 'colcon_meta'
[0.207s] Level 1:colcon.colcon_core.package_identification:_identify(src) by extensions ['ros']
[0.207s] Level 1:colcon.colcon_core.package_identification:_identify(src) by extension 'ros'
[0.207s] Level 1:colcon.colcon_core.package_identification:_identify(src) by extensions ['cmake', 'python']
[0.207s] Level 1:colcon.colcon_core.package_identification:_identify(src) by extension 'cmake'
[0.207s] Level 1:colcon.colcon_core.package_identification:_identify(src) by extension 'python'
[0.207s] Level 1:colcon.colcon_core.package_identification:_identify(src) by extensions ['python_setup_py']
[0.207s] Level 1:colcon.colcon_core.package_identification:_identify(src) by extension 'python_setup_py'
[0.207s] Level 1:colcon.colcon_core.package_identification:_identify(src/build) by extensions ['ignore', 'ignore_ament_install']
[0.207s] Level 1:colcon.colcon_core.package_identification:_identify(src/build) by extension 'ignore'
[0.207s] Level 1:colcon.colcon_core.package_identification:_identify(src/build) ignored
[0.207s] Level 1:colcon.colcon_core.package_identification:_identify(src/controllers) by extensions ['ignore', 'ignore_ament_install']
[0.207s] Level 1:colcon.colcon_core.package_identification:_identify(src/controllers) by extension 'ignore'
[0.207s] Level 1:colcon.colcon_core.package_identification:_identify(src/controllers) by extension 'ignore_ament_install'
[0.207s] Level 1:colcon.colcon_core.package_identification:_identify(src/controllers) by extensions ['colcon_pkg']
[0.207s] Level 1:colcon.colcon_core.package_identification:_identify(src/controllers) by extension 'colcon_pkg'
[0.207s] Level 1:colcon.colcon_core.package_identification:_identify(src/controllers) by extensions ['colcon_meta']
[0.207s] Level 1:colcon.colcon_core.package_identification:_identify(src/controllers) by extension 'colcon_meta'
[0.207s] Level 1:colcon.colcon_core.package_identification:_identify(src/controllers) by extensions ['ros']
[0.207s] Level 1:colcon.colcon_core.package_identification:_identify(src/controllers) by extension 'ros'
[0.209s] DEBUG:colcon.colcon_core.package_identification:Package 'src/controllers' with type 'ros.ament_python' and name 'controllers'
[0.209s] Level 1:colcon.colcon_core.package_identification:_identify(src/cpp_controllers) by extensions ['ignore', 'ignore_ament_install']
[0.209s] Level 1:colcon.colcon_core.package_identification:_identify(src/cpp_controllers) by extension 'ignore'
[0.209s] Level 1:colcon.colcon_core.package_identification:_identify(src/cpp_controllers) by extension 'ignore_ament_install'
[0.209s] Level 1:colcon.colcon_core.package_identification:_identify(src/cpp_controllers) by extensions ['colcon_pkg']
[0.209s] Level 1:colcon.colcon_core.package_identification:_identify(src/cpp_controllers) by extension 'colcon_pkg'
[0.210s] Level 1:colcon.colcon_core.package_identification:_identify(src/cpp_controllers) by extensions ['colcon_meta']
[0.210s] Level 1:colcon.colcon_core.package_identification:_identify(src/cpp_controllers) by extension 'colcon_meta'
[0.210s] Level 1:colcon.colcon_core.package_identification:_identify(src/cpp_controllers) by extensions ['ros']
[0.210s] Level 1:colcon.colcon_core.package_identification:_identify(src/cpp_controllers) by extension 'ros'
[0.210s] DEBUG:colcon.colcon_core.package_identification:Package 'src/cpp_controllers' with type 'ros.ament_cmake' and name 'cpp_controllers'
[0.210s] Level 1:colcon.colcon_core.package_identification:_identify(src/crazyflie_gazebo) by extensions ['ignore', 'ignore_ament_install']
[0.210s] Level 1:colcon.colcon_core.package_identification:_identify(src/crazyflie_gazebo) by extension 'ignore'
[0.210s] Level 1:colcon.colcon_core.package_identification:_identify(src/crazyflie_gazebo) by extension 'ignore_ament_install'
[0.210s] Level 1:colcon.colcon_core.package_identification:_identify(src/crazyflie_gazebo) by extensions ['colcon_pkg']
[0.210s] Level 1:colcon.colcon_core.package_identification:_identify(src/crazyflie_gazebo) by extension 'colcon_pkg'
[0.210s] Level 1:colcon.colcon_core.package_identification:_identify(src/crazyflie_gazebo) by extensions ['colcon_meta']
[0.210s] Level 1:colcon.colcon_core.package_identification:_identify(src/crazyflie_gazebo) by extension 'colcon_meta'
[0.210s] Level 1:colcon.colcon_core.package_identification:_identify(src/crazyflie_gazebo) by extensions ['ros']
[0.210s] Level 1:colcon.colcon_core.package_identification:_identify(src/crazyflie_gazebo) by extension 'ros'
[0.211s] DEBUG:colcon.colcon_core.package_identification:Package 'src/crazyflie_gazebo' with type 'ros.ament_python' and name 'crazyflie_gazebo'
[0.211s] Level 1:colcon.colcon_core.package_identification:_identify(src/install) by extensions ['ignore', 'ignore_ament_install']
[0.211s] Level 1:colcon.colcon_core.package_identification:_identify(src/install) by extension 'ignore'
[0.211s] Level 1:colcon.colcon_core.package_identification:_identify(src/install) ignored
[0.211s] Level 1:colcon.colcon_core.package_identification:_identify(src/log) by extensions ['ignore', 'ignore_ament_install']
[0.211s] Level 1:colcon.colcon_core.package_identification:_identify(src/log) by extension 'ignore'
[0.211s] Level 1:colcon.colcon_core.package_identification:_identify(src/log) ignored
[0.211s] Level 1:colcon.colcon_core.package_discovery:discover_packages(recursive) using defaults
[0.211s] Level 1:colcon.colcon_core.package_discovery:discover_packages(ignore) discover
[0.211s] Level 1:colcon.colcon_core.package_discovery:discover_packages(ignore) using defaults
[0.211s] Level 1:colcon.colcon_core.package_discovery:discover_packages(path) discover
[0.211s] Level 1:colcon.colcon_core.package_discovery:discover_packages(path) using defaults
[0.238s] Level 1:colcon.colcon_core.package_discovery:discover_packages(prefix_path) check parameters
[0.238s] Level 1:colcon.colcon_core.package_discovery:discover_packages(prefix_path) discover
[0.239s] DEBUG:colcon.colcon_installed_package_information.package_discovery:Found 3 installed packages in /home/kaust/Desktop/GustGurus-Drone-Project/crazyflie_simulation/install
[0.240s] DEBUG:colcon.colcon_installed_package_information.package_discovery:Found 288 installed packages in /opt/ros/humble
[0.241s] Level 1:colcon.colcon_core.package_discovery:discover_packages(prefix_path) using defaults
[0.269s] Level 5:colcon.colcon_core.verb:set package 'controllers' build argument 'cmake_args' from command line to 'None'
[0.269s] Level 5:colcon.colcon_core.verb:set package 'controllers' build argument 'cmake_target' from command line to 'None'
[0.269s] Level 5:colcon.colcon_core.verb:set package 'controllers' build argument 'cmake_target_skip_unavailable' from command line to 'False'
[0.269s] Level 5:colcon.colcon_core.verb:set package 'controllers' build argument 'cmake_clean_cache' from command line to 'False'
[0.269s] Level 5:colcon.colcon_core.verb:set package 'controllers' build argument 'cmake_clean_first' from command line to 'False'
[0.269s] Level 5:colcon.colcon_core.verb:set package 'controllers' build argument 'cmake_force_configure' from command line to 'False'
[0.269s] Level 5:colcon.colcon_core.verb:set package 'controllers' build argument 'ament_cmake_args' from command line to 'None'
[0.269s] Level 5:colcon.colcon_core.verb:set package 'controllers' build argument 'catkin_cmake_args' from command line to 'None'
[0.269s] Level 5:colcon.colcon_core.verb:set package 'controllers' build argument 'catkin_skip_building_tests' from command line to 'False'
[0.269s] DEBUG:colcon.colcon_core.verb:Building package 'controllers' with the following arguments: {'ament_cmake_args': None, 'build_base': '/home/kaust/Desktop/GustGurus-Drone-Project/crazyflie_simulation/build/controllers', 'catkin_cmake_args': None, 'catkin_skip_building_tests': False, 'cmake_args': None, 'cmake_clean_cache': False, 'cmake_clean_first': False, 'cmake_force_configure': False, 'cmake_target': None, 'cmake_target_skip_unavailable': False, 'install_base': '/home/kaust/Desktop/GustGurus-Drone-Project/crazyflie_simulation/install/controllers', 'merge_install': False, 'path': '/home/kaust/Desktop/GustGurus-Drone-Project/crazyflie_simulation/src/controllers', 'symlink_install': False, 'test_result_base': None}
[0.270s] Level 5:colcon.colcon_core.verb:set package 'cpp_controllers' build argument 'cmake_args' from command line to 'None'
[0.270s] Level 5:colcon.colcon_core.verb:set package 'cpp_controllers' build argument 'cmake_target' from command line to 'None'
[0.270s] Level 5:colcon.colcon_core.verb:set package 'cpp_controllers' build argument 'cmake_target_skip_unavailable' from command line to 'False'
[0.270s] Level 5:colcon.colcon_core.verb:set package 'cpp_controllers' build argument 'cmake_clean_cache' from command line to 'False'
[0.270s] Level 5:colcon.colcon_core.verb:set package 'cpp_controllers' build argument 'cmake_clean_first' from command line to 'False'
[0.270s] Level 5:colcon.colcon_core.verb:set package 'cpp_controllers' build argument 'cmake_force_configure' from command line to 'False'
[0.270s] Level 5:colcon.colcon_core.verb:set package 'cpp_controllers' build argument 'ament_cmake_args' from command line to 'None'
[0.270s] Level 5:colcon.colcon_core.verb:set package 'cpp_controllers' build argument 'catkin_cmake_args' from command line to 'None'
[0.270s] Level 5:colcon.colcon_core.verb:set package 'cpp_controllers' build argument 'catkin_skip_building_tests' from command line to 'False'
[0.270s] DEBUG:colcon.colcon_core.verb:Building package 'cpp_controllers' with the following arguments: {'ament_cmake_args': None, 'build_base': '/home/kaust/Desktop/GustGurus-Drone-Project/crazyflie_simulation/build/cpp_controllers', 'catkin_cmake_args': None, 'catkin_skip_building_tests': False, 'cmake_args': None, 'cmake_clean_cache': False, 'cmake_clean_first': False, 'cmake_force_configure': False, 'cmake_target': None, 'cmake_target_skip_unavailable': False, 'install_base': '/home/kaust/Desktop/GustGurus-Drone-Project/crazyflie_simulation/install/cpp_controllers', 'merge_install': False, 'path': '/home/kaust/Desktop/GustGurus-Drone-Project/crazyflie_simulation/src/cpp_controllers', 'symlink_install': False, 'test_result_base': None}
[0.270s] Level 5:colcon.colcon_core.verb:set package 'crazyflie_gazebo' build argument 'cmake_args' from command line to 'None'
[0.270s] Level 5:colcon.colcon_core.verb:set package 'crazyflie_gazebo' build argument 'cmake_target' from command line to 'None'
[0.270s] Level 5:colcon.colcon_core.verb:set package 'crazyflie_gazebo' build argument 'cmake_target_skip_unavailable' from command line to 'False'
[0.270s] Level 5:colcon.colcon_core.verb:set package 'crazyflie_gazebo' build argument 'cmake_clean_cache' from command line to 'False'
[0.270s] Level 5:colcon.colcon_core.verb:set package 'crazyflie_gazebo' build argument 'cmake_clean_first' from command line to 'False'
[0.270s] Level 5:colcon.colcon_core.verb:set package 'crazyflie_gazebo' build argument 'cmake_force_configure' from command line to 'False'
[0.270s] Level 5:colcon.colcon_core.verb:set package 'crazyflie_gazebo' build argument 'ament_cmake_args' from command line to 'None'
[0.270s] Level 5:colcon.colcon_core.verb:set package 'crazyflie_gazebo' build argument 'catkin_cmake_args' from command line to 'None'
[0.270s] Level 5:colcon.colcon_core.verb:set package 'crazyflie_gazebo' build argument 'catkin_skip_building_tests' from command line to 'False'
[0.270s] DEBUG:colcon.colcon_core.verb:Building package 'crazyflie_gazebo' with the following arguments: {'ament_cmake_args': None, 'build_base': '/home/kaust/Desktop/GustGurus-Drone-Project/crazyflie_simulation/build/crazyflie_gazebo', 'catkin_cmake_args': None, 'catkin_skip_building_tests': False, 'cmake_args': None, 'cmake_clean_cache': False, 'cmake_clean_first': False, 'cmake_force_configure': False, 'cmake_target': None, 'cmake_target_skip_unavailable': False, 'install_base': '/home/kaust/Desktop/GustGurus-Drone-Project/crazyflie_simulation/install/crazyflie_gazebo', 'merge_install': False, 'path': '/home/kaust/Desktop/GustGurus-Drone-Project/crazyflie_simulation/src/crazyflie_gazebo', 'symlink_install': False, 'test_result_base': None}
[0.270s] INFO:colcon.colcon_core.executor:Executing jobs using 'parallel' executor
[0.271s] DEBUG:colcon.colcon_parallel_executor.executor.parallel:run_until_complete
[0.271s] INFO:colcon.colcon_ros.task.ament_python.build:Building ROS package in '/home/kaust/Desktop/GustGurus-Drone-Project/crazyflie_simulation/src/controllers' with build type 'ament_python'
[0.272s] Level 1:colcon.colcon_core.shell:create_environment_hook('controllers', 'ament_prefix_path')
[0.273s] INFO:colcon.colcon_core.plugin_system:Skipping extension 'colcon_core.shell.bat': Not used on non-Windows systems
[0.273s] INFO:colcon.colcon_core.shell:Creating environment hook '/home/kaust/Desktop/GustGurus-Drone-Project/crazyflie_simulation/install/controllers/share/controllers/hook/ament_prefix_path.ps1'
[0.274s] INFO:colcon.colcon_core.shell:Creating environment descriptor '/home/kaust/Desktop/GustGurus-Drone-Project/crazyflie_simulation/install/controllers/share/controllers/hook/ament_prefix_path.dsv'
[0.274s] INFO:colcon.colcon_core.shell:Creating environment hook '/home/kaust/Desktop/GustGurus-Drone-Project/crazyflie_simulation/install/controllers/share/controllers/hook/ament_prefix_path.sh'
[0.275s] INFO:colcon.colcon_core.shell:Skip shell extension 'powershell' for command environment: Not usable outside of PowerShell
[0.275s] DEBUG:colcon.colcon_core.shell:Skip shell extension 'dsv' for command environment
[0.277s] INFO:colcon.colcon_ros.task.ament_cmake.build:Building ROS package in '/home/kaust/Desktop/GustGurus-Drone-Project/crazyflie_simulation/src/cpp_controllers' with build type 'ament_cmake'
[0.278s] INFO:colcon.colcon_cmake.task.cmake.build:Building CMake package in '/home/kaust/Desktop/GustGurus-Drone-Project/crazyflie_simulation/src/cpp_controllers'
[0.278s] INFO:colcon.colcon_core.shell:Skip shell extension 'powershell' for command environment: Not usable outside of PowerShell
[0.278s] DEBUG:colcon.colcon_core.shell:Skip shell extension 'dsv' for command environment
[0.280s] INFO:colcon.colcon_ros.task.ament_python.build:Building ROS package in '/home/kaust/Desktop/GustGurus-Drone-Project/crazyflie_simulation/src/crazyflie_gazebo' with build type 'ament_python'
[0.280s] Level 1:colcon.colcon_core.shell:create_environment_hook('crazyflie_gazebo', 'ament_prefix_path')
[0.280s] INFO:colcon.colcon_core.shell:Creating environment hook '/home/kaust/Desktop/GustGurus-Drone-Project/crazyflie_simulation/install/crazyflie_gazebo/share/crazyflie_gazebo/hook/ament_prefix_path.ps1'
[0.280s] INFO:colcon.colcon_core.shell:Creating environment descriptor '/home/kaust/Desktop/GustGurus-Drone-Project/crazyflie_simulation/install/crazyflie_gazebo/share/crazyflie_gazebo/hook/ament_prefix_path.dsv'
[0.281s] INFO:colcon.colcon_core.shell:Creating environment hook '/home/kaust/Desktop/GustGurus-Drone-Project/crazyflie_simulation/install/crazyflie_gazebo/share/crazyflie_gazebo/hook/ament_prefix_path.sh'
[0.281s] INFO:colcon.colcon_core.shell:Skip shell extension 'powershell' for command environment: Not usable outside of PowerShell
[0.281s] DEBUG:colcon.colcon_core.shell:Skip shell extension 'dsv' for command environment
[0.473s] INFO:colcon.colcon_core.task.python.build:Building Python package in '/home/kaust/Desktop/GustGurus-Drone-Project/crazyflie_simulation/src/controllers'
[0.474s] INFO:colcon.colcon_core.shell:Skip shell extension 'powershell' for command environment: Not usable outside of PowerShell
[0.474s] DEBUG:colcon.colcon_core.shell:Skip shell extension 'dsv' for command environment
[0.480s] DEBUG:colcon.colcon_core.event_handler.log_command:Invoking command in '/home/kaust/Desktop/GustGurus-Drone-Project/crazyflie_simulation/build/cpp_controllers': CMAKE_PREFIX_PATH=${CMAKE_PREFIX_PATH}:/home/kaust/Desktop/GustGurus-Drone-Project/crazyflie_simulation/install/crazyflie_gazebo:/home/kaust/Desktop/GustGurus-Drone-Project/crazyflie_simulation/install/controllers:/opt/ros/humble CONDA_PROMPT_MODIFIER=(acsi2) /usr/bin/cmake --build /home/kaust/Desktop/GustGurus-Drone-Project/crazyflie_simulation/build/cpp_controllers -- -j16 -l16
[0.686s] INFO:colcon.colcon_core.task.python.build:Building Python package in '/home/kaust/Desktop/GustGurus-Drone-Project/crazyflie_simulation/src/crazyflie_gazebo'
[0.686s] INFO:colcon.colcon_core.shell:Skip shell extension 'powershell' for command environment: Not usable outside of PowerShell
[0.686s] DEBUG:colcon.colcon_core.shell:Skip shell extension 'dsv' for command environment
[0.938s] DEBUG:colcon.colcon_core.event_handler.log_command:Invoking command in '/home/kaust/Desktop/GustGurus-Drone-Project/crazyflie_simulation/src/crazyflie_gazebo': CONDA_PROMPT_MODIFIER=(acsi2) PYTHONPATH=/home/kaust/Desktop/GustGurus-Drone-Project/crazyflie_simulation/build/crazyflie_gazebo/prefix_override:/usr/lib/python3/dist-packages/colcon_core/task/python/colcon_distutils_commands:/home/kaust/Desktop/GustGurus-Drone-Project/crazyflie_simulation/install/crazyflie_gazebo/lib/python3.10/site-packages:${PYTHONPATH} /usr/bin/python3 -W ignore:setup.py install is deprecated setup.py egg_info --egg-base ../../build/crazyflie_gazebo build --build-base /home/kaust/Desktop/GustGurus-Drone-Project/crazyflie_simulation/build/crazyflie_gazebo/build install --record /home/kaust/Desktop/GustGurus-Drone-Project/crazyflie_simulation/build/crazyflie_gazebo/install.log --single-version-externally-managed install_data
[0.950s] DEBUG:colcon.colcon_core.event_handler.log_command:Invoking command in '/home/kaust/Desktop/GustGurus-Drone-Project/crazyflie_simulation/src/controllers': CONDA_PROMPT_MODIFIER=(acsi2) PYTHONPATH=/home/kaust/Desktop/GustGurus-Drone-Project/crazyflie_simulation/build/controllers/prefix_override:/usr/lib/python3/dist-packages/colcon_core/task/python/colcon_distutils_commands:/home/kaust/Desktop/GustGurus-Drone-Project/crazyflie_simulation/install/controllers/lib/python3.10/site-packages:${PYTHONPATH} /usr/bin/python3 -W ignore:setup.py install is deprecated setup.py egg_info --egg-base ../../build/controllers build --build-base /home/kaust/Desktop/GustGurus-Drone-Project/crazyflie_simulation/build/controllers/build install --record /home/kaust/Desktop/GustGurus-Drone-Project/crazyflie_simulation/build/controllers/install.log --single-version-externally-managed install_data
[1.163s] DEBUG:colcon.colcon_core.event_handler.log_command:Invoked command in '/home/kaust/Desktop/GustGurus-Drone-Project/crazyflie_simulation/src/crazyflie_gazebo' returned '0': CONDA_PROMPT_MODIFIER=(acsi2) PYTHONPATH=/home/kaust/Desktop/GustGurus-Drone-Project/crazyflie_simulation/build/crazyflie_gazebo/prefix_override:/usr/lib/python3/dist-packages/colcon_core/task/python/colcon_distutils_commands:/home/kaust/Desktop/GustGurus-Drone-Project/crazyflie_simulation/install/crazyflie_gazebo/lib/python3.10/site-packages:${PYTHONPATH} /usr/bin/python3 -W ignore:setup.py install is deprecated setup.py egg_info --egg-base ../../build/crazyflie_gazebo build --build-base /home/kaust/Desktop/GustGurus-Drone-Project/crazyflie_simulation/build/crazyflie_gazebo/build install --record /home/kaust/Desktop/GustGurus-Drone-Project/crazyflie_simulation/build/crazyflie_gazebo/install.log --single-version-externally-managed install_data
[1.165s] Level 1:colcon.colcon_core.environment:checking '/home/kaust/Desktop/GustGurus-Drone-Project/crazyflie_simulation/install/crazyflie_gazebo' for CMake module files
[1.165s] Level 1:colcon.colcon_core.environment:checking '/home/kaust/Desktop/GustGurus-Drone-Project/crazyflie_simulation/install/crazyflie_gazebo' for CMake config files
[1.166s] Level 1:colcon.colcon_core.environment:checking '/home/kaust/Desktop/GustGurus-Drone-Project/crazyflie_simulation/install/crazyflie_gazebo/lib'
[1.166s] Level 1:colcon.colcon_core.environment:checking '/home/kaust/Desktop/GustGurus-Drone-Project/crazyflie_simulation/install/crazyflie_gazebo/bin'
[1.166s] Level 1:colcon.colcon_core.environment:checking '/home/kaust/Desktop/GustGurus-Drone-Project/crazyflie_simulation/install/crazyflie_gazebo/lib/pkgconfig/crazyflie_gazebo.pc'
[1.167s] Level 1:colcon.colcon_core.environment:checking '/home/kaust/Desktop/GustGurus-Drone-Project/crazyflie_simulation/install/crazyflie_gazebo/lib/python3.10/site-packages'
[1.167s] Level 1:colcon.colcon_core.shell:create_environment_hook('crazyflie_gazebo', 'pythonpath')
[1.167s] INFO:colcon.colcon_core.shell:Creating environment hook '/home/kaust/Desktop/GustGurus-Drone-Project/crazyflie_simulation/install/crazyflie_gazebo/share/crazyflie_gazebo/hook/pythonpath.ps1'
[1.167s] INFO:colcon.colcon_core.shell:Creating environment descriptor '/home/kaust/Desktop/GustGurus-Drone-Project/crazyflie_simulation/install/crazyflie_gazebo/share/crazyflie_gazebo/hook/pythonpath.dsv'
[1.168s] INFO:colcon.colcon_core.shell:Creating environment hook '/home/kaust/Desktop/GustGurus-Drone-Project/crazyflie_simulation/install/crazyflie_gazebo/share/crazyflie_gazebo/hook/pythonpath.sh'
[1.168s] Level 1:colcon.colcon_core.environment:checking '/home/kaust/Desktop/GustGurus-Drone-Project/crazyflie_simulation/install/crazyflie_gazebo/bin'
[1.168s] Level 1:colcon.colcon_core.environment:create_environment_scripts_only(crazyflie_gazebo)
[1.168s] INFO:colcon.colcon_core.shell:Creating package script '/home/kaust/Desktop/GustGurus-Drone-Project/crazyflie_simulation/install/crazyflie_gazebo/share/crazyflie_gazebo/package.ps1'
[1.169s] INFO:colcon.colcon_core.shell:Creating package descriptor '/home/kaust/Desktop/GustGurus-Drone-Project/crazyflie_simulation/install/crazyflie_gazebo/share/crazyflie_gazebo/package.dsv'
[1.169s] INFO:colcon.colcon_core.shell:Creating package script '/home/kaust/Desktop/GustGurus-Drone-Project/crazyflie_simulation/install/crazyflie_gazebo/share/crazyflie_gazebo/package.sh'
[1.170s] INFO:colcon.colcon_core.shell:Creating package script '/home/kaust/Desktop/GustGurus-Drone-Project/crazyflie_simulation/install/crazyflie_gazebo/share/crazyflie_gazebo/package.bash'
[1.170s] INFO:colcon.colcon_core.shell:Creating package script '/home/kaust/Desktop/GustGurus-Drone-Project/crazyflie_simulation/install/crazyflie_gazebo/share/crazyflie_gazebo/package.zsh'
[1.171s] Level 1:colcon.colcon_core.environment:create_file_with_runtime_dependencies(/home/kaust/Desktop/GustGurus-Drone-Project/crazyflie_simulation/install/crazyflie_gazebo/share/colcon-core/packages/crazyflie_gazebo)
[1.177s] Level 1:colcon.colcon_core.environment:checking '/home/kaust/Desktop/GustGurus-Drone-Project/crazyflie_simulation/install/controllers' for CMake module files
[1.177s] DEBUG:colcon.colcon_core.event_handler.log_command:Invoked command in '/home/kaust/Desktop/GustGurus-Drone-Project/crazyflie_simulation/src/controllers' returned '0': CONDA_PROMPT_MODIFIER=(acsi2) PYTHONPATH=/home/kaust/Desktop/GustGurus-Drone-Project/crazyflie_simulation/build/controllers/prefix_override:/usr/lib/python3/dist-packages/colcon_core/task/python/colcon_distutils_commands:/home/kaust/Desktop/GustGurus-Drone-Project/crazyflie_simulation/install/controllers/lib/python3.10/site-packages:${PYTHONPATH} /usr/bin/python3 -W ignore:setup.py install is deprecated setup.py egg_info --egg-base ../../build/controllers build --build-base /home/kaust/Desktop/GustGurus-Drone-Project/crazyflie_simulation/build/controllers/build install --record /home/kaust/Desktop/GustGurus-Drone-Project/crazyflie_simulation/build/controllers/install.log --single-version-externally-managed install_data
[1.178s] Level 1:colcon.colcon_core.environment:checking '/home/kaust/Desktop/GustGurus-Drone-Project/crazyflie_simulation/install/controllers' for CMake config files
[1.178s] Level 1:colcon.colcon_core.environment:checking '/home/kaust/Desktop/GustGurus-Drone-Project/crazyflie_simulation/install/controllers/lib'
[1.178s] Level 1:colcon.colcon_core.environment:checking '/home/kaust/Desktop/GustGurus-Drone-Project/crazyflie_simulation/install/controllers/bin'
[1.178s] Level 1:colcon.colcon_core.environment:checking '/home/kaust/Desktop/GustGurus-Drone-Project/crazyflie_simulation/install/controllers/lib/pkgconfig/controllers.pc'
[1.178s] Level 1:colcon.colcon_core.environment:checking '/home/kaust/Desktop/GustGurus-Drone-Project/crazyflie_simulation/install/controllers/lib/python3.10/site-packages'
[1.178s] Level 1:colcon.colcon_core.shell:create_environment_hook('controllers', 'pythonpath')
[1.179s] INFO:colcon.colcon_core.shell:Creating environment hook '/home/kaust/Desktop/GustGurus-Drone-Project/crazyflie_simulation/install/controllers/share/controllers/hook/pythonpath.ps1'
[1.179s] INFO:colcon.colcon_core.shell:Creating environment descriptor '/home/kaust/Desktop/GustGurus-Drone-Project/crazyflie_simulation/install/controllers/share/controllers/hook/pythonpath.dsv'
[1.179s] INFO:colcon.colcon_core.shell:Creating environment hook '/home/kaust/Desktop/GustGurus-Drone-Project/crazyflie_simulation/install/controllers/share/controllers/hook/pythonpath.sh'
[1.180s] Level 1:colcon.colcon_core.environment:checking '/home/kaust/Desktop/GustGurus-Drone-Project/crazyflie_simulation/install/controllers/bin'
[1.180s] Level 1:colcon.colcon_core.environment:create_environment_scripts_only(controllers)
[1.180s] INFO:colcon.colcon_core.shell:Creating package script '/home/kaust/Desktop/GustGurus-Drone-Project/crazyflie_simulation/install/controllers/share/controllers/package.ps1'
[1.181s] INFO:colcon.colcon_core.shell:Creating package descriptor '/home/kaust/Desktop/GustGurus-Drone-Project/crazyflie_simulation/install/controllers/share/controllers/package.dsv'
[1.181s] INFO:colcon.colcon_core.shell:Creating package script '/home/kaust/Desktop/GustGurus-Drone-Project/crazyflie_simulation/install/controllers/share/controllers/package.sh'
[1.181s] INFO:colcon.colcon_core.shell:Creating package script '/home/kaust/Desktop/GustGurus-Drone-Project/crazyflie_simulation/install/controllers/share/controllers/package.bash'
[1.181s] INFO:colcon.colcon_core.shell:Creating package script '/home/kaust/Desktop/GustGurus-Drone-Project/crazyflie_simulation/install/controllers/share/controllers/package.zsh'
[1.182s] Level 1:colcon.colcon_core.environment:create_file_with_runtime_dependencies(/home/kaust/Desktop/GustGurus-Drone-Project/crazyflie_simulation/install/controllers/share/colcon-core/packages/controllers)
[7.581s] DEBUG:colcon.colcon_core.event_handler.log_command:Invoked command in '/home/kaust/Desktop/GustGurus-Drone-Project/crazyflie_simulation/build/cpp_controllers' returned '0': CMAKE_PREFIX_PATH=${CMAKE_PREFIX_PATH}:/home/kaust/Desktop/GustGurus-Drone-Project/crazyflie_simulation/install/crazyflie_gazebo:/home/kaust/Desktop/GustGurus-Drone-Project/crazyflie_simulation/install/controllers:/opt/ros/humble CONDA_PROMPT_MODIFIER=(acsi2) /usr/bin/cmake --build /home/kaust/Desktop/GustGurus-Drone-Project/crazyflie_simulation/build/cpp_controllers -- -j16 -l16
[7.620s] DEBUG:colcon.colcon_core.event_handler.log_command:Invoking command in '/home/kaust/Desktop/GustGurus-Drone-Project/crazyflie_simulation/build/cpp_controllers': CMAKE_PREFIX_PATH=${CMAKE_PREFIX_PATH}:/home/kaust/Desktop/GustGurus-Drone-Project/crazyflie_simulation/install/crazyflie_gazebo:/home/kaust/Desktop/GustGurus-Drone-Project/crazyflie_simulation/install/controllers:/opt/ros/humble CONDA_PROMPT_MODIFIER=(acsi2) /usr/bin/cmake --install /home/kaust/Desktop/GustGurus-Drone-Project/crazyflie_simulation/build/cpp_controllers
[7.633s] Level 1:colcon.colcon_core.environment:create_environment_scripts_only(cpp_controllers)
[7.633s] Level 1:colcon.colcon_core.environment:checking '/home/kaust/Desktop/GustGurus-Drone-Project/crazyflie_simulation/install/cpp_controllers' for CMake module files
[7.634s] DEBUG:colcon.colcon_core.event_handler.log_command:Invoked command in '/home/kaust/Desktop/GustGurus-Drone-Project/crazyflie_simulation/build/cpp_controllers' returned '0': CMAKE_PREFIX_PATH=${CMAKE_PREFIX_PATH}:/home/kaust/Desktop/GustGurus-Drone-Project/crazyflie_simulation/install/crazyflie_gazebo:/home/kaust/Desktop/GustGurus-Drone-Project/crazyflie_simulation/install/controllers:/opt/ros/humble CONDA_PROMPT_MODIFIER=(acsi2) /usr/bin/cmake --install /home/kaust/Desktop/GustGurus-Drone-Project/crazyflie_simulation/build/cpp_controllers
[7.634s] Level 1:colcon.colcon_core.environment:checking '/home/kaust/Desktop/GustGurus-Drone-Project/crazyflie_simulation/install/cpp_controllers' for CMake config files
[7.634s] Level 1:colcon.colcon_core.shell:create_environment_hook('cpp_controllers', 'cmake_prefix_path')
[7.634s] INFO:colcon.colcon_core.shell:Creating environment hook '/home/kaust/Desktop/GustGurus-Drone-Project/crazyflie_simulation/install/cpp_controllers/share/cpp_controllers/hook/cmake_prefix_path.ps1'
[7.635s] INFO:colcon.colcon_core.shell:Creating environment descriptor '/home/kaust/Desktop/GustGurus-Drone-Project/crazyflie_simulation/install/cpp_controllers/share/cpp_controllers/hook/cmake_prefix_path.dsv'
[7.635s] INFO:colcon.colcon_core.shell:Creating environment hook '/home/kaust/Desktop/GustGurus-Drone-Project/crazyflie_simulation/install/cpp_controllers/share/cpp_controllers/hook/cmake_prefix_path.sh'
[7.635s] Level 1:colcon.colcon_core.environment:checking '/home/kaust/Desktop/GustGurus-Drone-Project/crazyflie_simulation/install/cpp_controllers/lib'
[7.635s] Level 1:colcon.colcon_core.environment:checking '/home/kaust/Desktop/GustGurus-Drone-Project/crazyflie_simulation/install/cpp_controllers/bin'
[7.635s] Level 1:colcon.colcon_core.environment:checking '/home/kaust/Desktop/GustGurus-Drone-Project/crazyflie_simulation/install/cpp_controllers/lib/pkgconfig/cpp_controllers.pc'
[7.636s] Level 1:colcon.colcon_core.environment:checking '/home/kaust/Desktop/GustGurus-Drone-Project/crazyflie_simulation/install/cpp_controllers/lib/python3.10/site-packages'
[7.636s] Level 1:colcon.colcon_core.environment:checking '/home/kaust/Desktop/GustGurus-Drone-Project/crazyflie_simulation/install/cpp_controllers/bin'
[7.636s] INFO:colcon.colcon_core.shell:Creating package script '/home/kaust/Desktop/GustGurus-Drone-Project/crazyflie_simulation/install/cpp_controllers/share/cpp_controllers/package.ps1'
[7.636s] INFO:colcon.colcon_core.shell:Creating package descriptor '/home/kaust/Desktop/GustGurus-Drone-Project/crazyflie_simulation/install/cpp_controllers/share/cpp_controllers/package.dsv'
[7.637s] INFO:colcon.colcon_core.shell:Creating package script '/home/kaust/Desktop/GustGurus-Drone-Project/crazyflie_simulation/install/cpp_controllers/share/cpp_controllers/package.sh'
[7.637s] INFO:colcon.colcon_core.shell:Creating package script '/home/kaust/Desktop/GustGurus-Drone-Project/crazyflie_simulation/install/cpp_controllers/share/cpp_controllers/package.bash'
[7.637s] INFO:colcon.colcon_core.shell:Creating package script '/home/kaust/Desktop/GustGurus-Drone-Project/crazyflie_simulation/install/cpp_controllers/share/cpp_controllers/package.zsh'
[7.637s] Level 1:colcon.colcon_core.environment:create_file_with_runtime_dependencies(/home/kaust/Desktop/GustGurus-Drone-Project/crazyflie_simulation/install/cpp_controllers/share/colcon-core/packages/cpp_controllers)
[7.671s] Level 1:colcon.colcon_core.environment:create_environment_scripts_only(cpp_controllers)
[7.671s] Level 1:colcon.colcon_core.environment:checking '/home/kaust/Desktop/GustGurus-Drone-Project/crazyflie_simulation/install/cpp_controllers' for CMake module files
[7.672s] Level 1:colcon.colcon_core.environment:checking '/home/kaust/Desktop/GustGurus-Drone-Project/crazyflie_simulation/install/cpp_controllers' for CMake config files
[7.672s] Level 1:colcon.colcon_core.shell:create_environment_hook('cpp_controllers', 'cmake_prefix_path')
[7.673s] INFO:colcon.colcon_core.shell:Creating environment hook '/home/kaust/Desktop/GustGurus-Drone-Project/crazyflie_simulation/install/cpp_controllers/share/cpp_controllers/hook/cmake_prefix_path.ps1'
[7.673s] INFO:colcon.colcon_core.shell:Creating environment descriptor '/home/kaust/Desktop/GustGurus-Drone-Project/crazyflie_simulation/install/cpp_controllers/share/cpp_controllers/hook/cmake_prefix_path.dsv'
[7.673s] INFO:colcon.colcon_core.shell:Creating environment hook '/home/kaust/Desktop/GustGurus-Drone-Project/crazyflie_simulation/install/cpp_controllers/share/cpp_controllers/hook/cmake_prefix_path.sh'
[7.674s] Level 1:colcon.colcon_core.environment:checking '/home/kaust/Desktop/GustGurus-Drone-Project/crazyflie_simulation/install/cpp_controllers/lib'
[7.674s] Level 1:colcon.colcon_core.environment:checking '/home/kaust/Desktop/GustGurus-Drone-Project/crazyflie_simulation/install/cpp_controllers/bin'
[7.674s] Level 1:colcon.colcon_core.environment:checking '/home/kaust/Desktop/GustGurus-Drone-Project/crazyflie_simulation/install/cpp_controllers/lib/pkgconfig/cpp_controllers.pc'
[7.674s] Level 1:colcon.colcon_core.environment:checking '/home/kaust/Desktop/GustGurus-Drone-Project/crazyflie_simulation/install/cpp_controllers/lib/python3.10/site-packages'
[7.674s] Level 1:colcon.colcon_core.environment:checking '/home/kaust/Desktop/GustGurus-Drone-Project/crazyflie_simulation/install/cpp_controllers/bin'
[7.674s] INFO:colcon.colcon_core.shell:Creating package script '/home/kaust/Desktop/GustGurus-Drone-Project/crazyflie_simulation/install/cpp_controllers/share/cpp_controllers/package.ps1'
[7.675s] INFO:colcon.colcon_core.shell:Creating package descriptor '/home/kaust/Desktop/GustGurus-Drone-Project/crazyflie_simulation/install/cpp_controllers/share/cpp_controllers/package.dsv'
[7.675s] INFO:colcon.colcon_core.shell:Creating package script '/home/kaust/Desktop/GustGurus-Drone-Project/crazyflie_simulation/install/cpp_controllers/share/cpp_controllers/package.sh'
[7.675s] INFO:colcon.colcon_core.shell:Creating package script '/home/kaust/Desktop/GustGurus-Drone-Project/crazyflie_simulation/install/cpp_controllers/share/cpp_controllers/package.bash'
[7.675s] INFO:colcon.colcon_core.shell:Creating package script '/home/kaust/Desktop/GustGurus-Drone-Project/crazyflie_simulation/install/cpp_controllers/share/cpp_controllers/package.zsh'
[7.676s] Level 1:colcon.colcon_core.environment:create_file_with_runtime_dependencies(/home/kaust/Desktop/GustGurus-Drone-Project/crazyflie_simulation/install/cpp_controllers/share/colcon-core/packages/cpp_controllers)
[7.676s] DEBUG:colcon.colcon_parallel_executor.executor.parallel:closing loop
[7.676s] DEBUG:colcon.colcon_parallel_executor.executor.parallel:loop closed
[7.676s] DEBUG:colcon.colcon_parallel_executor.executor.parallel:run_until_complete finished with '0'
[7.676s] DEBUG:colcon.colcon_core.event_reactor:joining thread
[7.681s] INFO:colcon.colcon_core.plugin_system:Skipping extension 'colcon_notification.desktop_notification.terminal_notifier': Not used on non-Darwin systems
[7.681s] INFO:colcon.colcon_core.plugin_system:Skipping extension 'colcon_notification.desktop_notification.win32': Not used on non-Windows systems
[7.681s] INFO:colcon.colcon_notification.desktop_notification:Sending desktop notification using 'notify2'
[7.692s] DEBUG:colcon.colcon_core.event_reactor:joined thread
[7.692s] INFO:colcon.colcon_core.shell:Creating prefix script '/home/kaust/Desktop/GustGurus-Drone-Project/crazyflie_simulation/install/local_setup.ps1'
[7.693s] INFO:colcon.colcon_core.shell:Creating prefix util module '/home/kaust/Desktop/GustGurus-Drone-Project/crazyflie_simulation/install/_local_setup_util_ps1.py'
[7.694s] INFO:colcon.colcon_core.shell:Creating prefix chain script '/home/kaust/Desktop/GustGurus-Drone-Project/crazyflie_simulation/install/setup.ps1'
[7.695s] INFO:colcon.colcon_core.shell:Creating prefix script '/home/kaust/Desktop/GustGurus-Drone-Project/crazyflie_simulation/install/local_setup.sh'
[7.695s] INFO:colcon.colcon_core.shell:Creating prefix util module '/home/kaust/Desktop/GustGurus-Drone-Project/crazyflie_simulation/install/_local_setup_util_sh.py'
[7.696s] INFO:colcon.colcon_core.shell:Creating prefix chain script '/home/kaust/Desktop/GustGurus-Drone-Project/crazyflie_simulation/install/setup.sh'
[7.696s] INFO:colcon.colcon_core.shell:Creating prefix script '/home/kaust/Desktop/GustGurus-Drone-Project/crazyflie_simulation/install/local_setup.bash'
[7.697s] INFO:colcon.colcon_core.shell:Creating prefix chain script '/home/kaust/Desktop/GustGurus-Drone-Project/crazyflie_simulation/install/setup.bash'
[7.697s] INFO:colcon.colcon_core.shell:Creating prefix script '/home/kaust/Desktop/GustGurus-Drone-Project/crazyflie_simulation/install/local_setup.zsh'
[7.698s] INFO:colcon.colcon_core.shell:Creating prefix chain script '/home/kaust/Desktop/GustGurus-Drone-Project/crazyflie_simulation/install/setup.zsh'
