[0.770s] Invoking command in '/home/kaust/Desktop/GustGurus-Drone-Project/crazyflie_simulation/src/controllers': CONDA_PROMPT_MODIFIER=(acsi2) PYTHONPATH=/home/kaust/Desktop/GustGurus-Drone-Project/crazyflie_simulation/build/controllers/prefix_override:/usr/lib/python3/dist-packages/colcon_core/task/python/colcon_distutils_commands:/home/kaust/Desktop/GustGurus-Drone-Project/crazyflie_simulation/install/controllers/lib/python3.10/site-packages:${PYTHONPATH} /usr/bin/python3 -W ignore:setup.py install is deprecated setup.py egg_info --egg-base ../../build/controllers build --build-base /home/kaust/Desktop/GustGurus-Drone-Project/crazyflie_simulation/build/controllers/build install --record /home/kaust/Desktop/GustGurus-Drone-Project/crazyflie_simulation/build/controllers/install.log --single-version-externally-managed install_data
[1.003s] running egg_info
[1.004s] writing ../../build/controllers/controllers.egg-info/PKG-INFO
[1.004s] writing dependency_links to ../../build/controllers/controllers.egg-info/dependency_links.txt
[1.004s] writing entry points to ../../build/controllers/controllers.egg-info/entry_points.txt
[1.004s] writing requirements to ../../build/controllers/controllers.egg-info/requires.txt
[1.004s] writing top-level names to ../../build/controllers/controllers.egg-info/top_level.txt
[1.006s] reading manifest file '../../build/controllers/controllers.egg-info/SOURCES.txt'
[1.006s] writing manifest file '../../build/controllers/controllers.egg-info/SOURCES.txt'
[1.006s] running build
[1.007s] running build_py
[1.007s] running install
[1.007s] running install_lib
[1.008s] running install_data
[1.008s] running install_egg_info
[1.012s] removing '/home/kaust/Desktop/GustGurus-Drone-Project/crazyflie_simulation/install/controllers/lib/python3.10/site-packages/controllers-0.0.0-py3.10.egg-info' (and everything under it)
[1.012s] Copying ../../build/controllers/controllers.egg-info to /home/kaust/Desktop/GustGurus-Drone-Project/crazyflie_simulation/install/controllers/lib/python3.10/site-packages/controllers-0.0.0-py3.10.egg-info
[1.012s] running install_scripts
[1.031s] Installing MotorControlNode script to /home/kaust/Desktop/GustGurus-Drone-Project/crazyflie_simulation/install/controllers/lib/controllers
[1.031s] writing list of installed files to '/home/kaust/Desktop/GustGurus-Drone-Project/crazyflie_simulation/build/controllers/install.log'
[1.065s] Invoked command in '/home/kaust/Desktop/GustGurus-Drone-Project/crazyflie_simulation/src/controllers' returned '0': CONDA_PROMPT_MODIFIER=(acsi2) PYTHONPATH=/home/kaust/Desktop/GustGurus-Drone-Project/crazyflie_simulation/build/controllers/prefix_override:/usr/lib/python3/dist-packages/colcon_core/task/python/colcon_distutils_commands:/home/kaust/Desktop/GustGurus-Drone-Project/crazyflie_simulation/install/controllers/lib/python3.10/site-packages:${PYTHONPATH} /usr/bin/python3 -W ignore:setup.py install is deprecated setup.py egg_info --egg-base ../../build/controllers build --build-base /home/kaust/Desktop/GustGurus-Drone-Project/crazyflie_simulation/build/controllers/build install --record /home/kaust/Desktop/GustGurus-Drone-Project/crazyflie_simulation/build/controllers/install.log --single-version-externally-managed install_data
