[0.133s] DEBUG:colcon:Command line arguments: ['/usr/bin/colcon', 'build']
[0.133s] DEBUG:colcon:Parsed command line arguments: Namespace(log_base=None, log_level=None, verb_name='build', build_base='build', install_base='install', merge_install=False, symlink_install=False, test_result_base=None, continue_on_error=False, executor='parallel', parallel_workers=8, event_handlers=None, ignore_user_meta=False, metas=['./colcon.meta'], base_paths=['.'], packages_ignore=None, packages_ignore_regex=None, paths=None, packages_up_to=None, packages_up_to_regex=None, packages_above=None, packages_above_and_dependencies=None, packages_above_depth=None, packages_select_by_dep=None, packages_skip_by_dep=None, packages_skip_up_to=None, packages_select_build_failed=False, packages_skip_build_finished=False, packages_select_test_failures=False, packages_skip_test_passed=False, packages_select=None, packages_skip=None, packages_select_regex=None, packages_skip_regex=None, packages_start=None, packages_end=None, allow_overriding=[], cmake_args=None, cmake_target=None, cmake_target_skip_unavailable=False, cmake_clean_cache=False, cmake_clean_first=False, cmake_force_configure=False, ament_cmake_args=None, catkin_cmake_args=None, catkin_skip_building_tests=False, verb_parser=<colcon_defaults.argument_parser.defaults.DefaultArgumentsDecorator object at 0x7c2c6561bdf0>, verb_extension=<colcon_core.verb.build.BuildVerb object at 0x7c2c657c16f0>, main=<bound method BuildVerb.main of <colcon_core.verb.build.BuildVerb object at 0x7c2c657c16f0>>)
[0.335s] Level 1:colcon.colcon_core.package_discovery:discover_packages(colcon_meta) check parameters
[0.335s] Level 1:colcon.colcon_core.package_discovery:discover_packages(recursive) check parameters
[0.335s] Level 1:colcon.colcon_core.package_discovery:discover_packages(ignore) check parameters
[0.335s] Level 1:colcon.colcon_core.package_discovery:discover_packages(path) check parameters
[0.336s] Level 1:colcon.colcon_core.package_discovery:discover_packages(colcon_meta) discover
[0.336s] Level 1:colcon.colcon_core.package_discovery:discover_packages(recursive) discover
[0.336s] INFO:colcon.colcon_core.package_discovery:Crawling recursively for packages in '/home/denis/Desktop/GustGurus-Drone-Project/crazyflie_simulation'
[0.336s] Level 1:colcon.colcon_core.package_identification:_identify(.) by extensions ['ignore', 'ignore_ament_install']
[0.336s] Level 1:colcon.colcon_core.package_identification:_identify(.) by extension 'ignore'
[0.336s] Level 1:colcon.colcon_core.package_identification:_identify(.) by extension 'ignore_ament_install'
[0.336s] Level 1:colcon.colcon_core.package_identification:_identify(.) by extensions ['colcon_pkg']
[0.336s] Level 1:colcon.colcon_core.package_identification:_identify(.) by extension 'colcon_pkg'
[0.336s] Level 1:colcon.colcon_core.package_identification:_identify(.) by extensions ['colcon_meta']
[0.336s] Level 1:colcon.colcon_core.package_identification:_identify(.) by extension 'colcon_meta'
[0.336s] Level 1:colcon.colcon_core.package_identification:_identify(.) by extensions ['ros']
[0.337s] Level 1:colcon.colcon_core.package_identification:_identify(.) by extension 'ros'
[0.350s] Level 1:colcon.colcon_core.package_identification:_identify(.) by extensions ['cmake', 'python']
[0.351s] Level 1:colcon.colcon_core.package_identification:_identify(.) by extension 'cmake'
[0.351s] Level 1:colcon.colcon_core.package_identification:_identify(.) by extension 'python'
[0.351s] Level 1:colcon.colcon_core.package_identification:_identify(.) by extensions ['python_setup_py']
[0.351s] Level 1:colcon.colcon_core.package_identification:_identify(.) by extension 'python_setup_py'
[0.351s] Level 1:colcon.colcon_core.package_identification:_identify(build) by extensions ['ignore', 'ignore_ament_install']
[0.352s] Level 1:colcon.colcon_core.package_identification:_identify(build) by extension 'ignore'
[0.352s] Level 1:colcon.colcon_core.package_identification:_identify(build) ignored
[0.352s] Level 1:colcon.colcon_core.package_identification:_identify(install) by extensions ['ignore', 'ignore_ament_install']
[0.352s] Level 1:colcon.colcon_core.package_identification:_identify(install) by extension 'ignore'
[0.352s] Level 1:colcon.colcon_core.package_identification:_identify(install) ignored
[0.352s] Level 1:colcon.colcon_core.package_identification:_identify(log) by extensions ['ignore', 'ignore_ament_install']
[0.353s] Level 1:colcon.colcon_core.package_identification:_identify(log) by extension 'ignore'
[0.353s] Level 1:colcon.colcon_core.package_identification:_identify(log) ignored
[0.353s] Level 1:colcon.colcon_core.package_identification:_identify(plugins) by extensions ['ignore', 'ignore_ament_install']
[0.353s] Level 1:colcon.colcon_core.package_identification:_identify(plugins) by extension 'ignore'
[0.353s] Level 1:colcon.colcon_core.package_identification:_identify(plugins) by extension 'ignore_ament_install'
[0.353s] Level 1:colcon.colcon_core.package_identification:_identify(plugins) by extensions ['colcon_pkg']
[0.353s] Level 1:colcon.colcon_core.package_identification:_identify(plugins) by extension 'colcon_pkg'
[0.353s] Level 1:colcon.colcon_core.package_identification:_identify(plugins) by extensions ['colcon_meta']
[0.353s] Level 1:colcon.colcon_core.package_identification:_identify(plugins) by extension 'colcon_meta'
[0.353s] Level 1:colcon.colcon_core.package_identification:_identify(plugins) by extensions ['ros']
[0.353s] Level 1:colcon.colcon_core.package_identification:_identify(plugins) by extension 'ros'
[0.354s] Level 1:colcon.colcon_core.package_identification:_identify(plugins) by extensions ['cmake', 'python']
[0.354s] Level 1:colcon.colcon_core.package_identification:_identify(plugins) by extension 'cmake'
[0.354s] Level 1:colcon.colcon_core.package_identification:_identify(plugins) by extension 'python'
[0.354s] Level 1:colcon.colcon_core.package_identification:_identify(plugins) by extensions ['python_setup_py']
[0.354s] Level 1:colcon.colcon_core.package_identification:_identify(plugins) by extension 'python_setup_py'
[0.354s] Level 1:colcon.colcon_core.package_identification:_identify(src) by extensions ['ignore', 'ignore_ament_install']
[0.354s] Level 1:colcon.colcon_core.package_identification:_identify(src) by extension 'ignore'
[0.354s] Level 1:colcon.colcon_core.package_identification:_identify(src) by extension 'ignore_ament_install'
[0.354s] Level 1:colcon.colcon_core.package_identification:_identify(src) by extensions ['colcon_pkg']
[0.354s] Level 1:colcon.colcon_core.package_identification:_identify(src) by extension 'colcon_pkg'
[0.354s] Level 1:colcon.colcon_core.package_identification:_identify(src) by extensions ['colcon_meta']
[0.354s] Level 1:colcon.colcon_core.package_identification:_identify(src) by extension 'colcon_meta'
[0.354s] Level 1:colcon.colcon_core.package_identification:_identify(src) by extensions ['ros']
[0.354s] Level 1:colcon.colcon_core.package_identification:_identify(src) by extension 'ros'
[0.355s] Level 1:colcon.colcon_core.package_identification:_identify(src) by extensions ['cmake', 'python']
[0.355s] Level 1:colcon.colcon_core.package_identification:_identify(src) by extension 'cmake'
[0.355s] Level 1:colcon.colcon_core.package_identification:_identify(src) by extension 'python'
[0.355s] Level 1:colcon.colcon_core.package_identification:_identify(src) by extensions ['python_setup_py']
[0.355s] Level 1:colcon.colcon_core.package_identification:_identify(src) by extension 'python_setup_py'
[0.355s] Level 1:colcon.colcon_core.package_identification:_identify(src/build) by extensions ['ignore', 'ignore_ament_install']
[0.355s] Level 1:colcon.colcon_core.package_identification:_identify(src/build) by extension 'ignore'
[0.355s] Level 1:colcon.colcon_core.package_identification:_identify(src/build) ignored
[0.355s] Level 1:colcon.colcon_core.package_identification:_identify(src/controllers) by extensions ['ignore', 'ignore_ament_install']
[0.355s] Level 1:colcon.colcon_core.package_identification:_identify(src/controllers) by extension 'ignore'
[0.356s] Level 1:colcon.colcon_core.package_identification:_identify(src/controllers) by extension 'ignore_ament_install'
[0.356s] Level 1:colcon.colcon_core.package_identification:_identify(src/controllers) by extensions ['colcon_pkg']
[0.356s] Level 1:colcon.colcon_core.package_identification:_identify(src/controllers) by extension 'colcon_pkg'
[0.356s] Level 1:colcon.colcon_core.package_identification:_identify(src/controllers) by extensions ['colcon_meta']
[0.356s] Level 1:colcon.colcon_core.package_identification:_identify(src/controllers) by extension 'colcon_meta'
[0.356s] Level 1:colcon.colcon_core.package_identification:_identify(src/controllers) by extensions ['ros']
[0.356s] Level 1:colcon.colcon_core.package_identification:_identify(src/controllers) by extension 'ros'
[0.359s] DEBUG:colcon.colcon_core.package_identification:Package 'src/controllers' with type 'ros.ament_python' and name 'controllers'
[0.359s] Level 1:colcon.colcon_core.package_identification:_identify(src/cpp_controllers) by extensions ['ignore', 'ignore_ament_install']
[0.360s] Level 1:colcon.colcon_core.package_identification:_identify(src/cpp_controllers) by extension 'ignore'
[0.360s] Level 1:colcon.colcon_core.package_identification:_identify(src/cpp_controllers) by extension 'ignore_ament_install'
[0.360s] Level 1:colcon.colcon_core.package_identification:_identify(src/cpp_controllers) by extensions ['colcon_pkg']
[0.360s] Level 1:colcon.colcon_core.package_identification:_identify(src/cpp_controllers) by extension 'colcon_pkg'
[0.360s] Level 1:colcon.colcon_core.package_identification:_identify(src/cpp_controllers) by extensions ['colcon_meta']
[0.360s] Level 1:colcon.colcon_core.package_identification:_identify(src/cpp_controllers) by extension 'colcon_meta'
[0.360s] Level 1:colcon.colcon_core.package_identification:_identify(src/cpp_controllers) by extensions ['ros']
[0.360s] Level 1:colcon.colcon_core.package_identification:_identify(src/cpp_controllers) by extension 'ros'
[0.361s] DEBUG:colcon.colcon_core.package_identification:Package 'src/cpp_controllers' with type 'ros.ament_cmake' and name 'cpp_controllers'
[0.361s] Level 1:colcon.colcon_core.package_identification:_identify(src/crazyflie_gazebo) by extensions ['ignore', 'ignore_ament_install']
[0.361s] Level 1:colcon.colcon_core.package_identification:_identify(src/crazyflie_gazebo) by extension 'ignore'
[0.362s] Level 1:colcon.colcon_core.package_identification:_identify(src/crazyflie_gazebo) by extension 'ignore_ament_install'
[0.362s] Level 1:colcon.colcon_core.package_identification:_identify(src/crazyflie_gazebo) by extensions ['colcon_pkg']
[0.362s] Level 1:colcon.colcon_core.package_identification:_identify(src/crazyflie_gazebo) by extension 'colcon_pkg'
[0.362s] Level 1:colcon.colcon_core.package_identification:_identify(src/crazyflie_gazebo) by extensions ['colcon_meta']
[0.362s] Level 1:colcon.colcon_core.package_identification:_identify(src/crazyflie_gazebo) by extension 'colcon_meta'
[0.362s] Level 1:colcon.colcon_core.package_identification:_identify(src/crazyflie_gazebo) by extensions ['ros']
[0.362s] Level 1:colcon.colcon_core.package_identification:_identify(src/crazyflie_gazebo) by extension 'ros'
[0.363s] DEBUG:colcon.colcon_core.package_identification:Package 'src/crazyflie_gazebo' with type 'ros.ament_python' and name 'crazyflie_gazebo'
[0.363s] Level 1:colcon.colcon_core.package_identification:_identify(src/install) by extensions ['ignore', 'ignore_ament_install']
[0.363s] Level 1:colcon.colcon_core.package_identification:_identify(src/install) by extension 'ignore'
[0.363s] Level 1:colcon.colcon_core.package_identification:_identify(src/install) ignored
[0.363s] Level 1:colcon.colcon_core.package_identification:_identify(src/log) by extensions ['ignore', 'ignore_ament_install']
[0.364s] Level 1:colcon.colcon_core.package_identification:_identify(src/log) by extension 'ignore'
[0.364s] Level 1:colcon.colcon_core.package_identification:_identify(src/log) ignored
[0.364s] Level 1:colcon.colcon_core.package_discovery:discover_packages(recursive) using defaults
[0.364s] Level 1:colcon.colcon_core.package_discovery:discover_packages(ignore) discover
[0.364s] Level 1:colcon.colcon_core.package_discovery:discover_packages(ignore) using defaults
[0.364s] Level 1:colcon.colcon_core.package_discovery:discover_packages(path) discover
[0.364s] Level 1:colcon.colcon_core.package_discovery:discover_packages(path) using defaults
[0.392s] Level 1:colcon.colcon_core.package_discovery:discover_packages(prefix_path) check parameters
[0.392s] Level 1:colcon.colcon_core.package_discovery:discover_packages(prefix_path) discover
[0.395s] DEBUG:colcon.colcon_installed_package_information.package_discovery:Found 3 installed packages in /home/denis/Desktop/GustGurus-Drone-Project/crazyflie_simulation/install
[0.397s] DEBUG:colcon.colcon_installed_package_information.package_discovery:Found 291 installed packages in /opt/ros/humble
[0.400s] Level 1:colcon.colcon_core.package_discovery:discover_packages(prefix_path) using defaults
[0.460s] Level 5:colcon.colcon_core.verb:set package 'controllers' build argument 'cmake_args' from command line to 'None'
[0.460s] Level 5:colcon.colcon_core.verb:set package 'controllers' build argument 'cmake_target' from command line to 'None'
[0.461s] Level 5:colcon.colcon_core.verb:set package 'controllers' build argument 'cmake_target_skip_unavailable' from command line to 'False'
[0.461s] Level 5:colcon.colcon_core.verb:set package 'controllers' build argument 'cmake_clean_cache' from command line to 'False'
[0.461s] Level 5:colcon.colcon_core.verb:set package 'controllers' build argument 'cmake_clean_first' from command line to 'False'
[0.461s] Level 5:colcon.colcon_core.verb:set package 'controllers' build argument 'cmake_force_configure' from command line to 'False'
[0.461s] Level 5:colcon.colcon_core.verb:set package 'controllers' build argument 'ament_cmake_args' from command line to 'None'
[0.461s] Level 5:colcon.colcon_core.verb:set package 'controllers' build argument 'catkin_cmake_args' from command line to 'None'
[0.461s] Level 5:colcon.colcon_core.verb:set package 'controllers' build argument 'catkin_skip_building_tests' from command line to 'False'
[0.461s] DEBUG:colcon.colcon_core.verb:Building package 'controllers' with the following arguments: {'ament_cmake_args': None, 'build_base': '/home/denis/Desktop/GustGurus-Drone-Project/crazyflie_simulation/build/controllers', 'catkin_cmake_args': None, 'catkin_skip_building_tests': False, 'cmake_args': None, 'cmake_clean_cache': False, 'cmake_clean_first': False, 'cmake_force_configure': False, 'cmake_target': None, 'cmake_target_skip_unavailable': False, 'install_base': '/home/denis/Desktop/GustGurus-Drone-Project/crazyflie_simulation/install/controllers', 'merge_install': False, 'path': '/home/denis/Desktop/GustGurus-Drone-Project/crazyflie_simulation/src/controllers', 'symlink_install': False, 'test_result_base': None}
[0.461s] Level 5:colcon.colcon_core.verb:set package 'cpp_controllers' build argument 'cmake_args' from command line to 'None'
[0.461s] Level 5:colcon.colcon_core.verb:set package 'cpp_controllers' build argument 'cmake_target' from command line to 'None'
[0.461s] Level 5:colcon.colcon_core.verb:set package 'cpp_controllers' build argument 'cmake_target_skip_unavailable' from command line to 'False'
[0.462s] Level 5:colcon.colcon_core.verb:set package 'cpp_controllers' build argument 'cmake_clean_cache' from command line to 'False'
[0.462s] Level 5:colcon.colcon_core.verb:set package 'cpp_controllers' build argument 'cmake_clean_first' from command line to 'False'
[0.462s] Level 5:colcon.colcon_core.verb:set package 'cpp_controllers' build argument 'cmake_force_configure' from command line to 'False'
[0.462s] Level 5:colcon.colcon_core.verb:set package 'cpp_controllers' build argument 'ament_cmake_args' from command line to 'None'
[0.462s] Level 5:colcon.colcon_core.verb:set package 'cpp_controllers' build argument 'catkin_cmake_args' from command line to 'None'
[0.462s] Level 5:colcon.colcon_core.verb:set package 'cpp_controllers' build argument 'catkin_skip_building_tests' from command line to 'False'
[0.462s] DEBUG:colcon.colcon_core.verb:Building package 'cpp_controllers' with the following arguments: {'ament_cmake_args': None, 'build_base': '/home/denis/Desktop/GustGurus-Drone-Project/crazyflie_simulation/build/cpp_controllers', 'catkin_cmake_args': None, 'catkin_skip_building_tests': False, 'cmake_args': None, 'cmake_clean_cache': False, 'cmake_clean_first': False, 'cmake_force_configure': False, 'cmake_target': None, 'cmake_target_skip_unavailable': False, 'install_base': '/home/denis/Desktop/GustGurus-Drone-Project/crazyflie_simulation/install/cpp_controllers', 'merge_install': False, 'path': '/home/denis/Desktop/GustGurus-Drone-Project/crazyflie_simulation/src/cpp_controllers', 'symlink_install': False, 'test_result_base': None}
[0.462s] Level 5:colcon.colcon_core.verb:set package 'crazyflie_gazebo' build argument 'cmake_args' from command line to 'None'
[0.462s] Level 5:colcon.colcon_core.verb:set package 'crazyflie_gazebo' build argument 'cmake_target' from command line to 'None'
[0.462s] Level 5:colcon.colcon_core.verb:set package 'crazyflie_gazebo' build argument 'cmake_target_skip_unavailable' from command line to 'False'
[0.463s] Level 5:colcon.colcon_core.verb:set package 'crazyflie_gazebo' build argument 'cmake_clean_cache' from command line to 'False'
[0.463s] Level 5:colcon.colcon_core.verb:set package 'crazyflie_gazebo' build argument 'cmake_clean_first' from command line to 'False'
[0.463s] Level 5:colcon.colcon_core.verb:set package 'crazyflie_gazebo' build argument 'cmake_force_configure' from command line to 'False'
[0.463s] Level 5:colcon.colcon_core.verb:set package 'crazyflie_gazebo' build argument 'ament_cmake_args' from command line to 'None'
[0.463s] Level 5:colcon.colcon_core.verb:set package 'crazyflie_gazebo' build argument 'catkin_cmake_args' from command line to 'None'
[0.463s] Level 5:colcon.colcon_core.verb:set package 'crazyflie_gazebo' build argument 'catkin_skip_building_tests' from command line to 'False'
[0.463s] DEBUG:colcon.colcon_core.verb:Building package 'crazyflie_gazebo' with the following arguments: {'ament_cmake_args': None, 'build_base': '/home/denis/Desktop/GustGurus-Drone-Project/crazyflie_simulation/build/crazyflie_gazebo', 'catkin_cmake_args': None, 'catkin_skip_building_tests': False, 'cmake_args': None, 'cmake_clean_cache': False, 'cmake_clean_first': False, 'cmake_force_configure': False, 'cmake_target': None, 'cmake_target_skip_unavailable': False, 'install_base': '/home/denis/Desktop/GustGurus-Drone-Project/crazyflie_simulation/install/crazyflie_gazebo', 'merge_install': False, 'path': '/home/denis/Desktop/GustGurus-Drone-Project/crazyflie_simulation/src/crazyflie_gazebo', 'symlink_install': False, 'test_result_base': None}
[0.463s] INFO:colcon.colcon_core.executor:Executing jobs using 'parallel' executor
[0.465s] DEBUG:colcon.colcon_parallel_executor.executor.parallel:run_until_complete
[0.465s] INFO:colcon.colcon_ros.task.ament_python.build:Building ROS package in '/home/denis/Desktop/GustGurus-Drone-Project/crazyflie_simulation/src/controllers' with build type 'ament_python'
[0.466s] Level 1:colcon.colcon_core.shell:create_environment_hook('controllers', 'ament_prefix_path')
[0.472s] INFO:colcon.colcon_core.plugin_system:Skipping extension 'colcon_core.shell.bat': Not used on non-Windows systems
[0.473s] INFO:colcon.colcon_core.shell:Creating environment hook '/home/denis/Desktop/GustGurus-Drone-Project/crazyflie_simulation/install/controllers/share/controllers/hook/ament_prefix_path.ps1'
[0.474s] INFO:colcon.colcon_core.shell:Creating environment descriptor '/home/denis/Desktop/GustGurus-Drone-Project/crazyflie_simulation/install/controllers/share/controllers/hook/ament_prefix_path.dsv'
[0.475s] INFO:colcon.colcon_core.shell:Creating environment hook '/home/denis/Desktop/GustGurus-Drone-Project/crazyflie_simulation/install/controllers/share/controllers/hook/ament_prefix_path.sh'
[0.477s] INFO:colcon.colcon_core.shell:Skip shell extension 'powershell' for command environment: Not usable outside of PowerShell
[0.477s] DEBUG:colcon.colcon_core.shell:Skip shell extension 'dsv' for command environment
[0.483s] INFO:colcon.colcon_ros.task.ament_cmake.build:Building ROS package in '/home/denis/Desktop/GustGurus-Drone-Project/crazyflie_simulation/src/cpp_controllers' with build type 'ament_cmake'
[0.484s] INFO:colcon.colcon_cmake.task.cmake.build:Building CMake package in '/home/denis/Desktop/GustGurus-Drone-Project/crazyflie_simulation/src/cpp_controllers'
[0.484s] INFO:colcon.colcon_core.shell:Skip shell extension 'powershell' for command environment: Not usable outside of PowerShell
[0.485s] DEBUG:colcon.colcon_core.shell:Skip shell extension 'dsv' for command environment
[0.491s] INFO:colcon.colcon_ros.task.ament_python.build:Building ROS package in '/home/denis/Desktop/GustGurus-Drone-Project/crazyflie_simulation/src/crazyflie_gazebo' with build type 'ament_python'
[0.491s] Level 1:colcon.colcon_core.shell:create_environment_hook('crazyflie_gazebo', 'ament_prefix_path')
[0.491s] INFO:colcon.colcon_core.shell:Creating environment hook '/home/denis/Desktop/GustGurus-Drone-Project/crazyflie_simulation/install/crazyflie_gazebo/share/crazyflie_gazebo/hook/ament_prefix_path.ps1'
[0.493s] INFO:colcon.colcon_core.shell:Creating environment descriptor '/home/denis/Desktop/GustGurus-Drone-Project/crazyflie_simulation/install/crazyflie_gazebo/share/crazyflie_gazebo/hook/ament_prefix_path.dsv'
[0.495s] INFO:colcon.colcon_core.shell:Creating environment hook '/home/denis/Desktop/GustGurus-Drone-Project/crazyflie_simulation/install/crazyflie_gazebo/share/crazyflie_gazebo/hook/ament_prefix_path.sh'
[0.497s] INFO:colcon.colcon_core.shell:Skip shell extension 'powershell' for command environment: Not usable outside of PowerShell
[0.497s] DEBUG:colcon.colcon_core.shell:Skip shell extension 'dsv' for command environment
[0.953s] INFO:colcon.colcon_core.task.python.build:Building Python package in '/home/denis/Desktop/GustGurus-Drone-Project/crazyflie_simulation/src/controllers'
[0.954s] INFO:colcon.colcon_core.shell:Skip shell extension 'powershell' for command environment: Not usable outside of PowerShell
[0.954s] DEBUG:colcon.colcon_core.shell:Skip shell extension 'dsv' for command environment
[0.972s] DEBUG:colcon.colcon_core.event_handler.log_command:Invoking command in '/home/denis/Desktop/GustGurus-Drone-Project/crazyflie_simulation/build/cpp_controllers': CMAKE_PREFIX_PATH=${CMAKE_PREFIX_PATH}:/home/denis/Desktop/GustGurus-Drone-Project/crazyflie_simulation/install/crazyflie_gazebo:/home/denis/Desktop/GustGurus-Drone-Project/crazyflie_simulation/install/controllers:/opt/ros/humble PS1=(crazyflie_ros) \[\e]0;\u@\h: \w\a\]${debian_chroot:+($debian_chroot)}\[\033[01;32m\]\u@\h\[\033[00m\]:\[\033[01;34m\]\w\[\033[00m\]\$ VIRTUAL_ENV_PROMPT=(crazyflie_ros) /usr/bin/cmake --build /home/denis/Desktop/GustGurus-Drone-Project/crazyflie_simulation/build/cpp_controllers -- -j8 -l8
[1.351s] INFO:colcon.colcon_core.task.python.build:Building Python package in '/home/denis/Desktop/GustGurus-Drone-Project/crazyflie_simulation/src/crazyflie_gazebo'
[1.351s] INFO:colcon.colcon_core.shell:Skip shell extension 'powershell' for command environment: Not usable outside of PowerShell
[1.352s] DEBUG:colcon.colcon_core.shell:Skip shell extension 'dsv' for command environment
[1.376s] DEBUG:colcon.colcon_core.event_handler.log_command:Invoked command in '/home/denis/Desktop/GustGurus-Drone-Project/crazyflie_simulation/build/cpp_controllers' returned '0': CMAKE_PREFIX_PATH=${CMAKE_PREFIX_PATH}:/home/denis/Desktop/GustGurus-Drone-Project/crazyflie_simulation/install/crazyflie_gazebo:/home/denis/Desktop/GustGurus-Drone-Project/crazyflie_simulation/install/controllers:/opt/ros/humble PS1=(crazyflie_ros) \[\e]0;\u@\h: \w\a\]${debian_chroot:+($debian_chroot)}\[\033[01;32m\]\u@\h\[\033[00m\]:\[\033[01;34m\]\w\[\033[00m\]\$ VIRTUAL_ENV_PROMPT=(crazyflie_ros) /usr/bin/cmake --build /home/denis/Desktop/GustGurus-Drone-Project/crazyflie_simulation/build/cpp_controllers -- -j8 -l8
[1.448s] DEBUG:colcon.colcon_core.event_handler.log_command:Invoking command in '/home/denis/Desktop/GustGurus-Drone-Project/crazyflie_simulation/build/cpp_controllers': CMAKE_PREFIX_PATH=${CMAKE_PREFIX_PATH}:/home/denis/Desktop/GustGurus-Drone-Project/crazyflie_simulation/install/crazyflie_gazebo:/home/denis/Desktop/GustGurus-Drone-Project/crazyflie_simulation/install/controllers:/opt/ros/humble PS1=(crazyflie_ros) \[\e]0;\u@\h: \w\a\]${debian_chroot:+($debian_chroot)}\[\033[01;32m\]\u@\h\[\033[00m\]:\[\033[01;34m\]\w\[\033[00m\]\$ VIRTUAL_ENV_PROMPT=(crazyflie_ros) /usr/bin/cmake --install /home/denis/Desktop/GustGurus-Drone-Project/crazyflie_simulation/build/cpp_controllers
[1.465s] Level 1:colcon.colcon_core.environment:create_environment_scripts_only(cpp_controllers)
[1.467s] DEBUG:colcon.colcon_core.event_handler.log_command:Invoked command in '/home/denis/Desktop/GustGurus-Drone-Project/crazyflie_simulation/build/cpp_controllers' returned '0': CMAKE_PREFIX_PATH=${CMAKE_PREFIX_PATH}:/home/denis/Desktop/GustGurus-Drone-Project/crazyflie_simulation/install/crazyflie_gazebo:/home/denis/Desktop/GustGurus-Drone-Project/crazyflie_simulation/install/controllers:/opt/ros/humble PS1=(crazyflie_ros) \[\e]0;\u@\h: \w\a\]${debian_chroot:+($debian_chroot)}\[\033[01;32m\]\u@\h\[\033[00m\]:\[\033[01;34m\]\w\[\033[00m\]\$ VIRTUAL_ENV_PROMPT=(crazyflie_ros) /usr/bin/cmake --install /home/denis/Desktop/GustGurus-Drone-Project/crazyflie_simulation/build/cpp_controllers
[1.472s] Level 1:colcon.colcon_core.environment:checking '/home/denis/Desktop/GustGurus-Drone-Project/crazyflie_simulation/install/cpp_controllers' for CMake module files
[1.473s] Level 1:colcon.colcon_core.environment:checking '/home/denis/Desktop/GustGurus-Drone-Project/crazyflie_simulation/install/cpp_controllers' for CMake config files
[1.474s] Level 1:colcon.colcon_core.shell:create_environment_hook('cpp_controllers', 'cmake_prefix_path')
[1.474s] INFO:colcon.colcon_core.shell:Creating environment hook '/home/denis/Desktop/GustGurus-Drone-Project/crazyflie_simulation/install/cpp_controllers/share/cpp_controllers/hook/cmake_prefix_path.ps1'
[1.476s] INFO:colcon.colcon_core.shell:Creating environment descriptor '/home/denis/Desktop/GustGurus-Drone-Project/crazyflie_simulation/install/cpp_controllers/share/cpp_controllers/hook/cmake_prefix_path.dsv'
[1.477s] INFO:colcon.colcon_core.shell:Creating environment hook '/home/denis/Desktop/GustGurus-Drone-Project/crazyflie_simulation/install/cpp_controllers/share/cpp_controllers/hook/cmake_prefix_path.sh'
[1.479s] Level 1:colcon.colcon_core.environment:checking '/home/denis/Desktop/GustGurus-Drone-Project/crazyflie_simulation/install/cpp_controllers/lib'
[1.481s] Level 1:colcon.colcon_core.environment:checking '/home/denis/Desktop/GustGurus-Drone-Project/crazyflie_simulation/install/cpp_controllers/bin'
[1.483s] Level 1:colcon.colcon_core.environment:checking '/home/denis/Desktop/GustGurus-Drone-Project/crazyflie_simulation/install/cpp_controllers/lib/pkgconfig/cpp_controllers.pc'
[1.483s] Level 1:colcon.colcon_core.environment:checking '/home/denis/Desktop/GustGurus-Drone-Project/crazyflie_simulation/install/cpp_controllers/lib/python3.10/site-packages'
[1.484s] Level 1:colcon.colcon_core.environment:checking '/home/denis/Desktop/GustGurus-Drone-Project/crazyflie_simulation/install/cpp_controllers/bin'
[1.485s] INFO:colcon.colcon_core.shell:Creating package script '/home/denis/Desktop/GustGurus-Drone-Project/crazyflie_simulation/install/cpp_controllers/share/cpp_controllers/package.ps1'
[1.486s] INFO:colcon.colcon_core.shell:Creating package descriptor '/home/denis/Desktop/GustGurus-Drone-Project/crazyflie_simulation/install/cpp_controllers/share/cpp_controllers/package.dsv'
[1.487s] INFO:colcon.colcon_core.shell:Creating package script '/home/denis/Desktop/GustGurus-Drone-Project/crazyflie_simulation/install/cpp_controllers/share/cpp_controllers/package.sh'
[1.489s] INFO:colcon.colcon_core.shell:Creating package script '/home/denis/Desktop/GustGurus-Drone-Project/crazyflie_simulation/install/cpp_controllers/share/cpp_controllers/package.bash'
[1.490s] INFO:colcon.colcon_core.shell:Creating package script '/home/denis/Desktop/GustGurus-Drone-Project/crazyflie_simulation/install/cpp_controllers/share/cpp_controllers/package.zsh'
[1.492s] Level 1:colcon.colcon_core.environment:create_file_with_runtime_dependencies(/home/denis/Desktop/GustGurus-Drone-Project/crazyflie_simulation/install/cpp_controllers/share/colcon-core/packages/cpp_controllers)
[1.551s] Level 1:colcon.colcon_core.environment:create_environment_scripts_only(cpp_controllers)
[1.551s] Level 1:colcon.colcon_core.environment:checking '/home/denis/Desktop/GustGurus-Drone-Project/crazyflie_simulation/install/cpp_controllers' for CMake module files
[1.552s] Level 1:colcon.colcon_core.environment:checking '/home/denis/Desktop/GustGurus-Drone-Project/crazyflie_simulation/install/cpp_controllers' for CMake config files
[1.553s] Level 1:colcon.colcon_core.shell:create_environment_hook('cpp_controllers', 'cmake_prefix_path')
[1.553s] INFO:colcon.colcon_core.shell:Creating environment hook '/home/denis/Desktop/GustGurus-Drone-Project/crazyflie_simulation/install/cpp_controllers/share/cpp_controllers/hook/cmake_prefix_path.ps1'
[1.554s] INFO:colcon.colcon_core.shell:Creating environment descriptor '/home/denis/Desktop/GustGurus-Drone-Project/crazyflie_simulation/install/cpp_controllers/share/cpp_controllers/hook/cmake_prefix_path.dsv'
[1.555s] INFO:colcon.colcon_core.shell:Creating environment hook '/home/denis/Desktop/GustGurus-Drone-Project/crazyflie_simulation/install/cpp_controllers/share/cpp_controllers/hook/cmake_prefix_path.sh'
[1.556s] Level 1:colcon.colcon_core.environment:checking '/home/denis/Desktop/GustGurus-Drone-Project/crazyflie_simulation/install/cpp_controllers/lib'
[1.557s] Level 1:colcon.colcon_core.environment:checking '/home/denis/Desktop/GustGurus-Drone-Project/crazyflie_simulation/install/cpp_controllers/bin'
[1.557s] Level 1:colcon.colcon_core.environment:checking '/home/denis/Desktop/GustGurus-Drone-Project/crazyflie_simulation/install/cpp_controllers/lib/pkgconfig/cpp_controllers.pc'
[1.557s] Level 1:colcon.colcon_core.environment:checking '/home/denis/Desktop/GustGurus-Drone-Project/crazyflie_simulation/install/cpp_controllers/lib/python3.10/site-packages'
[1.557s] Level 1:colcon.colcon_core.environment:checking '/home/denis/Desktop/GustGurus-Drone-Project/crazyflie_simulation/install/cpp_controllers/bin'
[1.558s] INFO:colcon.colcon_core.shell:Creating package script '/home/denis/Desktop/GustGurus-Drone-Project/crazyflie_simulation/install/cpp_controllers/share/cpp_controllers/package.ps1'
[1.559s] INFO:colcon.colcon_core.shell:Creating package descriptor '/home/denis/Desktop/GustGurus-Drone-Project/crazyflie_simulation/install/cpp_controllers/share/cpp_controllers/package.dsv'
[1.560s] INFO:colcon.colcon_core.shell:Creating package script '/home/denis/Desktop/GustGurus-Drone-Project/crazyflie_simulation/install/cpp_controllers/share/cpp_controllers/package.sh'
[1.561s] INFO:colcon.colcon_core.shell:Creating package script '/home/denis/Desktop/GustGurus-Drone-Project/crazyflie_simulation/install/cpp_controllers/share/cpp_controllers/package.bash'
[1.562s] INFO:colcon.colcon_core.shell:Creating package script '/home/denis/Desktop/GustGurus-Drone-Project/crazyflie_simulation/install/cpp_controllers/share/cpp_controllers/package.zsh'
[1.564s] Level 1:colcon.colcon_core.environment:create_file_with_runtime_dependencies(/home/denis/Desktop/GustGurus-Drone-Project/crazyflie_simulation/install/cpp_controllers/share/colcon-core/packages/cpp_controllers)
[1.951s] DEBUG:colcon.colcon_core.event_handler.log_command:Invoking command in '/home/denis/Desktop/GustGurus-Drone-Project/crazyflie_simulation/src/controllers': PS1=(crazyflie_ros) \[\e]0;\u@\h: \w\a\]${debian_chroot:+($debian_chroot)}\[\033[01;32m\]\u@\h\[\033[00m\]:\[\033[01;34m\]\w\[\033[00m\]\$ PYTHONPATH=/home/denis/Desktop/GustGurus-Drone-Project/crazyflie_simulation/build/controllers/prefix_override:/usr/lib/python3/dist-packages/colcon_core/task/python/colcon_distutils_commands:/home/denis/Desktop/GustGurus-Drone-Project/crazyflie_simulation/install/controllers/lib/python3.10/site-packages:${PYTHONPATH} VIRTUAL_ENV_PROMPT=(crazyflie_ros) /usr/bin/python3 -W ignore:setup.py install is deprecated setup.py egg_info --egg-base ../../build/controllers build --build-base /home/denis/Desktop/GustGurus-Drone-Project/crazyflie_simulation/build/controllers/build install --record /home/denis/Desktop/GustGurus-Drone-Project/crazyflie_simulation/build/controllers/install.log --single-version-externally-managed install_data
[1.968s] DEBUG:colcon.colcon_core.event_handler.log_command:Invoking command in '/home/denis/Desktop/GustGurus-Drone-Project/crazyflie_simulation/src/crazyflie_gazebo': PS1=(crazyflie_ros) \[\e]0;\u@\h: \w\a\]${debian_chroot:+($debian_chroot)}\[\033[01;32m\]\u@\h\[\033[00m\]:\[\033[01;34m\]\w\[\033[00m\]\$ PYTHONPATH=/home/denis/Desktop/GustGurus-Drone-Project/crazyflie_simulation/build/crazyflie_gazebo/prefix_override:/usr/lib/python3/dist-packages/colcon_core/task/python/colcon_distutils_commands:/home/denis/Desktop/GustGurus-Drone-Project/crazyflie_simulation/install/crazyflie_gazebo/lib/python3.10/site-packages:${PYTHONPATH} VIRTUAL_ENV_PROMPT=(crazyflie_ros) /usr/bin/python3 -W ignore:setup.py install is deprecated setup.py egg_info --egg-base ../../build/crazyflie_gazebo build --build-base /home/denis/Desktop/GustGurus-Drone-Project/crazyflie_simulation/build/crazyflie_gazebo/build install --record /home/denis/Desktop/GustGurus-Drone-Project/crazyflie_simulation/build/crazyflie_gazebo/install.log --single-version-externally-managed install_data
[2.380s] Level 1:colcon.colcon_core.environment:checking '/home/denis/Desktop/GustGurus-Drone-Project/crazyflie_simulation/install/controllers' for CMake module files
[2.382s] DEBUG:colcon.colcon_core.event_handler.log_command:Invoked command in '/home/denis/Desktop/GustGurus-Drone-Project/crazyflie_simulation/src/controllers' returned '0': PS1=(crazyflie_ros) \[\e]0;\u@\h: \w\a\]${debian_chroot:+($debian_chroot)}\[\033[01;32m\]\u@\h\[\033[00m\]:\[\033[01;34m\]\w\[\033[00m\]\$ PYTHONPATH=/home/denis/Desktop/GustGurus-Drone-Project/crazyflie_simulation/build/controllers/prefix_override:/usr/lib/python3/dist-packages/colcon_core/task/python/colcon_distutils_commands:/home/denis/Desktop/GustGurus-Drone-Project/crazyflie_simulation/install/controllers/lib/python3.10/site-packages:${PYTHONPATH} VIRTUAL_ENV_PROMPT=(crazyflie_ros) /usr/bin/python3 -W ignore:setup.py install is deprecated setup.py egg_info --egg-base ../../build/controllers build --build-base /home/denis/Desktop/GustGurus-Drone-Project/crazyflie_simulation/build/controllers/build install --record /home/denis/Desktop/GustGurus-Drone-Project/crazyflie_simulation/build/controllers/install.log --single-version-externally-managed install_data
[2.385s] Level 1:colcon.colcon_core.environment:checking '/home/denis/Desktop/GustGurus-Drone-Project/crazyflie_simulation/install/controllers' for CMake config files
[2.386s] Level 1:colcon.colcon_core.environment:checking '/home/denis/Desktop/GustGurus-Drone-Project/crazyflie_simulation/install/controllers/lib'
[2.386s] Level 1:colcon.colcon_core.environment:checking '/home/denis/Desktop/GustGurus-Drone-Project/crazyflie_simulation/install/controllers/bin'
[2.386s] Level 1:colcon.colcon_core.environment:checking '/home/denis/Desktop/GustGurus-Drone-Project/crazyflie_simulation/install/controllers/lib/pkgconfig/controllers.pc'
[2.386s] Level 1:colcon.colcon_core.environment:checking '/home/denis/Desktop/GustGurus-Drone-Project/crazyflie_simulation/install/controllers/lib/python3.10/site-packages'
[2.387s] Level 1:colcon.colcon_core.shell:create_environment_hook('controllers', 'pythonpath')
[2.387s] INFO:colcon.colcon_core.shell:Creating environment hook '/home/denis/Desktop/GustGurus-Drone-Project/crazyflie_simulation/install/controllers/share/controllers/hook/pythonpath.ps1'
[2.388s] INFO:colcon.colcon_core.shell:Creating environment descriptor '/home/denis/Desktop/GustGurus-Drone-Project/crazyflie_simulation/install/controllers/share/controllers/hook/pythonpath.dsv'
[2.389s] INFO:colcon.colcon_core.shell:Creating environment hook '/home/denis/Desktop/GustGurus-Drone-Project/crazyflie_simulation/install/controllers/share/controllers/hook/pythonpath.sh'
[2.391s] Level 1:colcon.colcon_core.environment:checking '/home/denis/Desktop/GustGurus-Drone-Project/crazyflie_simulation/install/controllers/bin'
[2.391s] Level 1:colcon.colcon_core.environment:create_environment_scripts_only(controllers)
[2.391s] INFO:colcon.colcon_core.shell:Creating package script '/home/denis/Desktop/GustGurus-Drone-Project/crazyflie_simulation/install/controllers/share/controllers/package.ps1'
[2.393s] INFO:colcon.colcon_core.shell:Creating package descriptor '/home/denis/Desktop/GustGurus-Drone-Project/crazyflie_simulation/install/controllers/share/controllers/package.dsv'
[2.394s] INFO:colcon.colcon_core.shell:Creating package script '/home/denis/Desktop/GustGurus-Drone-Project/crazyflie_simulation/install/controllers/share/controllers/package.sh'
[2.395s] INFO:colcon.colcon_core.shell:Creating package script '/home/denis/Desktop/GustGurus-Drone-Project/crazyflie_simulation/install/controllers/share/controllers/package.bash'
[2.397s] INFO:colcon.colcon_core.shell:Creating package script '/home/denis/Desktop/GustGurus-Drone-Project/crazyflie_simulation/install/controllers/share/controllers/package.zsh'
[2.398s] Level 1:colcon.colcon_core.environment:create_file_with_runtime_dependencies(/home/denis/Desktop/GustGurus-Drone-Project/crazyflie_simulation/install/controllers/share/colcon-core/packages/controllers)
[2.409s] Level 1:colcon.colcon_core.environment:checking '/home/denis/Desktop/GustGurus-Drone-Project/crazyflie_simulation/install/crazyflie_gazebo' for CMake module files
[2.409s] DEBUG:colcon.colcon_core.event_handler.log_command:Invoked command in '/home/denis/Desktop/GustGurus-Drone-Project/crazyflie_simulation/src/crazyflie_gazebo' returned '0': PS1=(crazyflie_ros) \[\e]0;\u@\h: \w\a\]${debian_chroot:+($debian_chroot)}\[\033[01;32m\]\u@\h\[\033[00m\]:\[\033[01;34m\]\w\[\033[00m\]\$ PYTHONPATH=/home/denis/Desktop/GustGurus-Drone-Project/crazyflie_simulation/build/crazyflie_gazebo/prefix_override:/usr/lib/python3/dist-packages/colcon_core/task/python/colcon_distutils_commands:/home/denis/Desktop/GustGurus-Drone-Project/crazyflie_simulation/install/crazyflie_gazebo/lib/python3.10/site-packages:${PYTHONPATH} VIRTUAL_ENV_PROMPT=(crazyflie_ros) /usr/bin/python3 -W ignore:setup.py install is deprecated setup.py egg_info --egg-base ../../build/crazyflie_gazebo build --build-base /home/denis/Desktop/GustGurus-Drone-Project/crazyflie_simulation/build/crazyflie_gazebo/build install --record /home/denis/Desktop/GustGurus-Drone-Project/crazyflie_simulation/build/crazyflie_gazebo/install.log --single-version-externally-managed install_data
[2.410s] Level 1:colcon.colcon_core.environment:checking '/home/denis/Desktop/GustGurus-Drone-Project/crazyflie_simulation/install/crazyflie_gazebo' for CMake config files
[2.412s] Level 1:colcon.colcon_core.environment:checking '/home/denis/Desktop/GustGurus-Drone-Project/crazyflie_simulation/install/crazyflie_gazebo/lib'
[2.412s] Level 1:colcon.colcon_core.environment:checking '/home/denis/Desktop/GustGurus-Drone-Project/crazyflie_simulation/install/crazyflie_gazebo/bin'
[2.412s] Level 1:colcon.colcon_core.environment:checking '/home/denis/Desktop/GustGurus-Drone-Project/crazyflie_simulation/install/crazyflie_gazebo/lib/pkgconfig/crazyflie_gazebo.pc'
[2.412s] Level 1:colcon.colcon_core.environment:checking '/home/denis/Desktop/GustGurus-Drone-Project/crazyflie_simulation/install/crazyflie_gazebo/lib/python3.10/site-packages'
[2.412s] Level 1:colcon.colcon_core.shell:create_environment_hook('crazyflie_gazebo', 'pythonpath')
[2.413s] INFO:colcon.colcon_core.shell:Creating environment hook '/home/denis/Desktop/GustGurus-Drone-Project/crazyflie_simulation/install/crazyflie_gazebo/share/crazyflie_gazebo/hook/pythonpath.ps1'
[2.413s] INFO:colcon.colcon_core.shell:Creating environment descriptor '/home/denis/Desktop/GustGurus-Drone-Project/crazyflie_simulation/install/crazyflie_gazebo/share/crazyflie_gazebo/hook/pythonpath.dsv'
[2.415s] INFO:colcon.colcon_core.shell:Creating environment hook '/home/denis/Desktop/GustGurus-Drone-Project/crazyflie_simulation/install/crazyflie_gazebo/share/crazyflie_gazebo/hook/pythonpath.sh'
[2.416s] Level 1:colcon.colcon_core.environment:checking '/home/denis/Desktop/GustGurus-Drone-Project/crazyflie_simulation/install/crazyflie_gazebo/bin'
[2.416s] Level 1:colcon.colcon_core.environment:create_environment_scripts_only(crazyflie_gazebo)
[2.417s] INFO:colcon.colcon_core.shell:Creating package script '/home/denis/Desktop/GustGurus-Drone-Project/crazyflie_simulation/install/crazyflie_gazebo/share/crazyflie_gazebo/package.ps1'
[2.418s] INFO:colcon.colcon_core.shell:Creating package descriptor '/home/denis/Desktop/GustGurus-Drone-Project/crazyflie_simulation/install/crazyflie_gazebo/share/crazyflie_gazebo/package.dsv'
[2.419s] INFO:colcon.colcon_core.shell:Creating package script '/home/denis/Desktop/GustGurus-Drone-Project/crazyflie_simulation/install/crazyflie_gazebo/share/crazyflie_gazebo/package.sh'
[2.420s] INFO:colcon.colcon_core.shell:Creating package script '/home/denis/Desktop/GustGurus-Drone-Project/crazyflie_simulation/install/crazyflie_gazebo/share/crazyflie_gazebo/package.bash'
[2.421s] INFO:colcon.colcon_core.shell:Creating package script '/home/denis/Desktop/GustGurus-Drone-Project/crazyflie_simulation/install/crazyflie_gazebo/share/crazyflie_gazebo/package.zsh'
[2.422s] Level 1:colcon.colcon_core.environment:create_file_with_runtime_dependencies(/home/denis/Desktop/GustGurus-Drone-Project/crazyflie_simulation/install/crazyflie_gazebo/share/colcon-core/packages/crazyflie_gazebo)
[2.423s] DEBUG:colcon.colcon_parallel_executor.executor.parallel:closing loop
[2.426s] DEBUG:colcon.colcon_parallel_executor.executor.parallel:loop closed
[2.427s] DEBUG:colcon.colcon_parallel_executor.executor.parallel:run_until_complete finished with '0'
[2.428s] DEBUG:colcon.colcon_core.event_reactor:joining thread
[2.440s] INFO:colcon.colcon_core.plugin_system:Skipping extension 'colcon_notification.desktop_notification.terminal_notifier': Not used on non-Darwin systems
[2.441s] INFO:colcon.colcon_core.plugin_system:Skipping extension 'colcon_notification.desktop_notification.win32': Not used on non-Windows systems
[2.441s] INFO:colcon.colcon_notification.desktop_notification:Sending desktop notification using 'notify2'
[2.474s] DEBUG:colcon.colcon_core.event_reactor:joined thread
[2.476s] INFO:colcon.colcon_core.shell:Creating prefix script '/home/denis/Desktop/GustGurus-Drone-Project/crazyflie_simulation/install/local_setup.ps1'
[2.479s] INFO:colcon.colcon_core.shell:Creating prefix util module '/home/denis/Desktop/GustGurus-Drone-Project/crazyflie_simulation/install/_local_setup_util_ps1.py'
[2.487s] INFO:colcon.colcon_core.shell:Creating prefix chain script '/home/denis/Desktop/GustGurus-Drone-Project/crazyflie_simulation/install/setup.ps1'
[2.496s] INFO:colcon.colcon_core.shell:Creating prefix script '/home/denis/Desktop/GustGurus-Drone-Project/crazyflie_simulation/install/local_setup.sh'
[2.502s] INFO:colcon.colcon_core.shell:Creating prefix util module '/home/denis/Desktop/GustGurus-Drone-Project/crazyflie_simulation/install/_local_setup_util_sh.py'
[2.508s] INFO:colcon.colcon_core.shell:Creating prefix chain script '/home/denis/Desktop/GustGurus-Drone-Project/crazyflie_simulation/install/setup.sh'
[2.517s] INFO:colcon.colcon_core.shell:Creating prefix script '/home/denis/Desktop/GustGurus-Drone-Project/crazyflie_simulation/install/local_setup.bash'
[2.521s] INFO:colcon.colcon_core.shell:Creating prefix chain script '/home/denis/Desktop/GustGurus-Drone-Project/crazyflie_simulation/install/setup.bash'
[2.528s] INFO:colcon.colcon_core.shell:Creating prefix script '/home/denis/Desktop/GustGurus-Drone-Project/crazyflie_simulation/install/local_setup.zsh'
[2.534s] INFO:colcon.colcon_core.shell:Creating prefix chain script '/home/denis/Desktop/GustGurus-Drone-Project/crazyflie_simulation/install/setup.zsh'
