[0.900s] Invoking command in '/home/denis/Desktop/GustGurus-Drone-Project/crazyflie_simulation/build/cpp_controllers': CMAKE_PREFIX_PATH=/home/denis/Desktop/GustGurus-Drone-Project/crazyflie_simulation/install/crazyflie_gazebo:/home/denis/Desktop/GustGurus-Drone-Project/crazyflie_simulation/install/controllers:/opt/ros/humble PS1=(crazyflie_ros) \[\e]0;\u@\h: \w\a\]${debian_chroot:+($debian_chroot)}\[\033[01;32m\]\u@\h\[\033[00m\]:\[\033[01;34m\]\w\[\033[00m\]\$ VIRTUAL_ENV_PROMPT=(crazyflie_ros) /usr/bin/cmake --build /home/denis/Desktop/GustGurus-Drone-Project/crazyflie_simulation/build/cpp_controllers -- -j8 -l8
[1.549s] [35m[1mConsolidate compiler generated dependencies of target motor_control_node[0m
[1.550s] [100%] Built target motor_control_node
[1.563s] Invoked command in '/home/denis/Desktop/GustGurus-Drone-Project/crazyflie_simulation/build/cpp_controllers' returned '0': CMAKE_PREFIX_PATH=/home/denis/Desktop/GustGurus-Drone-Project/crazyflie_simulation/install/crazyflie_gazebo:/home/denis/Desktop/GustGurus-Drone-Project/crazyflie_simulation/install/controllers:/opt/ros/humble PS1=(crazyflie_ros) \[\e]0;\u@\h: \w\a\]${debian_chroot:+($debian_chroot)}\[\033[01;32m\]\u@\h\[\033[00m\]:\[\033[01;34m\]\w\[\033[00m\]\$ VIRTUAL_ENV_PROMPT=(crazyflie_ros) /usr/bin/cmake --build /home/denis/Desktop/GustGurus-Drone-Project/crazyflie_simulation/build/cpp_controllers -- -j8 -l8
[1.739s] Invoking command in '/home/denis/Desktop/GustGurus-Drone-Project/crazyflie_simulation/build/cpp_controllers': CMAKE_PREFIX_PATH=/home/denis/Desktop/GustGurus-Drone-Project/crazyflie_simulation/install/crazyflie_gazebo:/home/denis/Desktop/GustGurus-Drone-Project/crazyflie_simulation/install/controllers:/opt/ros/humble PS1=(crazyflie_ros) \[\e]0;\u@\h: \w\a\]${debian_chroot:+($debian_chroot)}\[\033[01;32m\]\u@\h\[\033[00m\]:\[\033[01;34m\]\w\[\033[00m\]\$ VIRTUAL_ENV_PROMPT=(crazyflie_ros) /usr/bin/cmake --install /home/denis/Desktop/GustGurus-Drone-Project/crazyflie_simulation/build/cpp_controllers
[1.760s] -- Install configuration: ""
[1.761s] -- Up-to-date: /home/denis/Desktop/GustGurus-Drone-Project/crazyflie_simulation/install/cpp_controllers/lib/cpp_controllers/motor_control_node
[1.762s] -- Up-to-date: /home/denis/Desktop/GustGurus-Drone-Project/crazyflie_simulation/install/cpp_controllers/share/ament_index/resource_index/package_run_dependencies/cpp_controllers
[1.762s] -- Up-to-date: /home/denis/Desktop/GustGurus-Drone-Project/crazyflie_simulation/install/cpp_controllers/share/ament_index/resource_index/parent_prefix_path/cpp_controllers
[1.762s] -- Up-to-date: /home/denis/Desktop/GustGurus-Drone-Project/crazyflie_simulation/install/cpp_controllers/share/cpp_controllers/environment/ament_prefix_path.sh
[1.763s] -- Up-to-date: /home/denis/Desktop/GustGurus-Drone-Project/crazyflie_simulation/install/cpp_controllers/share/cpp_controllers/environment/ament_prefix_path.dsv
[1.763s] -- Up-to-date: /home/denis/Desktop/GustGurus-Drone-Project/crazyflie_simulation/install/cpp_controllers/share/cpp_controllers/environment/path.sh
[1.763s] -- Up-to-date: /home/denis/Desktop/GustGurus-Drone-Project/crazyflie_simulation/install/cpp_controllers/share/cpp_controllers/environment/path.dsv
[1.763s] -- Up-to-date: /home/denis/Desktop/GustGurus-Drone-Project/crazyflie_simulation/install/cpp_controllers/share/cpp_controllers/local_setup.bash
[1.763s] -- Up-to-date: /home/denis/Desktop/GustGurus-Drone-Project/crazyflie_simulation/install/cpp_controllers/share/cpp_controllers/local_setup.sh
[1.792s] -- Up-to-date: /home/denis/Desktop/GustGurus-Drone-Project/crazyflie_simulation/install/cpp_controllers/share/cpp_controllers/local_setup.zsh
[1.796s] -- Up-to-date: /home/denis/Desktop/GustGurus-Drone-Project/crazyflie_simulation/install/cpp_controllers/share/cpp_controllers/local_setup.dsv
[1.810s] -- Installing: /home/denis/Desktop/GustGurus-Drone-Project/crazyflie_simulation/install/cpp_controllers/share/cpp_controllers/package.dsv
[1.810s] -- Up-to-date: /home/denis/Desktop/GustGurus-Drone-Project/crazyflie_simulation/install/cpp_controllers/share/ament_index/resource_index/packages/cpp_controllers
[1.824s] -- Up-to-date: /home/denis/Desktop/GustGurus-Drone-Project/crazyflie_simulation/install/cpp_controllers/share/cpp_controllers/cmake/cpp_controllersConfig.cmake
[1.825s] -- Up-to-date: /home/denis/Desktop/GustGurus-Drone-Project/crazyflie_simulation/install/cpp_controllers/share/cpp_controllers/cmake/cpp_controllersConfig-version.cmake
[1.825s] -- Up-to-date: /home/denis/Desktop/GustGurus-Drone-Project/crazyflie_simulation/install/cpp_controllers/share/cpp_controllers/package.xml
[1.825s] Invoked command in '/home/denis/Desktop/GustGurus-Drone-Project/crazyflie_simulation/build/cpp_controllers' returned '0': CMAKE_PREFIX_PATH=/home/denis/Desktop/GustGurus-Drone-Project/crazyflie_simulation/install/crazyflie_gazebo:/home/denis/Desktop/GustGurus-Drone-Project/crazyflie_simulation/install/controllers:/opt/ros/humble PS1=(crazyflie_ros) \[\e]0;\u@\h: \w\a\]${debian_chroot:+($debian_chroot)}\[\033[01;32m\]\u@\h\[\033[00m\]:\[\033[01;34m\]\w\[\033[00m\]\$ VIRTUAL_ENV_PROMPT=(crazyflie_ros) /usr/bin/cmake --install /home/denis/Desktop/GustGurus-Drone-Project/crazyflie_simulation/build/cpp_controllers
