[1.327s] Invoking command in '/home/denis/Desktop/GustGurus-Drone-Project/crazyflie_simulation/src/controllers': PS1=(crazyflie_ros) \[\e]0;\u@\h: \w\a\]${debian_chroot:+($debian_chroot)}\[\033[01;32m\]\u@\h\[\033[00m\]:\[\033[01;34m\]\w\[\033[00m\]\$ PYTHONPATH=/home/denis/Desktop/GustGurus-Drone-Project/crazyflie_simulation/build/controllers/prefix_override:/usr/lib/python3/dist-packages/colcon_core/task/python/colcon_distutils_commands:/home/denis/Desktop/GustGurus-Drone-Project/crazyflie_simulation/install/controllers/lib/python3.10/site-packages:${PYTHONPATH} VIRTUAL_ENV_PROMPT=(crazyflie_ros) /usr/bin/python3 -W ignore:setup.py install is deprecated setup.py egg_info --egg-base ../../build/controllers build --build-base /home/denis/Desktop/GustGurus-Drone-Project/crazyflie_simulation/build/controllers/build install --record /home/denis/Desktop/GustGurus-Drone-Project/crazyflie_simulation/build/controllers/install.log --single-version-externally-managed install_data
[1.650s] running egg_info
[1.656s] writing ../../build/controllers/controllers.egg-info/PKG-INFO
[1.657s] writing dependency_links to ../../build/controllers/controllers.egg-info/dependency_links.txt
[1.657s] writing entry points to ../../build/controllers/controllers.egg-info/entry_points.txt
[1.658s] writing requirements to ../../build/controllers/controllers.egg-info/requires.txt
[1.658s] writing top-level names to ../../build/controllers/controllers.egg-info/top_level.txt
[1.664s] reading manifest file '../../build/controllers/controllers.egg-info/SOURCES.txt'
[1.664s] writing manifest file '../../build/controllers/controllers.egg-info/SOURCES.txt'
[1.664s] running build
[1.664s] running build_py
[1.665s] copying controllers/MotorControlNode.py -> /home/denis/Desktop/GustGurus-Drone-Project/crazyflie_simulation/build/controllers/build/lib/controllers
[1.666s] running install
[1.667s] running install_lib
[1.667s] copying /home/denis/Desktop/GustGurus-Drone-Project/crazyflie_simulation/build/controllers/build/lib/controllers/MotorControlNode.py -> /home/denis/Desktop/GustGurus-Drone-Project/crazyflie_simulation/install/controllers/lib/python3.10/site-packages/controllers
[1.668s] byte-compiling /home/denis/Desktop/GustGurus-Drone-Project/crazyflie_simulation/install/controllers/lib/python3.10/site-packages/controllers/MotorControlNode.py to MotorControlNode.cpython-310.pyc
[1.669s] running install_data
[1.670s] running install_egg_info
[1.672s] removing '/home/denis/Desktop/GustGurus-Drone-Project/crazyflie_simulation/install/controllers/lib/python3.10/site-packages/controllers-0.0.0-py3.10.egg-info' (and everything under it)
[1.673s] Copying ../../build/controllers/controllers.egg-info to /home/denis/Desktop/GustGurus-Drone-Project/crazyflie_simulation/install/controllers/lib/python3.10/site-packages/controllers-0.0.0-py3.10.egg-info
[1.674s] running install_scripts
[1.708s] Installing MotorControlNode script to /home/denis/Desktop/GustGurus-Drone-Project/crazyflie_simulation/install/controllers/lib/controllers
[1.708s] writing list of installed files to '/home/denis/Desktop/GustGurus-Drone-Project/crazyflie_simulation/build/controllers/install.log'
[1.750s] Invoked command in '/home/denis/Desktop/GustGurus-Drone-Project/crazyflie_simulation/src/controllers' returned '0': PS1=(crazyflie_ros) \[\e]0;\u@\h: \w\a\]${debian_chroot:+($debian_chroot)}\[\033[01;32m\]\u@\h\[\033[00m\]:\[\033[01;34m\]\w\[\033[00m\]\$ PYTHONPATH=/home/denis/Desktop/GustGurus-Drone-Project/crazyflie_simulation/build/controllers/prefix_override:/usr/lib/python3/dist-packages/colcon_core/task/python/colcon_distutils_commands:/home/denis/Desktop/GustGurus-Drone-Project/crazyflie_simulation/install/controllers/lib/python3.10/site-packages:${PYTHONPATH} VIRTUAL_ENV_PROMPT=(crazyflie_ros) /usr/bin/python3 -W ignore:setup.py install is deprecated setup.py egg_info --egg-base ../../build/controllers build --build-base /home/denis/Desktop/GustGurus-Drone-Project/crazyflie_simulation/build/controllers/build install --record /home/denis/Desktop/GustGurus-Drone-Project/crazyflie_simulation/build/controllers/install.log --single-version-externally-managed install_data
