[01m[K/home/kaust/Desktop/GustGurus-Drone-Project/crazyflie_simulation/src/cpp_controllers/src/MotorControlNode.cpp:[m[K In member function ‘[01m[Kvoid MotorControlNode::timerCallback()[m[K’:
[01m[K/home/kaust/Desktop/GustGurus-Drone-Project/crazyflie_simulation/src/cpp_controllers/src/MotorControlNode.cpp:104:70:[m[K [01;31m[Kerror: [m[Kcannot convert ‘[01m[Kcontrol_commands_t*[m[K’ {aka ‘[01m[Kcontrol_commands_s*[m[K’} to ‘[01m[Kmotor_power_t*[m[K’ {aka ‘[01m[Kmotor_power_s*[m[K’}
  104 |         pid_velocity_fixed_height_controller(state, &goal, gain, dt, [01;31m[K&control_commands[m[K);
      |                                                                      [01;31m[K^~~~~~~~~~~~~~~~~[m[K
      |                                                                      [01;31m[K|[m[K
      |                                                                      [01;31m[Kcontrol_commands_t* {aka control_commands_s*}[m[K
In file included from [01m[K/home/kaust/Desktop/GustGurus-Drone-Project/crazyflie_simulation/src/cpp_controllers/src/MotorControlNode.cpp:5[m[K:
[01m[K/home/kaust/Desktop/GustGurus-Drone-Project/crazyflie_simulation/src/cpp_controllers/include/cpp_controllers/pid_controller.h:84:69:[m[K [01;36m[Knote: [m[K  initializing argument 5 of ‘[01m[Kvoid pid_velocity_fixed_height_controller(actual_state_t, desired_state_t*, gains_pid_t, double, motor_power_t*)[m[K’
   84 |                                           double dt, [01;36m[Kmotor_power_t *motorCommands[m[K);
      |                                                      [01;36m[K~~~~~~~~~~~~~~~^~~~~~~~~~~~~[m[K
[01m[K/home/kaust/Desktop/GustGurus-Drone-Project/crazyflie_simulation/src/cpp_controllers/src/MotorControlNode.cpp:108:42:[m[K [01;31m[Kerror: [m[K‘[01m[Kcontrol_commands_t[m[K’ {aka ‘[01m[Kstruct control_commands_s[m[K’} has no member named ‘[01m[Km1[m[K’
  108 |         msg.velocity = {control_commands.[01;31m[Km1[m[K, control_commands.m2, control_commands.m3, control_commands.m4};
      |                                          [01;31m[K^~[m[K
[01m[K/home/kaust/Desktop/GustGurus-Drone-Project/crazyflie_simulation/src/cpp_controllers/src/MotorControlNode.cpp:108:63:[m[K [01;31m[Kerror: [m[K‘[01m[Kcontrol_commands_t[m[K’ {aka ‘[01m[Kstruct control_commands_s[m[K’} has no member named ‘[01m[Km2[m[K’
  108 |         msg.velocity = {control_commands.m1, control_commands.[01;31m[Km2[m[K, control_commands.m3, control_commands.m4};
      |                                                               [01;31m[K^~[m[K
[01m[K/home/kaust/Desktop/GustGurus-Drone-Project/crazyflie_simulation/src/cpp_controllers/src/MotorControlNode.cpp:108:84:[m[K [01;31m[Kerror: [m[K‘[01m[Kcontrol_commands_t[m[K’ {aka ‘[01m[Kstruct control_commands_s[m[K’} has no member named ‘[01m[Km3[m[K’
  108 |         msg.velocity = {control_commands.m1, control_commands.m2, control_commands.[01;31m[Km3[m[K, control_commands.m4};
      |                                                                                    [01;31m[K^~[m[K
[01m[K/home/kaust/Desktop/GustGurus-Drone-Project/crazyflie_simulation/src/cpp_controllers/src/MotorControlNode.cpp:108:105:[m[K [01;31m[Kerror: [m[K‘[01m[Kcontrol_commands_t[m[K’ {aka ‘[01m[Kstruct control_commands_s[m[K’} has no member named ‘[01m[Km4[m[K’
  108 |         msg.velocity = {control_commands.m1, control_commands.m2, control_commands.m3, control_commands.[01;31m[Km4[m[K};
      |                                                                                                         [01;31m[K^~[m[K
[01m[K/home/kaust/Desktop/GustGurus-Drone-Project/crazyflie_simulation/src/cpp_controllers/src/MotorControlNode.cpp:108:107:[m[K [01;31m[Kerror: [m[Kno match for ‘[01m[Koperator=[m[K’ (operand types are ‘[01m[Kactuator_msgs::msg::Actuators_<std::allocator<void> >::_velocity_type[m[K’ {aka ‘[01m[Kstd::vector<double, std::allocator<double> >[m[K’} and ‘[01m[K<brace-enclosed initializer list>[m[K’)
  108 |         msg.velocity = {control_commands.m1, control_commands.m2, control_commands.m3, control_commands.m4[01;31m[K}[m[K;
      |                                                                                                           [01;31m[K^[m[K
In file included from [01m[K/usr/include/c++/11/vector:72[m[K,
                 from [01m[K/usr/include/c++/11/functional:62[m[K,
                 from [01m[K/usr/include/c++/11/pstl/glue_algorithm_defs.h:13[m[K,
                 from [01m[K/usr/include/c++/11/algorithm:74[m[K,
                 from [01m[K/opt/ros/humble/include/rclcpp/rclcpp/executor.hpp:18[m[K,
                 from [01m[K/opt/ros/humble/include/rclcpp/rclcpp/executors/multi_threaded_executor.hpp:25[m[K,
                 from [01m[K/opt/ros/humble/include/rclcpp/rclcpp/executors.hpp:21[m[K,
                 from [01m[K/opt/ros/humble/include/rclcpp/rclcpp/rclcpp.hpp:155[m[K,
                 from [01m[K/home/kaust/Desktop/GustGurus-Drone-Project/crazyflie_simulation/src/cpp_controllers/src/MotorControlNode.cpp:1[m[K:
[01m[K/usr/include/c++/11/bits/vector.tcc:198:5:[m[K [01;36m[Knote: [m[Kcandidate: ‘[01m[Kstd::vector<_Tp, _Alloc>& std::vector<_Tp, _Alloc>::operator=(const std::vector<_Tp, _Alloc>&) [with _Tp = double; _Alloc = std::allocator<double>][m[K’
  198 |     [01;36m[Kvector<_Tp, _Alloc>[m[K::
      |     [01;36m[K^~~~~~~~~~~~~~~~~~~[m[K
[01m[K/usr/include/c++/11/bits/vector.tcc:199:42:[m[K [01;36m[Knote: [m[K  no known conversion for argument 1 from ‘[01m[K<brace-enclosed initializer list>[m[K’ to ‘[01m[Kconst std::vector<double, std::allocator<double> >&[m[K’
  199 |     operator=([01;36m[Kconst vector<_Tp, _Alloc>& __x[m[K)
      |               [01;36m[K~~~~~~~~~~~~~~~~~~~~~~~~~~~^~~[m[K
In file included from [01m[K/usr/include/c++/11/vector:67[m[K,
                 from [01m[K/usr/include/c++/11/functional:62[m[K,
                 from [01m[K/usr/include/c++/11/pstl/glue_algorithm_defs.h:13[m[K,
                 from [01m[K/usr/include/c++/11/algorithm:74[m[K,
                 from [01m[K/opt/ros/humble/include/rclcpp/rclcpp/executor.hpp:18[m[K,
                 from [01m[K/opt/ros/humble/include/rclcpp/rclcpp/executors/multi_threaded_executor.hpp:25[m[K,
                 from [01m[K/opt/ros/humble/include/rclcpp/rclcpp/executors.hpp:21[m[K,
                 from [01m[K/opt/ros/humble/include/rclcpp/rclcpp/rclcpp.hpp:155[m[K,
                 from [01m[K/home/kaust/Desktop/GustGurus-Drone-Project/crazyflie_simulation/src/cpp_controllers/src/MotorControlNode.cpp:1[m[K:
[01m[K/usr/include/c++/11/bits/stl_vector.h:709:7:[m[K [01;36m[Knote: [m[Kcandidate: ‘[01m[Kstd::vector<_Tp, _Alloc>& std::vector<_Tp, _Alloc>::operator=(std::vector<_Tp, _Alloc>&&) [with _Tp = double; _Alloc = std::allocator<double>][m[K’
  709 |       [01;36m[Koperator[m[K=(vector&& __x) noexcept(_Alloc_traits::_S_nothrow_move())
      |       [01;36m[K^~~~~~~~[m[K
[01m[K/usr/include/c++/11/bits/stl_vector.h:709:26:[m[K [01;36m[Knote: [m[K  no known conversion for argument 1 from ‘[01m[K<brace-enclosed initializer list>[m[K’ to ‘[01m[Kstd::vector<double, std::allocator<double> >&&[m[K’
  709 |       operator=([01;36m[Kvector&& __x[m[K) noexcept(_Alloc_traits::_S_nothrow_move())
      |                 [01;36m[K~~~~~~~~~^~~[m[K
[01m[K/usr/include/c++/11/bits/stl_vector.h:730:7:[m[K [01;36m[Knote: [m[Kcandidate: ‘[01m[Kstd::vector<_Tp, _Alloc>& std::vector<_Tp, _Alloc>::operator=(std::initializer_list<_Tp>) [with _Tp = double; _Alloc = std::allocator<double>][m[K’
  730 |       [01;36m[Koperator[m[K=(initializer_list<value_type> __l)
      |       [01;36m[K^~~~~~~~[m[K
[01m[K/usr/include/c++/11/bits/stl_vector.h:730:46:[m[K [01;36m[Knote: [m[K  no known conversion for argument 1 from ‘[01m[K<brace-enclosed initializer list>[m[K’ to ‘[01m[Kstd::initializer_list<double>[m[K’
  730 |       operator=([01;36m[Kinitializer_list<value_type> __l[m[K)
      |                 [01;36m[K~~~~~~~~~~~~~~~~~~~~~~~~~~~~~^~~[m[K
gmake[2]: *** [CMakeFiles/motor_control_node.dir/build.make:76: CMakeFiles/motor_control_node.dir/src/MotorControlNode.cpp.o] Error 1
gmake[1]: *** [CMakeFiles/Makefile2:137: CMakeFiles/motor_control_node.dir/all] Error 2
gmake: *** [Makefile:146: all] Error 2
