[0.639s] Invoking command in '/home/kaust/Desktop/GustGurus-Drone-Project/crazyflie_simulation/src/controllers': CONDA_PROMPT_MODIFIER=(acsi2) PYTHONPATH=/home/kaust/Desktop/GustGurus-Drone-Project/crazyflie_simulation/build/controllers/prefix_override:/usr/lib/python3/dist-packages/colcon_core/task/python/colcon_distutils_commands:/home/kaust/Desktop/GustGurus-Drone-Project/crazyflie_simulation/install/controllers/lib/python3.10/site-packages:${PYTHONPATH} /usr/bin/python3 -W ignore:setup.py install is deprecated setup.py egg_info --egg-base ../../build/controllers build --build-base /home/kaust/Desktop/GustGurus-Drone-Project/crazyflie_simulation/build/controllers/build install --record /home/kaust/Desktop/GustGurus-Drone-Project/crazyflie_simulation/build/controllers/install.log --single-version-externally-managed install_data
[0.812s] running egg_info
[0.812s] creating ../../build/controllers/controllers.egg-info
[0.812s] writing ../../build/controllers/controllers.egg-info/PKG-INFO
[0.812s] writing dependency_links to ../../build/controllers/controllers.egg-info/dependency_links.txt
[0.812s] writing entry points to ../../build/controllers/controllers.egg-info/entry_points.txt
[0.813s] writing requirements to ../../build/controllers/controllers.egg-info/requires.txt
[0.813s] writing top-level names to ../../build/controllers/controllers.egg-info/top_level.txt
[0.813s] writing manifest file '../../build/controllers/controllers.egg-info/SOURCES.txt'
[0.814s] reading manifest file '../../build/controllers/controllers.egg-info/SOURCES.txt'
[0.815s] writing manifest file '../../build/controllers/controllers.egg-info/SOURCES.txt'
[0.815s] running build
[0.815s] running build_py
[0.815s] creating /home/kaust/Desktop/GustGurus-Drone-Project/crazyflie_simulation/build/controllers/build
[0.815s] creating /home/kaust/Desktop/GustGurus-Drone-Project/crazyflie_simulation/build/controllers/build/lib
[0.815s] creating /home/kaust/Desktop/GustGurus-Drone-Project/crazyflie_simulation/build/controllers/build/lib/controllers
[0.815s] copying controllers/MotorControlNode.py -> /home/kaust/Desktop/GustGurus-Drone-Project/crazyflie_simulation/build/controllers/build/lib/controllers
[0.815s] copying controllers/__init__.py -> /home/kaust/Desktop/GustGurus-Drone-Project/crazyflie_simulation/build/controllers/build/lib/controllers
[0.815s] running install
[0.815s] running install_lib
[0.816s] creating /home/kaust/Desktop/GustGurus-Drone-Project/crazyflie_simulation/install/controllers/lib/python3.10/site-packages/controllers
[0.816s] copying /home/kaust/Desktop/GustGurus-Drone-Project/crazyflie_simulation/build/controllers/build/lib/controllers/MotorControlNode.py -> /home/kaust/Desktop/GustGurus-Drone-Project/crazyflie_simulation/install/controllers/lib/python3.10/site-packages/controllers
[0.816s] copying /home/kaust/Desktop/GustGurus-Drone-Project/crazyflie_simulation/build/controllers/build/lib/controllers/__init__.py -> /home/kaust/Desktop/GustGurus-Drone-Project/crazyflie_simulation/install/controllers/lib/python3.10/site-packages/controllers
[0.816s] byte-compiling /home/kaust/Desktop/GustGurus-Drone-Project/crazyflie_simulation/install/controllers/lib/python3.10/site-packages/controllers/MotorControlNode.py to MotorControlNode.cpython-310.pyc
[0.817s] byte-compiling /home/kaust/Desktop/GustGurus-Drone-Project/crazyflie_simulation/install/controllers/lib/python3.10/site-packages/controllers/__init__.py to __init__.cpython-310.pyc
[0.817s] running install_data
[0.817s] creating /home/kaust/Desktop/GustGurus-Drone-Project/crazyflie_simulation/install/controllers/share/ament_index
[0.817s] creating /home/kaust/Desktop/GustGurus-Drone-Project/crazyflie_simulation/install/controllers/share/ament_index/resource_index
[0.817s] creating /home/kaust/Desktop/GustGurus-Drone-Project/crazyflie_simulation/install/controllers/share/ament_index/resource_index/packages
[0.817s] copying resource/controllers -> /home/kaust/Desktop/GustGurus-Drone-Project/crazyflie_simulation/install/controllers/share/ament_index/resource_index/packages
[0.817s] copying package.xml -> /home/kaust/Desktop/GustGurus-Drone-Project/crazyflie_simulation/install/controllers/share/controllers
[0.817s] running install_egg_info
[0.819s] Copying ../../build/controllers/controllers.egg-info to /home/kaust/Desktop/GustGurus-Drone-Project/crazyflie_simulation/install/controllers/lib/python3.10/site-packages/controllers-0.0.0-py3.10.egg-info
[0.819s] running install_scripts
[0.836s] Installing MotorControlNode script to /home/kaust/Desktop/GustGurus-Drone-Project/crazyflie_simulation/install/controllers/lib/controllers
[0.836s] writing list of installed files to '/home/kaust/Desktop/GustGurus-Drone-Project/crazyflie_simulation/build/controllers/install.log'
[0.867s] Invoked command in '/home/kaust/Desktop/GustGurus-Drone-Project/crazyflie_simulation/src/controllers' returned '0': CONDA_PROMPT_MODIFIER=(acsi2) PYTHONPATH=/home/kaust/Desktop/GustGurus-Drone-Project/crazyflie_simulation/build/controllers/prefix_override:/usr/lib/python3/dist-packages/colcon_core/task/python/colcon_distutils_commands:/home/kaust/Desktop/GustGurus-Drone-Project/crazyflie_simulation/install/controllers/lib/python3.10/site-packages:${PYTHONPATH} /usr/bin/python3 -W ignore:setup.py install is deprecated setup.py egg_info --egg-base ../../build/controllers build --build-base /home/kaust/Desktop/GustGurus-Drone-Project/crazyflie_simulation/build/controllers/build install --record /home/kaust/Desktop/GustGurus-Drone-Project/crazyflie_simulation/build/controllers/install.log --single-version-externally-managed install_data
