[0.206s] Invoking command in '/home/kaust/Desktop/GustGurus-Drone-Project/crazyflie_simulation/build/cpp_controllers': CMAKE_PREFIX_PATH=${CMAKE_PREFIX_PATH}:/home/kaust/Desktop/GustGurus-Drone-Project/crazyflie_simulation/install/crazyflie_gazebo:/home/kaust/Desktop/GustGurus-Drone-Project/crazyflie_simulation/install/controllers:/opt/ros/humble CONDA_PROMPT_MODIFIER=(acsi2) /usr/bin/cmake --build /home/kaust/Desktop/GustGurus-Drone-Project/crazyflie_simulation/build/cpp_controllers -- -j16 -l16
[0.247s] [35m[1mConsolidate compiler generated dependencies of target motor_control_node[0m
[0.265s] [100%] Built target motor_control_node
[0.397s] Invoked command in '/home/kaust/Desktop/GustGurus-Drone-Project/crazyflie_simulation/build/cpp_controllers' returned '0': CMAKE_PREFIX_PATH=${CMAKE_PREFIX_PATH}:/home/kaust/Desktop/GustGurus-Drone-Project/crazyflie_simulation/install/crazyflie_gazebo:/home/kaust/Desktop/GustGurus-Drone-Project/crazyflie_simulation/install/controllers:/opt/ros/humble CONDA_PROMPT_MODIFIER=(acsi2) /usr/bin/cmake --build /home/kaust/Desktop/GustGurus-Drone-Project/crazyflie_simulation/build/cpp_controllers -- -j16 -l16
[0.435s] Invoking command in '/home/kaust/Desktop/GustGurus-Drone-Project/crazyflie_simulation/build/cpp_controllers': CMAKE_PREFIX_PATH=${CMAKE_PREFIX_PATH}:/home/kaust/Desktop/GustGurus-Drone-Project/crazyflie_simulation/install/crazyflie_gazebo:/home/kaust/Desktop/GustGurus-Drone-Project/crazyflie_simulation/install/controllers:/opt/ros/humble CONDA_PROMPT_MODIFIER=(acsi2) /usr/bin/cmake --install /home/kaust/Desktop/GustGurus-Drone-Project/crazyflie_simulation/build/cpp_controllers
[0.443s] -- Install configuration: ""
[0.443s] -- Up-to-date: /home/kaust/Desktop/GustGurus-Drone-Project/crazyflie_simulation/install/cpp_controllers/lib/cpp_controllers/motor_control_node
[0.443s] -- Up-to-date: /home/kaust/Desktop/GustGurus-Drone-Project/crazyflie_simulation/install/cpp_controllers/share/ament_index/resource_index/package_run_dependencies/cpp_controllers
[0.443s] -- Up-to-date: /home/kaust/Desktop/GustGurus-Drone-Project/crazyflie_simulation/install/cpp_controllers/share/ament_index/resource_index/parent_prefix_path/cpp_controllers
[0.443s] -- Up-to-date: /home/kaust/Desktop/GustGurus-Drone-Project/crazyflie_simulation/install/cpp_controllers/share/cpp_controllers/environment/ament_prefix_path.sh
[0.443s] -- Up-to-date: /home/kaust/Desktop/GustGurus-Drone-Project/crazyflie_simulation/install/cpp_controllers/share/cpp_controllers/environment/ament_prefix_path.dsv
[0.443s] -- Up-to-date: /home/kaust/Desktop/GustGurus-Drone-Project/crazyflie_simulation/install/cpp_controllers/share/cpp_controllers/environment/path.sh
[0.443s] -- Up-to-date: /home/kaust/Desktop/GustGurus-Drone-Project/crazyflie_simulation/install/cpp_controllers/share/cpp_controllers/environment/path.dsv
[0.443s] -- Up-to-date: /home/kaust/Desktop/GustGurus-Drone-Project/crazyflie_simulation/install/cpp_controllers/share/cpp_controllers/local_setup.bash
[0.443s] -- Up-to-date: /home/kaust/Desktop/GustGurus-Drone-Project/crazyflie_simulation/install/cpp_controllers/share/cpp_controllers/local_setup.sh
[0.443s] -- Up-to-date: /home/kaust/Desktop/GustGurus-Drone-Project/crazyflie_simulation/install/cpp_controllers/share/cpp_controllers/local_setup.zsh
[0.444s] -- Up-to-date: /home/kaust/Desktop/GustGurus-Drone-Project/crazyflie_simulation/install/cpp_controllers/share/cpp_controllers/local_setup.dsv
[0.444s] -- Installing: /home/kaust/Desktop/GustGurus-Drone-Project/crazyflie_simulation/install/cpp_controllers/share/cpp_controllers/package.dsv
[0.444s] -- Up-to-date: /home/kaust/Desktop/GustGurus-Drone-Project/crazyflie_simulation/install/cpp_controllers/share/ament_index/resource_index/packages/cpp_controllers
[0.444s] -- Up-to-date: /home/kaust/Desktop/GustGurus-Drone-Project/crazyflie_simulation/install/cpp_controllers/share/cpp_controllers/cmake/cpp_controllersConfig.cmake
[0.444s] -- Up-to-date: /home/kaust/Desktop/GustGurus-Drone-Project/crazyflie_simulation/install/cpp_controllers/share/cpp_controllers/cmake/cpp_controllersConfig-version.cmake
[0.444s] -- Up-to-date: /home/kaust/Desktop/GustGurus-Drone-Project/crazyflie_simulation/install/cpp_controllers/share/cpp_controllers/package.xml
[0.446s] Invoked command in '/home/kaust/Desktop/GustGurus-Drone-Project/crazyflie_simulation/build/cpp_controllers' returned '0': CMAKE_PREFIX_PATH=${CMAKE_PREFIX_PATH}:/home/kaust/Desktop/GustGurus-Drone-Project/crazyflie_simulation/install/crazyflie_gazebo:/home/kaust/Desktop/GustGurus-Drone-Project/crazyflie_simulation/install/controllers:/opt/ros/humble CONDA_PROMPT_MODIFIER=(acsi2) /usr/bin/cmake --install /home/kaust/Desktop/GustGurus-Drone-Project/crazyflie_simulation/build/cpp_controllers
