[0.137s] DEBUG:colcon:Command line arguments: ['/usr/bin/colcon', 'build']
[0.137s] DEBUG:colcon:Parsed command line arguments: Namespace(log_base=None, log_level=None, verb_name='build', build_base='build', install_base='install', merge_install=False, symlink_install=False, test_result_base=None, continue_on_error=False, executor='parallel', parallel_workers=8, event_handlers=None, ignore_user_meta=False, metas=['./colcon.meta'], base_paths=['.'], packages_ignore=None, packages_ignore_regex=None, paths=None, packages_up_to=None, packages_up_to_regex=None, packages_above=None, packages_above_and_dependencies=None, packages_above_depth=None, packages_select_by_dep=None, packages_skip_by_dep=None, packages_skip_up_to=None, packages_select_build_failed=False, packages_skip_build_finished=False, packages_select_test_failures=False, packages_skip_test_passed=False, packages_select=None, packages_skip=None, packages_select_regex=None, packages_skip_regex=None, packages_start=None, packages_end=None, allow_overriding=[], cmake_args=None, cmake_target=None, cmake_target_skip_unavailable=False, cmake_clean_cache=False, cmake_clean_first=False, cmake_force_configure=False, ament_cmake_args=None, catkin_cmake_args=None, catkin_skip_building_tests=False, verb_parser=<colcon_defaults.argument_parser.defaults.DefaultArgumentsDecorator object at 0x73d1cecffdf0>, verb_extension=<colcon_core.verb.build.BuildVerb object at 0x73d1ceca56f0>, main=<bound method BuildVerb.main of <colcon_core.verb.build.BuildVerb object at 0x73d1ceca56f0>>)
[0.337s] Level 1:colcon.colcon_core.package_discovery:discover_packages(colcon_meta) check parameters
[0.337s] Level 1:colcon.colcon_core.package_discovery:discover_packages(recursive) check parameters
[0.337s] Level 1:colcon.colcon_core.package_discovery:discover_packages(ignore) check parameters
[0.337s] Level 1:colcon.colcon_core.package_discovery:discover_packages(path) check parameters
[0.337s] Level 1:colcon.colcon_core.package_discovery:discover_packages(colcon_meta) discover
[0.337s] Level 1:colcon.colcon_core.package_discovery:discover_packages(recursive) discover
[0.337s] INFO:colcon.colcon_core.package_discovery:Crawling recursively for packages in '/home/kaust/Desktop/GustGurus-Drone-Project/crazyflie_simulation/src'
[0.337s] Level 1:colcon.colcon_core.package_identification:_identify(.) by extensions ['ignore', 'ignore_ament_install']
[0.337s] Level 1:colcon.colcon_core.package_identification:_identify(.) by extension 'ignore'
[0.337s] Level 1:colcon.colcon_core.package_identification:_identify(.) by extension 'ignore_ament_install'
[0.338s] Level 1:colcon.colcon_core.package_identification:_identify(.) by extensions ['colcon_pkg']
[0.338s] Level 1:colcon.colcon_core.package_identification:_identify(.) by extension 'colcon_pkg'
[0.338s] Level 1:colcon.colcon_core.package_identification:_identify(.) by extensions ['colcon_meta']
[0.338s] Level 1:colcon.colcon_core.package_identification:_identify(.) by extension 'colcon_meta'
[0.338s] Level 1:colcon.colcon_core.package_identification:_identify(.) by extensions ['ros']
[0.338s] Level 1:colcon.colcon_core.package_identification:_identify(.) by extension 'ros'
[0.352s] Level 1:colcon.colcon_core.package_identification:_identify(.) by extensions ['cmake', 'python']
[0.353s] Level 1:colcon.colcon_core.package_identification:_identify(.) by extension 'cmake'
[0.353s] Level 1:colcon.colcon_core.package_identification:_identify(.) by extension 'python'
[0.353s] Level 1:colcon.colcon_core.package_identification:_identify(.) by extensions ['python_setup_py']
[0.353s] Level 1:colcon.colcon_core.package_identification:_identify(.) by extension 'python_setup_py'
[0.353s] Level 1:colcon.colcon_core.package_identification:_identify(build) by extensions ['ignore', 'ignore_ament_install']
[0.353s] Level 1:colcon.colcon_core.package_identification:_identify(build) by extension 'ignore'
[0.353s] Level 1:colcon.colcon_core.package_identification:_identify(build) ignored
[0.353s] Level 1:colcon.colcon_core.package_identification:_identify(controllers) by extensions ['ignore', 'ignore_ament_install']
[0.354s] Level 1:colcon.colcon_core.package_identification:_identify(controllers) by extension 'ignore'
[0.354s] Level 1:colcon.colcon_core.package_identification:_identify(controllers) by extension 'ignore_ament_install'
[0.354s] Level 1:colcon.colcon_core.package_identification:_identify(controllers) by extensions ['colcon_pkg']
[0.354s] Level 1:colcon.colcon_core.package_identification:_identify(controllers) by extension 'colcon_pkg'
[0.354s] Level 1:colcon.colcon_core.package_identification:_identify(controllers) by extensions ['colcon_meta']
[0.354s] Level 1:colcon.colcon_core.package_identification:_identify(controllers) by extension 'colcon_meta'
[0.354s] Level 1:colcon.colcon_core.package_identification:_identify(controllers) by extensions ['ros']
[0.355s] Level 1:colcon.colcon_core.package_identification:_identify(controllers) by extension 'ros'
[0.358s] DEBUG:colcon.colcon_core.package_identification:Package 'controllers' with type 'ros.ament_python' and name 'controllers'
[0.358s] Level 1:colcon.colcon_core.package_identification:_identify(crazyflie_gazebo) by extensions ['ignore', 'ignore_ament_install']
[0.358s] Level 1:colcon.colcon_core.package_identification:_identify(crazyflie_gazebo) by extension 'ignore'
[0.358s] Level 1:colcon.colcon_core.package_identification:_identify(crazyflie_gazebo) by extension 'ignore_ament_install'
[0.358s] Level 1:colcon.colcon_core.package_identification:_identify(crazyflie_gazebo) by extensions ['colcon_pkg']
[0.359s] Level 1:colcon.colcon_core.package_identification:_identify(crazyflie_gazebo) by extension 'colcon_pkg'
[0.359s] Level 1:colcon.colcon_core.package_identification:_identify(crazyflie_gazebo) by extensions ['colcon_meta']
[0.359s] Level 1:colcon.colcon_core.package_identification:_identify(crazyflie_gazebo) by extension 'colcon_meta'
[0.359s] Level 1:colcon.colcon_core.package_identification:_identify(crazyflie_gazebo) by extensions ['ros']
[0.359s] Level 1:colcon.colcon_core.package_identification:_identify(crazyflie_gazebo) by extension 'ros'
[0.360s] DEBUG:colcon.colcon_core.package_identification:Package 'crazyflie_gazebo' with type 'ros.ament_python' and name 'crazyflie_gazebo'
[0.360s] Level 1:colcon.colcon_core.package_identification:_identify(install) by extensions ['ignore', 'ignore_ament_install']
[0.360s] Level 1:colcon.colcon_core.package_identification:_identify(install) by extension 'ignore'
[0.360s] Level 1:colcon.colcon_core.package_identification:_identify(install) ignored
[0.360s] Level 1:colcon.colcon_core.package_identification:_identify(log) by extensions ['ignore', 'ignore_ament_install']
[0.361s] Level 1:colcon.colcon_core.package_identification:_identify(log) by extension 'ignore'
[0.361s] Level 1:colcon.colcon_core.package_identification:_identify(log) ignored
[0.361s] Level 1:colcon.colcon_core.package_discovery:discover_packages(recursive) using defaults
[0.361s] Level 1:colcon.colcon_core.package_discovery:discover_packages(ignore) discover
[0.361s] Level 1:colcon.colcon_core.package_discovery:discover_packages(ignore) using defaults
[0.361s] Level 1:colcon.colcon_core.package_discovery:discover_packages(path) discover
[0.361s] Level 1:colcon.colcon_core.package_discovery:discover_packages(path) using defaults
[0.384s] Level 1:colcon.colcon_core.package_discovery:discover_packages(prefix_path) check parameters
[0.384s] Level 1:colcon.colcon_core.package_discovery:discover_packages(prefix_path) discover
[0.387s] DEBUG:colcon.colcon_installed_package_information.package_discovery:Found 2 installed packages in /home/kaust/Desktop/GustGurus-Drone-Project/crazyflie_simulation/src/install
[0.389s] DEBUG:colcon.colcon_installed_package_information.package_discovery:Found 291 installed packages in /opt/ros/humble
[0.391s] Level 1:colcon.colcon_core.package_discovery:discover_packages(prefix_path) using defaults
[0.454s] Level 5:colcon.colcon_core.verb:set package 'controllers' build argument 'cmake_args' from command line to 'None'
[0.454s] Level 5:colcon.colcon_core.verb:set package 'controllers' build argument 'cmake_target' from command line to 'None'
[0.454s] Level 5:colcon.colcon_core.verb:set package 'controllers' build argument 'cmake_target_skip_unavailable' from command line to 'False'
[0.454s] Level 5:colcon.colcon_core.verb:set package 'controllers' build argument 'cmake_clean_cache' from command line to 'False'
[0.454s] Level 5:colcon.colcon_core.verb:set package 'controllers' build argument 'cmake_clean_first' from command line to 'False'
[0.454s] Level 5:colcon.colcon_core.verb:set package 'controllers' build argument 'cmake_force_configure' from command line to 'False'
[0.454s] Level 5:colcon.colcon_core.verb:set package 'controllers' build argument 'ament_cmake_args' from command line to 'None'
[0.454s] Level 5:colcon.colcon_core.verb:set package 'controllers' build argument 'catkin_cmake_args' from command line to 'None'
[0.454s] Level 5:colcon.colcon_core.verb:set package 'controllers' build argument 'catkin_skip_building_tests' from command line to 'False'
[0.454s] DEBUG:colcon.colcon_core.verb:Building package 'controllers' with the following arguments: {'ament_cmake_args': None, 'build_base': '/home/kaust/Desktop/GustGurus-Drone-Project/crazyflie_simulation/src/build/controllers', 'catkin_cmake_args': None, 'catkin_skip_building_tests': False, 'cmake_args': None, 'cmake_clean_cache': False, 'cmake_clean_first': False, 'cmake_force_configure': False, 'cmake_target': None, 'cmake_target_skip_unavailable': False, 'install_base': '/home/kaust/Desktop/GustGurus-Drone-Project/crazyflie_simulation/src/install/controllers', 'merge_install': False, 'path': '/home/kaust/Desktop/GustGurus-Drone-Project/crazyflie_simulation/src/controllers', 'symlink_install': False, 'test_result_base': None}
[0.455s] Level 5:colcon.colcon_core.verb:set package 'crazyflie_gazebo' build argument 'cmake_args' from command line to 'None'
[0.455s] Level 5:colcon.colcon_core.verb:set package 'crazyflie_gazebo' build argument 'cmake_target' from command line to 'None'
[0.455s] Level 5:colcon.colcon_core.verb:set package 'crazyflie_gazebo' build argument 'cmake_target_skip_unavailable' from command line to 'False'
[0.455s] Level 5:colcon.colcon_core.verb:set package 'crazyflie_gazebo' build argument 'cmake_clean_cache' from command line to 'False'
[0.455s] Level 5:colcon.colcon_core.verb:set package 'crazyflie_gazebo' build argument 'cmake_clean_first' from command line to 'False'
[0.455s] Level 5:colcon.colcon_core.verb:set package 'crazyflie_gazebo' build argument 'cmake_force_configure' from command line to 'False'
[0.455s] Level 5:colcon.colcon_core.verb:set package 'crazyflie_gazebo' build argument 'ament_cmake_args' from command line to 'None'
[0.455s] Level 5:colcon.colcon_core.verb:set package 'crazyflie_gazebo' build argument 'catkin_cmake_args' from command line to 'None'
[0.455s] Level 5:colcon.colcon_core.verb:set package 'crazyflie_gazebo' build argument 'catkin_skip_building_tests' from command line to 'False'
[0.455s] DEBUG:colcon.colcon_core.verb:Building package 'crazyflie_gazebo' with the following arguments: {'ament_cmake_args': None, 'build_base': '/home/kaust/Desktop/GustGurus-Drone-Project/crazyflie_simulation/src/build/crazyflie_gazebo', 'catkin_cmake_args': None, 'catkin_skip_building_tests': False, 'cmake_args': None, 'cmake_clean_cache': False, 'cmake_clean_first': False, 'cmake_force_configure': False, 'cmake_target': None, 'cmake_target_skip_unavailable': False, 'install_base': '/home/kaust/Desktop/GustGurus-Drone-Project/crazyflie_simulation/src/install/crazyflie_gazebo', 'merge_install': False, 'path': '/home/kaust/Desktop/GustGurus-Drone-Project/crazyflie_simulation/src/crazyflie_gazebo', 'symlink_install': False, 'test_result_base': None}
[0.455s] INFO:colcon.colcon_core.executor:Executing jobs using 'parallel' executor
[0.458s] DEBUG:colcon.colcon_parallel_executor.executor.parallel:run_until_complete
[0.459s] INFO:colcon.colcon_ros.task.ament_python.build:Building ROS package in '/home/kaust/Desktop/GustGurus-Drone-Project/crazyflie_simulation/src/controllers' with build type 'ament_python'
[0.460s] Level 1:colcon.colcon_core.shell:create_environment_hook('controllers', 'ament_prefix_path')
[0.465s] INFO:colcon.colcon_core.plugin_system:Skipping extension 'colcon_core.shell.bat': Not used on non-Windows systems
[0.466s] INFO:colcon.colcon_core.shell:Creating environment hook '/home/kaust/Desktop/GustGurus-Drone-Project/crazyflie_simulation/src/install/controllers/share/controllers/hook/ament_prefix_path.ps1'
[0.467s] INFO:colcon.colcon_core.shell:Creating environment descriptor '/home/kaust/Desktop/GustGurus-Drone-Project/crazyflie_simulation/src/install/controllers/share/controllers/hook/ament_prefix_path.dsv'
[0.467s] INFO:colcon.colcon_core.shell:Creating environment hook '/home/kaust/Desktop/GustGurus-Drone-Project/crazyflie_simulation/src/install/controllers/share/controllers/hook/ament_prefix_path.sh'
[0.468s] INFO:colcon.colcon_core.shell:Skip shell extension 'powershell' for command environment: Not usable outside of PowerShell
[0.469s] DEBUG:colcon.colcon_core.shell:Skip shell extension 'dsv' for command environment
[0.474s] INFO:colcon.colcon_ros.task.ament_python.build:Building ROS package in '/home/kaust/Desktop/GustGurus-Drone-Project/crazyflie_simulation/src/crazyflie_gazebo' with build type 'ament_python'
[0.475s] Level 1:colcon.colcon_core.shell:create_environment_hook('crazyflie_gazebo', 'ament_prefix_path')
[0.475s] INFO:colcon.colcon_core.shell:Creating environment hook '/home/kaust/Desktop/GustGurus-Drone-Project/crazyflie_simulation/src/install/crazyflie_gazebo/share/crazyflie_gazebo/hook/ament_prefix_path.ps1'
[0.477s] INFO:colcon.colcon_core.shell:Creating environment descriptor '/home/kaust/Desktop/GustGurus-Drone-Project/crazyflie_simulation/src/install/crazyflie_gazebo/share/crazyflie_gazebo/hook/ament_prefix_path.dsv'
[0.478s] INFO:colcon.colcon_core.shell:Creating environment hook '/home/kaust/Desktop/GustGurus-Drone-Project/crazyflie_simulation/src/install/crazyflie_gazebo/share/crazyflie_gazebo/hook/ament_prefix_path.sh'
[0.480s] INFO:colcon.colcon_core.shell:Skip shell extension 'powershell' for command environment: Not usable outside of PowerShell
[0.480s] DEBUG:colcon.colcon_core.shell:Skip shell extension 'dsv' for command environment
[0.887s] INFO:colcon.colcon_core.task.python.build:Building Python package in '/home/kaust/Desktop/GustGurus-Drone-Project/crazyflie_simulation/src/controllers'
[0.888s] INFO:colcon.colcon_core.shell:Skip shell extension 'powershell' for command environment: Not usable outside of PowerShell
[0.888s] DEBUG:colcon.colcon_core.shell:Skip shell extension 'dsv' for command environment
[1.237s] INFO:colcon.colcon_core.task.python.build:Building Python package in '/home/kaust/Desktop/GustGurus-Drone-Project/crazyflie_simulation/src/crazyflie_gazebo'
[1.237s] INFO:colcon.colcon_core.shell:Skip shell extension 'powershell' for command environment: Not usable outside of PowerShell
[1.238s] DEBUG:colcon.colcon_core.shell:Skip shell extension 'dsv' for command environment
[1.740s] DEBUG:colcon.colcon_core.event_handler.log_command:Invoking command in '/home/kaust/Desktop/GustGurus-Drone-Project/crazyflie_simulation/src/crazyflie_gazebo': PS1=(crazyflie_ros) \[\e]0;\u@\h: \w\a\]${debian_chroot:+($debian_chroot)}\[\033[01;32m\]\u@\h\[\033[00m\]:\[\033[01;34m\]\w\[\033[00m\]\$ PYTHONPATH=/home/kaust/Desktop/GustGurus-Drone-Project/crazyflie_simulation/src/build/crazyflie_gazebo/prefix_override:/usr/lib/python3/dist-packages/colcon_core/task/python/colcon_distutils_commands:/home/kaust/Desktop/GustGurus-Drone-Project/crazyflie_simulation/src/install/crazyflie_gazebo/lib/python3.10/site-packages:${PYTHONPATH} VIRTUAL_ENV_PROMPT=(crazyflie_ros) /usr/bin/python3 -W ignore:setup.py install is deprecated setup.py egg_info --egg-base ../build/crazyflie_gazebo build --build-base /home/kaust/Desktop/GustGurus-Drone-Project/crazyflie_simulation/src/build/crazyflie_gazebo/build install --record /home/kaust/Desktop/GustGurus-Drone-Project/crazyflie_simulation/src/build/crazyflie_gazebo/install.log --single-version-externally-managed install_data
[1.742s] DEBUG:colcon.colcon_core.event_handler.log_command:Invoking command in '/home/kaust/Desktop/GustGurus-Drone-Project/crazyflie_simulation/src/controllers': PS1=(crazyflie_ros) \[\e]0;\u@\h: \w\a\]${debian_chroot:+($debian_chroot)}\[\033[01;32m\]\u@\h\[\033[00m\]:\[\033[01;34m\]\w\[\033[00m\]\$ PYTHONPATH=/home/kaust/Desktop/GustGurus-Drone-Project/crazyflie_simulation/src/build/controllers/prefix_override:/usr/lib/python3/dist-packages/colcon_core/task/python/colcon_distutils_commands:/home/kaust/Desktop/GustGurus-Drone-Project/crazyflie_simulation/src/install/controllers/lib/python3.10/site-packages:${PYTHONPATH} VIRTUAL_ENV_PROMPT=(crazyflie_ros) /usr/bin/python3 -W ignore:setup.py install is deprecated setup.py egg_info --egg-base ../build/controllers build --build-base /home/kaust/Desktop/GustGurus-Drone-Project/crazyflie_simulation/src/build/controllers/build install --record /home/kaust/Desktop/GustGurus-Drone-Project/crazyflie_simulation/src/build/controllers/install.log --single-version-externally-managed install_data
[2.158s] DEBUG:colcon.colcon_core.event_handler.log_command:Invoked command in '/home/kaust/Desktop/GustGurus-Drone-Project/crazyflie_simulation/src/controllers' returned '0': PS1=(crazyflie_ros) \[\e]0;\u@\h: \w\a\]${debian_chroot:+($debian_chroot)}\[\033[01;32m\]\u@\h\[\033[00m\]:\[\033[01;34m\]\w\[\033[00m\]\$ PYTHONPATH=/home/kaust/Desktop/GustGurus-Drone-Project/crazyflie_simulation/src/build/controllers/prefix_override:/usr/lib/python3/dist-packages/colcon_core/task/python/colcon_distutils_commands:/home/kaust/Desktop/GustGurus-Drone-Project/crazyflie_simulation/src/install/controllers/lib/python3.10/site-packages:${PYTHONPATH} VIRTUAL_ENV_PROMPT=(crazyflie_ros) /usr/bin/python3 -W ignore:setup.py install is deprecated setup.py egg_info --egg-base ../build/controllers build --build-base /home/kaust/Desktop/GustGurus-Drone-Project/crazyflie_simulation/src/build/controllers/build install --record /home/kaust/Desktop/GustGurus-Drone-Project/crazyflie_simulation/src/build/controllers/install.log --single-version-externally-managed install_data
[2.163s] Level 1:colcon.colcon_core.environment:checking '/home/kaust/Desktop/GustGurus-Drone-Project/crazyflie_simulation/src/install/controllers' for CMake module files
[2.164s] Level 1:colcon.colcon_core.environment:checking '/home/kaust/Desktop/GustGurus-Drone-Project/crazyflie_simulation/src/install/controllers' for CMake config files
[2.165s] Level 1:colcon.colcon_core.environment:checking '/home/kaust/Desktop/GustGurus-Drone-Project/crazyflie_simulation/src/install/controllers/lib'
[2.166s] Level 1:colcon.colcon_core.environment:checking '/home/kaust/Desktop/GustGurus-Drone-Project/crazyflie_simulation/src/install/controllers/bin'
[2.166s] Level 1:colcon.colcon_core.environment:checking '/home/kaust/Desktop/GustGurus-Drone-Project/crazyflie_simulation/src/install/controllers/lib/pkgconfig/controllers.pc'
[2.166s] Level 1:colcon.colcon_core.environment:checking '/home/kaust/Desktop/GustGurus-Drone-Project/crazyflie_simulation/src/install/controllers/lib/python3.10/site-packages'
[2.166s] Level 1:colcon.colcon_core.shell:create_environment_hook('controllers', 'pythonpath')
[2.167s] INFO:colcon.colcon_core.shell:Creating environment hook '/home/kaust/Desktop/GustGurus-Drone-Project/crazyflie_simulation/src/install/controllers/share/controllers/hook/pythonpath.ps1'
[2.168s] INFO:colcon.colcon_core.shell:Creating environment descriptor '/home/kaust/Desktop/GustGurus-Drone-Project/crazyflie_simulation/src/install/controllers/share/controllers/hook/pythonpath.dsv'
[2.168s] INFO:colcon.colcon_core.shell:Creating environment hook '/home/kaust/Desktop/GustGurus-Drone-Project/crazyflie_simulation/src/install/controllers/share/controllers/hook/pythonpath.sh'
[2.170s] Level 1:colcon.colcon_core.environment:checking '/home/kaust/Desktop/GustGurus-Drone-Project/crazyflie_simulation/src/install/controllers/bin'
[2.170s] Level 1:colcon.colcon_core.environment:create_environment_scripts_only(controllers)
[2.170s] INFO:colcon.colcon_core.shell:Creating package script '/home/kaust/Desktop/GustGurus-Drone-Project/crazyflie_simulation/src/install/controllers/share/controllers/package.ps1'
[2.172s] INFO:colcon.colcon_core.shell:Creating package descriptor '/home/kaust/Desktop/GustGurus-Drone-Project/crazyflie_simulation/src/install/controllers/share/controllers/package.dsv'
[2.172s] INFO:colcon.colcon_core.shell:Creating package script '/home/kaust/Desktop/GustGurus-Drone-Project/crazyflie_simulation/src/install/controllers/share/controllers/package.sh'
[2.174s] INFO:colcon.colcon_core.shell:Creating package script '/home/kaust/Desktop/GustGurus-Drone-Project/crazyflie_simulation/src/install/controllers/share/controllers/package.bash'
[2.175s] INFO:colcon.colcon_core.shell:Creating package script '/home/kaust/Desktop/GustGurus-Drone-Project/crazyflie_simulation/src/install/controllers/share/controllers/package.zsh'
[2.176s] Level 1:colcon.colcon_core.environment:create_file_with_runtime_dependencies(/home/kaust/Desktop/GustGurus-Drone-Project/crazyflie_simulation/src/install/controllers/share/colcon-core/packages/controllers)
[2.179s] Level 1:colcon.colcon_core.environment:checking '/home/kaust/Desktop/GustGurus-Drone-Project/crazyflie_simulation/src/install/crazyflie_gazebo' for CMake module files
[2.181s] Level 1:colcon.colcon_core.environment:checking '/home/kaust/Desktop/GustGurus-Drone-Project/crazyflie_simulation/src/install/crazyflie_gazebo' for CMake config files
[2.182s] DEBUG:colcon.colcon_core.event_handler.log_command:Invoked command in '/home/kaust/Desktop/GustGurus-Drone-Project/crazyflie_simulation/src/crazyflie_gazebo' returned '0': PS1=(crazyflie_ros) \[\e]0;\u@\h: \w\a\]${debian_chroot:+($debian_chroot)}\[\033[01;32m\]\u@\h\[\033[00m\]:\[\033[01;34m\]\w\[\033[00m\]\$ PYTHONPATH=/home/kaust/Desktop/GustGurus-Drone-Project/crazyflie_simulation/src/build/crazyflie_gazebo/prefix_override:/usr/lib/python3/dist-packages/colcon_core/task/python/colcon_distutils_commands:/home/kaust/Desktop/GustGurus-Drone-Project/crazyflie_simulation/src/install/crazyflie_gazebo/lib/python3.10/site-packages:${PYTHONPATH} VIRTUAL_ENV_PROMPT=(crazyflie_ros) /usr/bin/python3 -W ignore:setup.py install is deprecated setup.py egg_info --egg-base ../build/crazyflie_gazebo build --build-base /home/kaust/Desktop/GustGurus-Drone-Project/crazyflie_simulation/src/build/crazyflie_gazebo/build install --record /home/kaust/Desktop/GustGurus-Drone-Project/crazyflie_simulation/src/build/crazyflie_gazebo/install.log --single-version-externally-managed install_data
[2.183s] Level 1:colcon.colcon_core.environment:checking '/home/kaust/Desktop/GustGurus-Drone-Project/crazyflie_simulation/src/install/crazyflie_gazebo/lib'
[2.183s] Level 1:colcon.colcon_core.environment:checking '/home/kaust/Desktop/GustGurus-Drone-Project/crazyflie_simulation/src/install/crazyflie_gazebo/bin'
[2.183s] Level 1:colcon.colcon_core.environment:checking '/home/kaust/Desktop/GustGurus-Drone-Project/crazyflie_simulation/src/install/crazyflie_gazebo/lib/pkgconfig/crazyflie_gazebo.pc'
[2.184s] Level 1:colcon.colcon_core.environment:checking '/home/kaust/Desktop/GustGurus-Drone-Project/crazyflie_simulation/src/install/crazyflie_gazebo/lib/python3.10/site-packages'
[2.184s] Level 1:colcon.colcon_core.shell:create_environment_hook('crazyflie_gazebo', 'pythonpath')
[2.184s] INFO:colcon.colcon_core.shell:Creating environment hook '/home/kaust/Desktop/GustGurus-Drone-Project/crazyflie_simulation/src/install/crazyflie_gazebo/share/crazyflie_gazebo/hook/pythonpath.ps1'
[2.185s] INFO:colcon.colcon_core.shell:Creating environment descriptor '/home/kaust/Desktop/GustGurus-Drone-Project/crazyflie_simulation/src/install/crazyflie_gazebo/share/crazyflie_gazebo/hook/pythonpath.dsv'
[2.186s] INFO:colcon.colcon_core.shell:Creating environment hook '/home/kaust/Desktop/GustGurus-Drone-Project/crazyflie_simulation/src/install/crazyflie_gazebo/share/crazyflie_gazebo/hook/pythonpath.sh'
[2.187s] Level 1:colcon.colcon_core.environment:checking '/home/kaust/Desktop/GustGurus-Drone-Project/crazyflie_simulation/src/install/crazyflie_gazebo/bin'
[2.188s] Level 1:colcon.colcon_core.environment:create_environment_scripts_only(crazyflie_gazebo)
[2.188s] INFO:colcon.colcon_core.shell:Creating package script '/home/kaust/Desktop/GustGurus-Drone-Project/crazyflie_simulation/src/install/crazyflie_gazebo/share/crazyflie_gazebo/package.ps1'
[2.189s] INFO:colcon.colcon_core.shell:Creating package descriptor '/home/kaust/Desktop/GustGurus-Drone-Project/crazyflie_simulation/src/install/crazyflie_gazebo/share/crazyflie_gazebo/package.dsv'
[2.190s] INFO:colcon.colcon_core.shell:Creating package script '/home/kaust/Desktop/GustGurus-Drone-Project/crazyflie_simulation/src/install/crazyflie_gazebo/share/crazyflie_gazebo/package.sh'
[2.190s] INFO:colcon.colcon_core.shell:Creating package script '/home/kaust/Desktop/GustGurus-Drone-Project/crazyflie_simulation/src/install/crazyflie_gazebo/share/crazyflie_gazebo/package.bash'
[2.191s] INFO:colcon.colcon_core.shell:Creating package script '/home/kaust/Desktop/GustGurus-Drone-Project/crazyflie_simulation/src/install/crazyflie_gazebo/share/crazyflie_gazebo/package.zsh'
[2.192s] Level 1:colcon.colcon_core.environment:create_file_with_runtime_dependencies(/home/kaust/Desktop/GustGurus-Drone-Project/crazyflie_simulation/src/install/crazyflie_gazebo/share/colcon-core/packages/crazyflie_gazebo)
[2.193s] DEBUG:colcon.colcon_parallel_executor.executor.parallel:closing loop
[2.194s] DEBUG:colcon.colcon_parallel_executor.executor.parallel:loop closed
[2.196s] DEBUG:colcon.colcon_parallel_executor.executor.parallel:run_until_complete finished with '0'
[2.197s] DEBUG:colcon.colcon_core.event_reactor:joining thread
[2.208s] INFO:colcon.colcon_core.plugin_system:Skipping extension 'colcon_notification.desktop_notification.terminal_notifier': Not used on non-Darwin systems
[2.208s] INFO:colcon.colcon_core.plugin_system:Skipping extension 'colcon_notification.desktop_notification.win32': Not used on non-Windows systems
[2.208s] INFO:colcon.colcon_notification.desktop_notification:Sending desktop notification using 'notify2'
[2.238s] DEBUG:colcon.colcon_core.event_reactor:joined thread
[2.241s] INFO:colcon.colcon_core.shell:Creating prefix script '/home/kaust/Desktop/GustGurus-Drone-Project/crazyflie_simulation/src/install/local_setup.ps1'
[2.247s] INFO:colcon.colcon_core.shell:Creating prefix util module '/home/kaust/Desktop/GustGurus-Drone-Project/crazyflie_simulation/src/install/_local_setup_util_ps1.py'
[2.257s] INFO:colcon.colcon_core.shell:Creating prefix chain script '/home/kaust/Desktop/GustGurus-Drone-Project/crazyflie_simulation/src/install/setup.ps1'
[2.267s] INFO:colcon.colcon_core.shell:Creating prefix script '/home/kaust/Desktop/GustGurus-Drone-Project/crazyflie_simulation/src/install/local_setup.sh'
[2.273s] INFO:colcon.colcon_core.shell:Creating prefix util module '/home/kaust/Desktop/GustGurus-Drone-Project/crazyflie_simulation/src/install/_local_setup_util_sh.py'
[2.277s] INFO:colcon.colcon_core.shell:Creating prefix chain script '/home/kaust/Desktop/GustGurus-Drone-Project/crazyflie_simulation/src/install/setup.sh'
[2.284s] INFO:colcon.colcon_core.shell:Creating prefix script '/home/kaust/Desktop/GustGurus-Drone-Project/crazyflie_simulation/src/install/local_setup.bash'
[2.285s] INFO:colcon.colcon_core.shell:Creating prefix chain script '/home/kaust/Desktop/GustGurus-Drone-Project/crazyflie_simulation/src/install/setup.bash'
[2.287s] INFO:colcon.colcon_core.shell:Creating prefix script '/home/kaust/Desktop/GustGurus-Drone-Project/crazyflie_simulation/src/install/local_setup.zsh'
[2.288s] INFO:colcon.colcon_core.shell:Creating prefix chain script '/home/kaust/Desktop/GustGurus-Drone-Project/crazyflie_simulation/src/install/setup.zsh'
