running egg_info
writing ../../build/crazyflie_gazebo/crazyflie_gazebo.egg-info/PKG-INFO
writing dependency_links to ../../build/crazyflie_gazebo/crazyflie_gazebo.egg-info/dependency_links.txt
writing entry points to ../../build/crazyflie_gazebo/crazyflie_gazebo.egg-info/entry_points.txt
writing requirements to ../../build/crazyflie_gazebo/crazyflie_gazebo.egg-info/requires.txt
writing top-level names to ../../build/crazyflie_gazebo/crazyflie_gazebo.egg-info/top_level.txt
reading manifest file '../../build/crazyflie_gazebo/crazyflie_gazebo.egg-info/SOURCES.txt'
writing manifest file '../../build/crazyflie_gazebo/crazyflie_gazebo.egg-info/SOURCES.txt'
running build
running build_py
copying crazyflie_gazebo/control_services.py -> /home/denis/Desktop/GustGurus-Drone-Project/crazyflie_simulation/build/crazyflie_gazebo/build/lib/crazyflie_gazebo
running install
running install_lib
copying /home/denis/Desktop/GustGurus-Drone-Project/crazyflie_simulation/build/crazyflie_gazebo/build/lib/crazyflie_gazebo/control_services.py -> /home/denis/Desktop/GustGurus-Drone-Project/crazyflie_simulation/install/crazyflie_gazebo/lib/python3.10/site-packages/crazyflie_gazebo
byte-compiling /home/denis/Desktop/GustGurus-Drone-Project/crazyflie_simulation/install/crazyflie_gazebo/lib/python3.10/site-packages/crazyflie_gazebo/control_services.py to control_services.cpython-310.pyc
running install_data
copying launch/crazyflie_gazebo.launch.py -> /home/denis/Desktop/GustGurus-Drone-Project/crazyflie_simulation/install/crazyflie_gazebo/share/crazyflie_gazebo/launch
copying config/ros_gz_crazyflie_bridge.yaml -> /home/denis/Desktop/GustGurus-Drone-Project/crazyflie_simulation/install/crazyflie_gazebo/share/crazyflie_gazebo/config
copying models/crazyflie_world.sdf -> /home/denis/Desktop/GustGurus-Drone-Project/crazyflie_simulation/install/crazyflie_gazebo/share/crazyflie_gazebo/models
copying models/model_each_motor.sdf -> /home/denis/Desktop/GustGurus-Drone-Project/crazyflie_simulation/install/crazyflie_gazebo/share/crazyflie_gazebo/models
running install_egg_info
removing '/home/denis/Desktop/GustGurus-Drone-Project/crazyflie_simulation/install/crazyflie_gazebo/lib/python3.10/site-packages/crazyflie_gazebo-1.0.0-py3.10.egg-info' (and everything under it)
Copying ../../build/crazyflie_gazebo/crazyflie_gazebo.egg-info to /home/denis/Desktop/GustGurus-Drone-Project/crazyflie_simulation/install/crazyflie_gazebo/lib/python3.10/site-packages/crazyflie_gazebo-1.0.0-py3.10.egg-info
running install_scripts
Installing control_services script to /home/denis/Desktop/GustGurus-Drone-Project/crazyflie_simulation/install/crazyflie_gazebo/lib/crazyflie_gazebo
writing list of installed files to '/home/denis/Desktop/GustGurus-Drone-Project/crazyflie_simulation/build/crazyflie_gazebo/install.log'
