[0.184s] DEBUG:colcon:Command line arguments: ['/usr/bin/colcon', 'build']
[0.184s] DEBUG:colcon:Parsed command line arguments: Namespace(log_base=None, log_level=None, verb_name='build', build_base='build', install_base='install', merge_install=False, symlink_install=False, test_result_base=None, continue_on_error=False, executor='parallel', parallel_workers=8, event_handlers=None, ignore_user_meta=False, metas=['./colcon.meta'], base_paths=['.'], packages_ignore=None, packages_ignore_regex=None, paths=None, packages_up_to=None, packages_up_to_regex=None, packages_above=None, packages_above_and_dependencies=None, packages_above_depth=None, packages_select_by_dep=None, packages_skip_by_dep=None, packages_skip_up_to=None, packages_select_build_failed=False, packages_skip_build_finished=False, packages_select_test_failures=False, packages_skip_test_passed=False, packages_select=None, packages_skip=None, packages_select_regex=None, packages_skip_regex=None, packages_start=None, packages_end=None, allow_overriding=[], cmake_args=None, cmake_target=None, cmake_target_skip_unavailable=False, cmake_clean_cache=False, cmake_clean_first=False, cmake_force_configure=False, ament_cmake_args=None, catkin_cmake_args=None, catkin_skip_building_tests=False, verb_parser=<colcon_defaults.argument_parser.defaults.DefaultArgumentsDecorator object at 0x7e935ed0bdf0>, verb_extension=<colcon_core.verb.build.BuildVerb object at 0x7e935eeb16f0>, main=<bound method BuildVerb.main of <colcon_core.verb.build.BuildVerb object at 0x7e935eeb16f0>>)
[0.445s] Level 1:colcon.colcon_core.package_discovery:discover_packages(colcon_meta) check parameters
[0.446s] Level 1:colcon.colcon_core.package_discovery:discover_packages(recursive) check parameters
[0.446s] Level 1:colcon.colcon_core.package_discovery:discover_packages(ignore) check parameters
[0.446s] Level 1:colcon.colcon_core.package_discovery:discover_packages(path) check parameters
[0.446s] Level 1:colcon.colcon_core.package_discovery:discover_packages(colcon_meta) discover
[0.446s] Level 1:colcon.colcon_core.package_discovery:discover_packages(recursive) discover
[0.446s] INFO:colcon.colcon_core.package_discovery:Crawling recursively for packages in '/home/denis/Desktop/GustGurus-Drone-Project/crazyflie_simulation'
[0.450s] Level 1:colcon.colcon_core.package_identification:_identify(.) by extensions ['ignore', 'ignore_ament_install']
[0.450s] Level 1:colcon.colcon_core.package_identification:_identify(.) by extension 'ignore'
[0.450s] Level 1:colcon.colcon_core.package_identification:_identify(.) by extension 'ignore_ament_install'
[0.451s] Level 1:colcon.colcon_core.package_identification:_identify(.) by extensions ['colcon_pkg']
[0.451s] Level 1:colcon.colcon_core.package_identification:_identify(.) by extension 'colcon_pkg'
[0.451s] Level 1:colcon.colcon_core.package_identification:_identify(.) by extensions ['colcon_meta']
[0.451s] Level 1:colcon.colcon_core.package_identification:_identify(.) by extension 'colcon_meta'
[0.451s] Level 1:colcon.colcon_core.package_identification:_identify(.) by extensions ['ros']
[0.451s] Level 1:colcon.colcon_core.package_identification:_identify(.) by extension 'ros'
[0.472s] Level 1:colcon.colcon_core.package_identification:_identify(.) by extensions ['cmake', 'python']
[0.473s] Level 1:colcon.colcon_core.package_identification:_identify(.) by extension 'cmake'
[0.473s] Level 1:colcon.colcon_core.package_identification:_identify(.) by extension 'python'
[0.473s] Level 1:colcon.colcon_core.package_identification:_identify(.) by extensions ['python_setup_py']
[0.473s] Level 1:colcon.colcon_core.package_identification:_identify(.) by extension 'python_setup_py'
[0.473s] Level 1:colcon.colcon_core.package_identification:_identify(build) by extensions ['ignore', 'ignore_ament_install']
[0.473s] Level 1:colcon.colcon_core.package_identification:_identify(build) by extension 'ignore'
[0.473s] Level 1:colcon.colcon_core.package_identification:_identify(build) ignored
[0.473s] Level 1:colcon.colcon_core.package_identification:_identify(install) by extensions ['ignore', 'ignore_ament_install']
[0.474s] Level 1:colcon.colcon_core.package_identification:_identify(install) by extension 'ignore'
[0.474s] Level 1:colcon.colcon_core.package_identification:_identify(install) ignored
[0.474s] Level 1:colcon.colcon_core.package_identification:_identify(log) by extensions ['ignore', 'ignore_ament_install']
[0.474s] Level 1:colcon.colcon_core.package_identification:_identify(log) by extension 'ignore'
[0.474s] Level 1:colcon.colcon_core.package_identification:_identify(log) ignored
[0.474s] Level 1:colcon.colcon_core.package_identification:_identify(plugins) by extensions ['ignore', 'ignore_ament_install']
[0.474s] Level 1:colcon.colcon_core.package_identification:_identify(plugins) by extension 'ignore'
[0.474s] Level 1:colcon.colcon_core.package_identification:_identify(plugins) by extension 'ignore_ament_install'
[0.475s] Level 1:colcon.colcon_core.package_identification:_identify(plugins) by extensions ['colcon_pkg']
[0.475s] Level 1:colcon.colcon_core.package_identification:_identify(plugins) by extension 'colcon_pkg'
[0.475s] Level 1:colcon.colcon_core.package_identification:_identify(plugins) by extensions ['colcon_meta']
[0.475s] Level 1:colcon.colcon_core.package_identification:_identify(plugins) by extension 'colcon_meta'
[0.475s] Level 1:colcon.colcon_core.package_identification:_identify(plugins) by extensions ['ros']
[0.475s] Level 1:colcon.colcon_core.package_identification:_identify(plugins) by extension 'ros'
[0.475s] Level 1:colcon.colcon_core.package_identification:_identify(plugins) by extensions ['cmake', 'python']
[0.475s] Level 1:colcon.colcon_core.package_identification:_identify(plugins) by extension 'cmake'
[0.475s] Level 1:colcon.colcon_core.package_identification:_identify(plugins) by extension 'python'
[0.475s] Level 1:colcon.colcon_core.package_identification:_identify(plugins) by extensions ['python_setup_py']
[0.476s] Level 1:colcon.colcon_core.package_identification:_identify(plugins) by extension 'python_setup_py'
[0.476s] Level 1:colcon.colcon_core.package_identification:_identify(src) by extensions ['ignore', 'ignore_ament_install']
[0.476s] Level 1:colcon.colcon_core.package_identification:_identify(src) by extension 'ignore'
[0.476s] Level 1:colcon.colcon_core.package_identification:_identify(src) by extension 'ignore_ament_install'
[0.476s] Level 1:colcon.colcon_core.package_identification:_identify(src) by extensions ['colcon_pkg']
[0.476s] Level 1:colcon.colcon_core.package_identification:_identify(src) by extension 'colcon_pkg'
[0.476s] Level 1:colcon.colcon_core.package_identification:_identify(src) by extensions ['colcon_meta']
[0.476s] Level 1:colcon.colcon_core.package_identification:_identify(src) by extension 'colcon_meta'
[0.476s] Level 1:colcon.colcon_core.package_identification:_identify(src) by extensions ['ros']
[0.476s] Level 1:colcon.colcon_core.package_identification:_identify(src) by extension 'ros'
[0.476s] Level 1:colcon.colcon_core.package_identification:_identify(src) by extensions ['cmake', 'python']
[0.476s] Level 1:colcon.colcon_core.package_identification:_identify(src) by extension 'cmake'
[0.477s] Level 1:colcon.colcon_core.package_identification:_identify(src) by extension 'python'
[0.477s] Level 1:colcon.colcon_core.package_identification:_identify(src) by extensions ['python_setup_py']
[0.477s] Level 1:colcon.colcon_core.package_identification:_identify(src) by extension 'python_setup_py'
[0.477s] Level 1:colcon.colcon_core.package_identification:_identify(src/build) by extensions ['ignore', 'ignore_ament_install']
[0.477s] Level 1:colcon.colcon_core.package_identification:_identify(src/build) by extension 'ignore'
[0.477s] Level 1:colcon.colcon_core.package_identification:_identify(src/build) ignored
[0.477s] Level 1:colcon.colcon_core.package_identification:_identify(src/controllers) by extensions ['ignore', 'ignore_ament_install']
[0.477s] Level 1:colcon.colcon_core.package_identification:_identify(src/controllers) by extension 'ignore'
[0.477s] Level 1:colcon.colcon_core.package_identification:_identify(src/controllers) by extension 'ignore_ament_install'
[0.478s] Level 1:colcon.colcon_core.package_identification:_identify(src/controllers) by extensions ['colcon_pkg']
[0.478s] Level 1:colcon.colcon_core.package_identification:_identify(src/controllers) by extension 'colcon_pkg'
[0.478s] Level 1:colcon.colcon_core.package_identification:_identify(src/controllers) by extensions ['colcon_meta']
[0.478s] Level 1:colcon.colcon_core.package_identification:_identify(src/controllers) by extension 'colcon_meta'
[0.478s] Level 1:colcon.colcon_core.package_identification:_identify(src/controllers) by extensions ['ros']
[0.478s] Level 1:colcon.colcon_core.package_identification:_identify(src/controllers) by extension 'ros'
[0.482s] DEBUG:colcon.colcon_core.package_identification:Package 'src/controllers' with type 'ros.ament_python' and name 'controllers'
[0.482s] Level 1:colcon.colcon_core.package_identification:_identify(src/cpp_controllers) by extensions ['ignore', 'ignore_ament_install']
[0.482s] Level 1:colcon.colcon_core.package_identification:_identify(src/cpp_controllers) by extension 'ignore'
[0.482s] Level 1:colcon.colcon_core.package_identification:_identify(src/cpp_controllers) by extension 'ignore_ament_install'
[0.482s] Level 1:colcon.colcon_core.package_identification:_identify(src/cpp_controllers) by extensions ['colcon_pkg']
[0.482s] Level 1:colcon.colcon_core.package_identification:_identify(src/cpp_controllers) by extension 'colcon_pkg'
[0.483s] Level 1:colcon.colcon_core.package_identification:_identify(src/cpp_controllers) by extensions ['colcon_meta']
[0.483s] Level 1:colcon.colcon_core.package_identification:_identify(src/cpp_controllers) by extension 'colcon_meta'
[0.483s] Level 1:colcon.colcon_core.package_identification:_identify(src/cpp_controllers) by extensions ['ros']
[0.483s] Level 1:colcon.colcon_core.package_identification:_identify(src/cpp_controllers) by extension 'ros'
[0.484s] DEBUG:colcon.colcon_core.package_identification:Package 'src/cpp_controllers' with type 'ros.ament_cmake' and name 'cpp_controllers'
[0.484s] Level 1:colcon.colcon_core.package_identification:_identify(src/crazyflie_gazebo) by extensions ['ignore', 'ignore_ament_install']
[0.484s] Level 1:colcon.colcon_core.package_identification:_identify(src/crazyflie_gazebo) by extension 'ignore'
[0.484s] Level 1:colcon.colcon_core.package_identification:_identify(src/crazyflie_gazebo) by extension 'ignore_ament_install'
[0.484s] Level 1:colcon.colcon_core.package_identification:_identify(src/crazyflie_gazebo) by extensions ['colcon_pkg']
[0.484s] Level 1:colcon.colcon_core.package_identification:_identify(src/crazyflie_gazebo) by extension 'colcon_pkg'
[0.484s] Level 1:colcon.colcon_core.package_identification:_identify(src/crazyflie_gazebo) by extensions ['colcon_meta']
[0.485s] Level 1:colcon.colcon_core.package_identification:_identify(src/crazyflie_gazebo) by extension 'colcon_meta'
[0.485s] Level 1:colcon.colcon_core.package_identification:_identify(src/crazyflie_gazebo) by extensions ['ros']
[0.485s] Level 1:colcon.colcon_core.package_identification:_identify(src/crazyflie_gazebo) by extension 'ros'
[0.485s] DEBUG:colcon.colcon_core.package_identification:Package 'src/crazyflie_gazebo' with type 'ros.ament_python' and name 'crazyflie_gazebo'
[0.486s] Level 1:colcon.colcon_core.package_identification:_identify(src/install) by extensions ['ignore', 'ignore_ament_install']
[0.486s] Level 1:colcon.colcon_core.package_identification:_identify(src/install) by extension 'ignore'
[0.486s] Level 1:colcon.colcon_core.package_identification:_identify(src/install) ignored
[0.486s] Level 1:colcon.colcon_core.package_identification:_identify(src/log) by extensions ['ignore', 'ignore_ament_install']
[0.486s] Level 1:colcon.colcon_core.package_identification:_identify(src/log) by extension 'ignore'
[0.486s] Level 1:colcon.colcon_core.package_identification:_identify(src/log) ignored
[0.486s] Level 1:colcon.colcon_core.package_discovery:discover_packages(recursive) using defaults
[0.487s] Level 1:colcon.colcon_core.package_discovery:discover_packages(ignore) discover
[0.487s] Level 1:colcon.colcon_core.package_discovery:discover_packages(ignore) using defaults
[0.487s] Level 1:colcon.colcon_core.package_discovery:discover_packages(path) discover
[0.487s] Level 1:colcon.colcon_core.package_discovery:discover_packages(path) using defaults
[0.523s] Level 1:colcon.colcon_core.package_discovery:discover_packages(prefix_path) check parameters
[0.524s] Level 1:colcon.colcon_core.package_discovery:discover_packages(prefix_path) discover
[0.526s] DEBUG:colcon.colcon_installed_package_information.package_discovery:Found 3 installed packages in /home/denis/Desktop/GustGurus-Drone-Project/crazyflie_simulation/install
[0.529s] DEBUG:colcon.colcon_installed_package_information.package_discovery:Found 291 installed packages in /opt/ros/humble
[0.533s] Level 1:colcon.colcon_core.package_discovery:discover_packages(prefix_path) using defaults
[0.608s] Level 5:colcon.colcon_core.verb:set package 'controllers' build argument 'cmake_args' from command line to 'None'
[0.609s] Level 5:colcon.colcon_core.verb:set package 'controllers' build argument 'cmake_target' from command line to 'None'
[0.609s] Level 5:colcon.colcon_core.verb:set package 'controllers' build argument 'cmake_target_skip_unavailable' from command line to 'False'
[0.609s] Level 5:colcon.colcon_core.verb:set package 'controllers' build argument 'cmake_clean_cache' from command line to 'False'
[0.609s] Level 5:colcon.colcon_core.verb:set package 'controllers' build argument 'cmake_clean_first' from command line to 'False'
[0.609s] Level 5:colcon.colcon_core.verb:set package 'controllers' build argument 'cmake_force_configure' from command line to 'False'
[0.609s] Level 5:colcon.colcon_core.verb:set package 'controllers' build argument 'ament_cmake_args' from command line to 'None'
[0.609s] Level 5:colcon.colcon_core.verb:set package 'controllers' build argument 'catkin_cmake_args' from command line to 'None'
[0.609s] Level 5:colcon.colcon_core.verb:set package 'controllers' build argument 'catkin_skip_building_tests' from command line to 'False'
[0.609s] DEBUG:colcon.colcon_core.verb:Building package 'controllers' with the following arguments: {'ament_cmake_args': None, 'build_base': '/home/denis/Desktop/GustGurus-Drone-Project/crazyflie_simulation/build/controllers', 'catkin_cmake_args': None, 'catkin_skip_building_tests': False, 'cmake_args': None, 'cmake_clean_cache': False, 'cmake_clean_first': False, 'cmake_force_configure': False, 'cmake_target': None, 'cmake_target_skip_unavailable': False, 'install_base': '/home/denis/Desktop/GustGurus-Drone-Project/crazyflie_simulation/install/controllers', 'merge_install': False, 'path': '/home/denis/Desktop/GustGurus-Drone-Project/crazyflie_simulation/src/controllers', 'symlink_install': False, 'test_result_base': None}
[0.610s] Level 5:colcon.colcon_core.verb:set package 'cpp_controllers' build argument 'cmake_args' from command line to 'None'
[0.611s] Level 5:colcon.colcon_core.verb:set package 'cpp_controllers' build argument 'cmake_target' from command line to 'None'
[0.611s] Level 5:colcon.colcon_core.verb:set package 'cpp_controllers' build argument 'cmake_target_skip_unavailable' from command line to 'False'
[0.611s] Level 5:colcon.colcon_core.verb:set package 'cpp_controllers' build argument 'cmake_clean_cache' from command line to 'False'
[0.611s] Level 5:colcon.colcon_core.verb:set package 'cpp_controllers' build argument 'cmake_clean_first' from command line to 'False'
[0.611s] Level 5:colcon.colcon_core.verb:set package 'cpp_controllers' build argument 'cmake_force_configure' from command line to 'False'
[0.611s] Level 5:colcon.colcon_core.verb:set package 'cpp_controllers' build argument 'ament_cmake_args' from command line to 'None'
[0.611s] Level 5:colcon.colcon_core.verb:set package 'cpp_controllers' build argument 'catkin_cmake_args' from command line to 'None'
[0.611s] Level 5:colcon.colcon_core.verb:set package 'cpp_controllers' build argument 'catkin_skip_building_tests' from command line to 'False'
[0.611s] DEBUG:colcon.colcon_core.verb:Building package 'cpp_controllers' with the following arguments: {'ament_cmake_args': None, 'build_base': '/home/denis/Desktop/GustGurus-Drone-Project/crazyflie_simulation/build/cpp_controllers', 'catkin_cmake_args': None, 'catkin_skip_building_tests': False, 'cmake_args': None, 'cmake_clean_cache': False, 'cmake_clean_first': False, 'cmake_force_configure': False, 'cmake_target': None, 'cmake_target_skip_unavailable': False, 'install_base': '/home/denis/Desktop/GustGurus-Drone-Project/crazyflie_simulation/install/cpp_controllers', 'merge_install': False, 'path': '/home/denis/Desktop/GustGurus-Drone-Project/crazyflie_simulation/src/cpp_controllers', 'symlink_install': False, 'test_result_base': None}
[0.612s] Level 5:colcon.colcon_core.verb:set package 'crazyflie_gazebo' build argument 'cmake_args' from command line to 'None'
[0.613s] Level 5:colcon.colcon_core.verb:set package 'crazyflie_gazebo' build argument 'cmake_target' from command line to 'None'
[0.613s] Level 5:colcon.colcon_core.verb:set package 'crazyflie_gazebo' build argument 'cmake_target_skip_unavailable' from command line to 'False'
[0.613s] Level 5:colcon.colcon_core.verb:set package 'crazyflie_gazebo' build argument 'cmake_clean_cache' from command line to 'False'
[0.613s] Level 5:colcon.colcon_core.verb:set package 'crazyflie_gazebo' build argument 'cmake_clean_first' from command line to 'False'
[0.613s] Level 5:colcon.colcon_core.verb:set package 'crazyflie_gazebo' build argument 'cmake_force_configure' from command line to 'False'
[0.613s] Level 5:colcon.colcon_core.verb:set package 'crazyflie_gazebo' build argument 'ament_cmake_args' from command line to 'None'
[0.613s] Level 5:colcon.colcon_core.verb:set package 'crazyflie_gazebo' build argument 'catkin_cmake_args' from command line to 'None'
[0.613s] Level 5:colcon.colcon_core.verb:set package 'crazyflie_gazebo' build argument 'catkin_skip_building_tests' from command line to 'False'
[0.613s] DEBUG:colcon.colcon_core.verb:Building package 'crazyflie_gazebo' with the following arguments: {'ament_cmake_args': None, 'build_base': '/home/denis/Desktop/GustGurus-Drone-Project/crazyflie_simulation/build/crazyflie_gazebo', 'catkin_cmake_args': None, 'catkin_skip_building_tests': False, 'cmake_args': None, 'cmake_clean_cache': False, 'cmake_clean_first': False, 'cmake_force_configure': False, 'cmake_target': None, 'cmake_target_skip_unavailable': False, 'install_base': '/home/denis/Desktop/GustGurus-Drone-Project/crazyflie_simulation/install/crazyflie_gazebo', 'merge_install': False, 'path': '/home/denis/Desktop/GustGurus-Drone-Project/crazyflie_simulation/src/crazyflie_gazebo', 'symlink_install': False, 'test_result_base': None}
[0.614s] INFO:colcon.colcon_core.executor:Executing jobs using 'parallel' executor
[0.619s] DEBUG:colcon.colcon_parallel_executor.executor.parallel:run_until_complete
[0.621s] INFO:colcon.colcon_ros.task.ament_python.build:Building ROS package in '/home/denis/Desktop/GustGurus-Drone-Project/crazyflie_simulation/src/controllers' with build type 'ament_python'
[0.621s] Level 1:colcon.colcon_core.shell:create_environment_hook('controllers', 'ament_prefix_path')
[0.627s] INFO:colcon.colcon_core.plugin_system:Skipping extension 'colcon_core.shell.bat': Not used on non-Windows systems
[0.629s] INFO:colcon.colcon_core.shell:Creating environment hook '/home/denis/Desktop/GustGurus-Drone-Project/crazyflie_simulation/install/controllers/share/controllers/hook/ament_prefix_path.ps1'
[0.630s] INFO:colcon.colcon_core.shell:Creating environment descriptor '/home/denis/Desktop/GustGurus-Drone-Project/crazyflie_simulation/install/controllers/share/controllers/hook/ament_prefix_path.dsv'
[0.631s] INFO:colcon.colcon_core.shell:Creating environment hook '/home/denis/Desktop/GustGurus-Drone-Project/crazyflie_simulation/install/controllers/share/controllers/hook/ament_prefix_path.sh'
[0.634s] INFO:colcon.colcon_core.shell:Skip shell extension 'powershell' for command environment: Not usable outside of PowerShell
[0.634s] DEBUG:colcon.colcon_core.shell:Skip shell extension 'dsv' for command environment
[0.644s] INFO:colcon.colcon_ros.task.ament_cmake.build:Building ROS package in '/home/denis/Desktop/GustGurus-Drone-Project/crazyflie_simulation/src/cpp_controllers' with build type 'ament_cmake'
[0.644s] INFO:colcon.colcon_cmake.task.cmake.build:Building CMake package in '/home/denis/Desktop/GustGurus-Drone-Project/crazyflie_simulation/src/cpp_controllers'
[0.645s] INFO:colcon.colcon_core.shell:Skip shell extension 'powershell' for command environment: Not usable outside of PowerShell
[0.645s] DEBUG:colcon.colcon_core.shell:Skip shell extension 'dsv' for command environment
[0.660s] INFO:colcon.colcon_ros.task.ament_python.build:Building ROS package in '/home/denis/Desktop/GustGurus-Drone-Project/crazyflie_simulation/src/crazyflie_gazebo' with build type 'ament_python'
[0.660s] Level 1:colcon.colcon_core.shell:create_environment_hook('crazyflie_gazebo', 'ament_prefix_path')
[0.662s] INFO:colcon.colcon_core.shell:Creating environment hook '/home/denis/Desktop/GustGurus-Drone-Project/crazyflie_simulation/install/crazyflie_gazebo/share/crazyflie_gazebo/hook/ament_prefix_path.ps1'
[0.665s] INFO:colcon.colcon_core.shell:Creating environment descriptor '/home/denis/Desktop/GustGurus-Drone-Project/crazyflie_simulation/install/crazyflie_gazebo/share/crazyflie_gazebo/hook/ament_prefix_path.dsv'
[0.667s] INFO:colcon.colcon_core.shell:Creating environment hook '/home/denis/Desktop/GustGurus-Drone-Project/crazyflie_simulation/install/crazyflie_gazebo/share/crazyflie_gazebo/hook/ament_prefix_path.sh'
[0.672s] INFO:colcon.colcon_core.shell:Skip shell extension 'powershell' for command environment: Not usable outside of PowerShell
[0.673s] DEBUG:colcon.colcon_core.shell:Skip shell extension 'dsv' for command environment
[1.230s] INFO:colcon.colcon_core.task.python.build:Building Python package in '/home/denis/Desktop/GustGurus-Drone-Project/crazyflie_simulation/src/controllers'
[1.231s] INFO:colcon.colcon_core.shell:Skip shell extension 'powershell' for command environment: Not usable outside of PowerShell
[1.231s] DEBUG:colcon.colcon_core.shell:Skip shell extension 'dsv' for command environment
[1.262s] DEBUG:colcon.colcon_core.event_handler.log_command:Invoking command in '/home/denis/Desktop/GustGurus-Drone-Project/crazyflie_simulation/build/cpp_controllers': CMAKE_PREFIX_PATH=${CMAKE_PREFIX_PATH}:/home/denis/Desktop/GustGurus-Drone-Project/crazyflie_simulation/install/crazyflie_gazebo:/home/denis/Desktop/GustGurus-Drone-Project/crazyflie_simulation/install/controllers:/opt/ros/humble PS1=(crazyflie_ros) \[\e]0;\u@\h: \w\a\]${debian_chroot:+($debian_chroot)}\[\033[01;32m\]\u@\h\[\033[00m\]:\[\033[01;34m\]\w\[\033[00m\]\$ VIRTUAL_ENV_PROMPT=(crazyflie_ros) /usr/bin/cmake --build /home/denis/Desktop/GustGurus-Drone-Project/crazyflie_simulation/build/cpp_controllers -- -j8 -l8
[1.771s] INFO:colcon.colcon_core.task.python.build:Building Python package in '/home/denis/Desktop/GustGurus-Drone-Project/crazyflie_simulation/src/crazyflie_gazebo'
[1.771s] INFO:colcon.colcon_core.shell:Skip shell extension 'powershell' for command environment: Not usable outside of PowerShell
[1.771s] DEBUG:colcon.colcon_core.shell:Skip shell extension 'dsv' for command environment
[2.550s] DEBUG:colcon.colcon_core.event_handler.log_command:Invoking command in '/home/denis/Desktop/GustGurus-Drone-Project/crazyflie_simulation/src/crazyflie_gazebo': PS1=(crazyflie_ros) \[\e]0;\u@\h: \w\a\]${debian_chroot:+($debian_chroot)}\[\033[01;32m\]\u@\h\[\033[00m\]:\[\033[01;34m\]\w\[\033[00m\]\$ PYTHONPATH=/home/denis/Desktop/GustGurus-Drone-Project/crazyflie_simulation/build/crazyflie_gazebo/prefix_override:/usr/lib/python3/dist-packages/colcon_core/task/python/colcon_distutils_commands:/home/denis/Desktop/GustGurus-Drone-Project/crazyflie_simulation/install/crazyflie_gazebo/lib/python3.10/site-packages:${PYTHONPATH} VIRTUAL_ENV_PROMPT=(crazyflie_ros) /usr/bin/python3 -W ignore:setup.py install is deprecated setup.py egg_info --egg-base ../../build/crazyflie_gazebo build --build-base /home/denis/Desktop/GustGurus-Drone-Project/crazyflie_simulation/build/crazyflie_gazebo/build install --record /home/denis/Desktop/GustGurus-Drone-Project/crazyflie_simulation/build/crazyflie_gazebo/install.log --single-version-externally-managed install_data
[2.601s] DEBUG:colcon.colcon_core.event_handler.log_command:Invoking command in '/home/denis/Desktop/GustGurus-Drone-Project/crazyflie_simulation/src/controllers': PS1=(crazyflie_ros) \[\e]0;\u@\h: \w\a\]${debian_chroot:+($debian_chroot)}\[\033[01;32m\]\u@\h\[\033[00m\]:\[\033[01;34m\]\w\[\033[00m\]\$ PYTHONPATH=/home/denis/Desktop/GustGurus-Drone-Project/crazyflie_simulation/build/controllers/prefix_override:/usr/lib/python3/dist-packages/colcon_core/task/python/colcon_distutils_commands:/home/denis/Desktop/GustGurus-Drone-Project/crazyflie_simulation/install/controllers/lib/python3.10/site-packages:${PYTHONPATH} VIRTUAL_ENV_PROMPT=(crazyflie_ros) /usr/bin/python3 -W ignore:setup.py install is deprecated setup.py egg_info --egg-base ../../build/controllers build --build-base /home/denis/Desktop/GustGurus-Drone-Project/crazyflie_simulation/build/controllers/build install --record /home/denis/Desktop/GustGurus-Drone-Project/crazyflie_simulation/build/controllers/install.log --single-version-externally-managed install_data
[3.290s] DEBUG:colcon.colcon_core.event_handler.log_command:Invoked command in '/home/denis/Desktop/GustGurus-Drone-Project/crazyflie_simulation/src/crazyflie_gazebo' returned '0': PS1=(crazyflie_ros) \[\e]0;\u@\h: \w\a\]${debian_chroot:+($debian_chroot)}\[\033[01;32m\]\u@\h\[\033[00m\]:\[\033[01;34m\]\w\[\033[00m\]\$ PYTHONPATH=/home/denis/Desktop/GustGurus-Drone-Project/crazyflie_simulation/build/crazyflie_gazebo/prefix_override:/usr/lib/python3/dist-packages/colcon_core/task/python/colcon_distutils_commands:/home/denis/Desktop/GustGurus-Drone-Project/crazyflie_simulation/install/crazyflie_gazebo/lib/python3.10/site-packages:${PYTHONPATH} VIRTUAL_ENV_PROMPT=(crazyflie_ros) /usr/bin/python3 -W ignore:setup.py install is deprecated setup.py egg_info --egg-base ../../build/crazyflie_gazebo build --build-base /home/denis/Desktop/GustGurus-Drone-Project/crazyflie_simulation/build/crazyflie_gazebo/build install --record /home/denis/Desktop/GustGurus-Drone-Project/crazyflie_simulation/build/crazyflie_gazebo/install.log --single-version-externally-managed install_data
[3.297s] Level 1:colcon.colcon_core.environment:checking '/home/denis/Desktop/GustGurus-Drone-Project/crazyflie_simulation/install/crazyflie_gazebo' for CMake module files
[3.302s] Level 1:colcon.colcon_core.environment:checking '/home/denis/Desktop/GustGurus-Drone-Project/crazyflie_simulation/install/crazyflie_gazebo' for CMake config files
[3.304s] Level 1:colcon.colcon_core.environment:checking '/home/denis/Desktop/GustGurus-Drone-Project/crazyflie_simulation/install/crazyflie_gazebo/lib'
[3.305s] Level 1:colcon.colcon_core.environment:checking '/home/denis/Desktop/GustGurus-Drone-Project/crazyflie_simulation/install/crazyflie_gazebo/bin'
[3.306s] Level 1:colcon.colcon_core.environment:checking '/home/denis/Desktop/GustGurus-Drone-Project/crazyflie_simulation/install/crazyflie_gazebo/lib/pkgconfig/crazyflie_gazebo.pc'
[3.306s] Level 1:colcon.colcon_core.environment:checking '/home/denis/Desktop/GustGurus-Drone-Project/crazyflie_simulation/install/crazyflie_gazebo/lib/python3.10/site-packages'
[3.307s] Level 1:colcon.colcon_core.shell:create_environment_hook('crazyflie_gazebo', 'pythonpath')
[3.307s] INFO:colcon.colcon_core.shell:Creating environment hook '/home/denis/Desktop/GustGurus-Drone-Project/crazyflie_simulation/install/crazyflie_gazebo/share/crazyflie_gazebo/hook/pythonpath.ps1'
[3.309s] INFO:colcon.colcon_core.shell:Creating environment descriptor '/home/denis/Desktop/GustGurus-Drone-Project/crazyflie_simulation/install/crazyflie_gazebo/share/crazyflie_gazebo/hook/pythonpath.dsv'
[3.311s] INFO:colcon.colcon_core.shell:Creating environment hook '/home/denis/Desktop/GustGurus-Drone-Project/crazyflie_simulation/install/crazyflie_gazebo/share/crazyflie_gazebo/hook/pythonpath.sh'
[3.316s] Level 1:colcon.colcon_core.environment:checking '/home/denis/Desktop/GustGurus-Drone-Project/crazyflie_simulation/install/crazyflie_gazebo/bin'
[3.317s] Level 1:colcon.colcon_core.environment:create_environment_scripts_only(crazyflie_gazebo)
[3.319s] INFO:colcon.colcon_core.shell:Creating package script '/home/denis/Desktop/GustGurus-Drone-Project/crazyflie_simulation/install/crazyflie_gazebo/share/crazyflie_gazebo/package.ps1'
[3.322s] INFO:colcon.colcon_core.shell:Creating package descriptor '/home/denis/Desktop/GustGurus-Drone-Project/crazyflie_simulation/install/crazyflie_gazebo/share/crazyflie_gazebo/package.dsv'
[3.324s] INFO:colcon.colcon_core.shell:Creating package script '/home/denis/Desktop/GustGurus-Drone-Project/crazyflie_simulation/install/crazyflie_gazebo/share/crazyflie_gazebo/package.sh'
[3.332s] INFO:colcon.colcon_core.shell:Creating package script '/home/denis/Desktop/GustGurus-Drone-Project/crazyflie_simulation/install/crazyflie_gazebo/share/crazyflie_gazebo/package.bash'
[3.335s] INFO:colcon.colcon_core.shell:Creating package script '/home/denis/Desktop/GustGurus-Drone-Project/crazyflie_simulation/install/crazyflie_gazebo/share/crazyflie_gazebo/package.zsh'
[3.337s] Level 1:colcon.colcon_core.environment:create_file_with_runtime_dependencies(/home/denis/Desktop/GustGurus-Drone-Project/crazyflie_simulation/install/crazyflie_gazebo/share/colcon-core/packages/crazyflie_gazebo)
[3.351s] Level 1:colcon.colcon_core.environment:checking '/home/denis/Desktop/GustGurus-Drone-Project/crazyflie_simulation/install/controllers' for CMake module files
[3.352s] DEBUG:colcon.colcon_core.event_handler.log_command:Invoked command in '/home/denis/Desktop/GustGurus-Drone-Project/crazyflie_simulation/src/controllers' returned '0': PS1=(crazyflie_ros) \[\e]0;\u@\h: \w\a\]${debian_chroot:+($debian_chroot)}\[\033[01;32m\]\u@\h\[\033[00m\]:\[\033[01;34m\]\w\[\033[00m\]\$ PYTHONPATH=/home/denis/Desktop/GustGurus-Drone-Project/crazyflie_simulation/build/controllers/prefix_override:/usr/lib/python3/dist-packages/colcon_core/task/python/colcon_distutils_commands:/home/denis/Desktop/GustGurus-Drone-Project/crazyflie_simulation/install/controllers/lib/python3.10/site-packages:${PYTHONPATH} VIRTUAL_ENV_PROMPT=(crazyflie_ros) /usr/bin/python3 -W ignore:setup.py install is deprecated setup.py egg_info --egg-base ../../build/controllers build --build-base /home/denis/Desktop/GustGurus-Drone-Project/crazyflie_simulation/build/controllers/build install --record /home/denis/Desktop/GustGurus-Drone-Project/crazyflie_simulation/build/controllers/install.log --single-version-externally-managed install_data
[3.355s] Level 1:colcon.colcon_core.environment:checking '/home/denis/Desktop/GustGurus-Drone-Project/crazyflie_simulation/install/controllers' for CMake config files
[3.358s] Level 1:colcon.colcon_core.environment:checking '/home/denis/Desktop/GustGurus-Drone-Project/crazyflie_simulation/install/controllers/lib'
[3.361s] Level 1:colcon.colcon_core.environment:checking '/home/denis/Desktop/GustGurus-Drone-Project/crazyflie_simulation/install/controllers/bin'
[3.364s] Level 1:colcon.colcon_core.environment:checking '/home/denis/Desktop/GustGurus-Drone-Project/crazyflie_simulation/install/controllers/lib/pkgconfig/controllers.pc'
[3.365s] Level 1:colcon.colcon_core.environment:checking '/home/denis/Desktop/GustGurus-Drone-Project/crazyflie_simulation/install/controllers/lib/python3.10/site-packages'
[3.366s] Level 1:colcon.colcon_core.shell:create_environment_hook('controllers', 'pythonpath')
[3.369s] INFO:colcon.colcon_core.shell:Creating environment hook '/home/denis/Desktop/GustGurus-Drone-Project/crazyflie_simulation/install/controllers/share/controllers/hook/pythonpath.ps1'
[3.373s] INFO:colcon.colcon_core.shell:Creating environment descriptor '/home/denis/Desktop/GustGurus-Drone-Project/crazyflie_simulation/install/controllers/share/controllers/hook/pythonpath.dsv'
[3.377s] INFO:colcon.colcon_core.shell:Creating environment hook '/home/denis/Desktop/GustGurus-Drone-Project/crazyflie_simulation/install/controllers/share/controllers/hook/pythonpath.sh'
[3.381s] Level 1:colcon.colcon_core.environment:checking '/home/denis/Desktop/GustGurus-Drone-Project/crazyflie_simulation/install/controllers/bin'
[3.382s] Level 1:colcon.colcon_core.environment:create_environment_scripts_only(controllers)
[3.383s] INFO:colcon.colcon_core.shell:Creating package script '/home/denis/Desktop/GustGurus-Drone-Project/crazyflie_simulation/install/controllers/share/controllers/package.ps1'
[3.384s] INFO:colcon.colcon_core.shell:Creating package descriptor '/home/denis/Desktop/GustGurus-Drone-Project/crazyflie_simulation/install/controllers/share/controllers/package.dsv'
[3.387s] INFO:colcon.colcon_core.shell:Creating package script '/home/denis/Desktop/GustGurus-Drone-Project/crazyflie_simulation/install/controllers/share/controllers/package.sh'
[3.389s] INFO:colcon.colcon_core.shell:Creating package script '/home/denis/Desktop/GustGurus-Drone-Project/crazyflie_simulation/install/controllers/share/controllers/package.bash'
[3.391s] INFO:colcon.colcon_core.shell:Creating package script '/home/denis/Desktop/GustGurus-Drone-Project/crazyflie_simulation/install/controllers/share/controllers/package.zsh'
[3.403s] Level 1:colcon.colcon_core.environment:create_file_with_runtime_dependencies(/home/denis/Desktop/GustGurus-Drone-Project/crazyflie_simulation/install/controllers/share/colcon-core/packages/controllers)
[18.312s] DEBUG:colcon.colcon_core.event_handler.log_command:Invoked command in '/home/denis/Desktop/GustGurus-Drone-Project/crazyflie_simulation/build/cpp_controllers' returned '2': CMAKE_PREFIX_PATH=${CMAKE_PREFIX_PATH}:/home/denis/Desktop/GustGurus-Drone-Project/crazyflie_simulation/install/crazyflie_gazebo:/home/denis/Desktop/GustGurus-Drone-Project/crazyflie_simulation/install/controllers:/opt/ros/humble PS1=(crazyflie_ros) \[\e]0;\u@\h: \w\a\]${debian_chroot:+($debian_chroot)}\[\033[01;32m\]\u@\h\[\033[00m\]:\[\033[01;34m\]\w\[\033[00m\]\$ VIRTUAL_ENV_PROMPT=(crazyflie_ros) /usr/bin/cmake --build /home/denis/Desktop/GustGurus-Drone-Project/crazyflie_simulation/build/cpp_controllers -- -j8 -l8
[18.398s] Level 1:colcon.colcon_core.environment:create_environment_scripts_only(cpp_controllers)
[18.401s] Level 1:colcon.colcon_core.environment:checking '/home/denis/Desktop/GustGurus-Drone-Project/crazyflie_simulation/install/cpp_controllers' for CMake module files
[18.402s] Level 1:colcon.colcon_core.environment:checking '/home/denis/Desktop/GustGurus-Drone-Project/crazyflie_simulation/install/cpp_controllers' for CMake config files
[18.403s] Level 1:colcon.colcon_core.shell:create_environment_hook('cpp_controllers', 'cmake_prefix_path')
[18.403s] INFO:colcon.colcon_core.shell:Creating environment hook '/home/denis/Desktop/GustGurus-Drone-Project/crazyflie_simulation/install/cpp_controllers/share/cpp_controllers/hook/cmake_prefix_path.ps1'
[18.405s] INFO:colcon.colcon_core.shell:Creating environment descriptor '/home/denis/Desktop/GustGurus-Drone-Project/crazyflie_simulation/install/cpp_controllers/share/cpp_controllers/hook/cmake_prefix_path.dsv'
[18.406s] INFO:colcon.colcon_core.shell:Creating environment hook '/home/denis/Desktop/GustGurus-Drone-Project/crazyflie_simulation/install/cpp_controllers/share/cpp_controllers/hook/cmake_prefix_path.sh'
[18.408s] Level 1:colcon.colcon_core.environment:checking '/home/denis/Desktop/GustGurus-Drone-Project/crazyflie_simulation/install/cpp_controllers/lib'
[18.408s] Level 1:colcon.colcon_core.environment:checking '/home/denis/Desktop/GustGurus-Drone-Project/crazyflie_simulation/install/cpp_controllers/bin'
[18.409s] Level 1:colcon.colcon_core.environment:checking '/home/denis/Desktop/GustGurus-Drone-Project/crazyflie_simulation/install/cpp_controllers/lib/pkgconfig/cpp_controllers.pc'
[18.410s] Level 1:colcon.colcon_core.environment:checking '/home/denis/Desktop/GustGurus-Drone-Project/crazyflie_simulation/install/cpp_controllers/lib/python3.10/site-packages'
[18.410s] Level 1:colcon.colcon_core.environment:checking '/home/denis/Desktop/GustGurus-Drone-Project/crazyflie_simulation/install/cpp_controllers/bin'
[18.410s] INFO:colcon.colcon_core.shell:Creating package script '/home/denis/Desktop/GustGurus-Drone-Project/crazyflie_simulation/install/cpp_controllers/share/cpp_controllers/package.ps1'
[18.413s] INFO:colcon.colcon_core.shell:Creating package descriptor '/home/denis/Desktop/GustGurus-Drone-Project/crazyflie_simulation/install/cpp_controllers/share/cpp_controllers/package.dsv'
[18.414s] INFO:colcon.colcon_core.shell:Creating package script '/home/denis/Desktop/GustGurus-Drone-Project/crazyflie_simulation/install/cpp_controllers/share/cpp_controllers/package.sh'
[18.417s] INFO:colcon.colcon_core.shell:Creating package script '/home/denis/Desktop/GustGurus-Drone-Project/crazyflie_simulation/install/cpp_controllers/share/cpp_controllers/package.bash'
[18.422s] INFO:colcon.colcon_core.shell:Creating package script '/home/denis/Desktop/GustGurus-Drone-Project/crazyflie_simulation/install/cpp_controllers/share/cpp_controllers/package.zsh'
[18.423s] Level 1:colcon.colcon_core.environment:create_file_with_runtime_dependencies(/home/denis/Desktop/GustGurus-Drone-Project/crazyflie_simulation/install/cpp_controllers/share/colcon-core/packages/cpp_controllers)
[18.437s] DEBUG:colcon.colcon_parallel_executor.executor.parallel:closing loop
[18.438s] DEBUG:colcon.colcon_parallel_executor.executor.parallel:loop closed
[18.438s] DEBUG:colcon.colcon_parallel_executor.executor.parallel:run_until_complete finished with '2'
[18.440s] DEBUG:colcon.colcon_core.event_reactor:joining thread
[18.460s] INFO:colcon.colcon_core.plugin_system:Skipping extension 'colcon_notification.desktop_notification.terminal_notifier': Not used on non-Darwin systems
[18.461s] INFO:colcon.colcon_core.plugin_system:Skipping extension 'colcon_notification.desktop_notification.win32': Not used on non-Windows systems
[18.461s] INFO:colcon.colcon_notification.desktop_notification:Sending desktop notification using 'notify2'
[18.554s] DEBUG:colcon.colcon_core.event_reactor:joined thread
[18.554s] INFO:colcon.colcon_core.shell:Creating prefix script '/home/denis/Desktop/GustGurus-Drone-Project/crazyflie_simulation/install/local_setup.ps1'
[18.561s] INFO:colcon.colcon_core.shell:Creating prefix util module '/home/denis/Desktop/GustGurus-Drone-Project/crazyflie_simulation/install/_local_setup_util_ps1.py'
[18.567s] INFO:colcon.colcon_core.shell:Creating prefix chain script '/home/denis/Desktop/GustGurus-Drone-Project/crazyflie_simulation/install/setup.ps1'
[18.571s] INFO:colcon.colcon_core.shell:Creating prefix script '/home/denis/Desktop/GustGurus-Drone-Project/crazyflie_simulation/install/local_setup.sh'
[18.573s] INFO:colcon.colcon_core.shell:Creating prefix util module '/home/denis/Desktop/GustGurus-Drone-Project/crazyflie_simulation/install/_local_setup_util_sh.py'
[18.575s] INFO:colcon.colcon_core.shell:Creating prefix chain script '/home/denis/Desktop/GustGurus-Drone-Project/crazyflie_simulation/install/setup.sh'
[18.578s] INFO:colcon.colcon_core.shell:Creating prefix script '/home/denis/Desktop/GustGurus-Drone-Project/crazyflie_simulation/install/local_setup.bash'
[18.581s] INFO:colcon.colcon_core.shell:Creating prefix chain script '/home/denis/Desktop/GustGurus-Drone-Project/crazyflie_simulation/install/setup.bash'
[18.585s] INFO:colcon.colcon_core.shell:Creating prefix script '/home/denis/Desktop/GustGurus-Drone-Project/crazyflie_simulation/install/local_setup.zsh'
[18.586s] INFO:colcon.colcon_core.shell:Creating prefix chain script '/home/denis/Desktop/GustGurus-Drone-Project/crazyflie_simulation/install/setup.zsh'
