[1.738s] Invoking command in '/home/denis/Desktop/GustGurus-Drone-Project/crazyflie_simulation/src/controllers': PS1=(crazyflie_ros) \[\e]0;\u@\h: \w\a\]${debian_chroot:+($debian_chroot)}\[\033[01;32m\]\u@\h\[\033[00m\]:\[\033[01;34m\]\w\[\033[00m\]\$ PYTHONPATH=/home/denis/Desktop/GustGurus-Drone-Project/crazyflie_simulation/build/controllers/prefix_override:/usr/lib/python3/dist-packages/colcon_core/task/python/colcon_distutils_commands:/home/denis/Desktop/GustGurus-Drone-Project/crazyflie_simulation/install/controllers/lib/python3.10/site-packages:${PYTHONPATH} VIRTUAL_ENV_PROMPT=(crazyflie_ros) /usr/bin/python3 -W ignore:setup.py install is deprecated setup.py egg_info --egg-base ../../build/controllers build --build-base /home/denis/Desktop/GustGurus-Drone-Project/crazyflie_simulation/build/controllers/build install --record /home/denis/Desktop/GustGurus-Drone-Project/crazyflie_simulation/build/controllers/install.log --single-version-externally-managed install_data
[2.217s] running egg_info
[2.220s] creating ../../build/controllers/controllers.egg-info
[2.220s] writing ../../build/controllers/controllers.egg-info/PKG-INFO
[2.224s] writing dependency_links to ../../build/controllers/controllers.egg-info/dependency_links.txt
[2.225s] writing entry points to ../../build/controllers/controllers.egg-info/entry_points.txt
[2.226s] writing requirements to ../../build/controllers/controllers.egg-info/requires.txt
[2.226s] writing top-level names to ../../build/controllers/controllers.egg-info/top_level.txt
[2.227s] writing manifest file '../../build/controllers/controllers.egg-info/SOURCES.txt'
[2.228s] reading manifest file '../../build/controllers/controllers.egg-info/SOURCES.txt'
[2.230s] writing manifest file '../../build/controllers/controllers.egg-info/SOURCES.txt'
[2.231s] running build
[2.232s] running build_py
[2.232s] creating /home/denis/Desktop/GustGurus-Drone-Project/crazyflie_simulation/build/controllers/build
[2.233s] creating /home/denis/Desktop/GustGurus-Drone-Project/crazyflie_simulation/build/controllers/build/lib
[2.233s] creating /home/denis/Desktop/GustGurus-Drone-Project/crazyflie_simulation/build/controllers/build/lib/controllers
[2.234s] copying controllers/MotorControlNode.py -> /home/denis/Desktop/GustGurus-Drone-Project/crazyflie_simulation/build/controllers/build/lib/controllers
[2.234s] copying controllers/__init__.py -> /home/denis/Desktop/GustGurus-Drone-Project/crazyflie_simulation/build/controllers/build/lib/controllers
[2.235s] running install
[2.236s] running install_lib
[2.237s] creating /home/denis/Desktop/GustGurus-Drone-Project/crazyflie_simulation/install/controllers/lib/python3.10/site-packages/controllers
[2.238s] copying /home/denis/Desktop/GustGurus-Drone-Project/crazyflie_simulation/build/controllers/build/lib/controllers/MotorControlNode.py -> /home/denis/Desktop/GustGurus-Drone-Project/crazyflie_simulation/install/controllers/lib/python3.10/site-packages/controllers
[2.238s] copying /home/denis/Desktop/GustGurus-Drone-Project/crazyflie_simulation/build/controllers/build/lib/controllers/__init__.py -> /home/denis/Desktop/GustGurus-Drone-Project/crazyflie_simulation/install/controllers/lib/python3.10/site-packages/controllers
[2.239s] byte-compiling /home/denis/Desktop/GustGurus-Drone-Project/crazyflie_simulation/install/controllers/lib/python3.10/site-packages/controllers/MotorControlNode.py to MotorControlNode.cpython-310.pyc
[2.240s] byte-compiling /home/denis/Desktop/GustGurus-Drone-Project/crazyflie_simulation/install/controllers/lib/python3.10/site-packages/controllers/__init__.py to __init__.cpython-310.pyc
[2.241s] running install_data
[2.242s] creating /home/denis/Desktop/GustGurus-Drone-Project/crazyflie_simulation/install/controllers/share/ament_index
[2.243s] creating /home/denis/Desktop/GustGurus-Drone-Project/crazyflie_simulation/install/controllers/share/ament_index/resource_index
[2.243s] creating /home/denis/Desktop/GustGurus-Drone-Project/crazyflie_simulation/install/controllers/share/ament_index/resource_index/packages
[2.243s] copying resource/controllers -> /home/denis/Desktop/GustGurus-Drone-Project/crazyflie_simulation/install/controllers/share/ament_index/resource_index/packages
[2.243s] copying package.xml -> /home/denis/Desktop/GustGurus-Drone-Project/crazyflie_simulation/install/controllers/share/controllers
[2.243s] running install_egg_info
[2.248s] Copying ../../build/controllers/controllers.egg-info to /home/denis/Desktop/GustGurus-Drone-Project/crazyflie_simulation/install/controllers/lib/python3.10/site-packages/controllers-0.0.0-py3.10.egg-info
[2.250s] running install_scripts
[2.313s] Installing MotorControlNode script to /home/denis/Desktop/GustGurus-Drone-Project/crazyflie_simulation/install/controllers/lib/controllers
[2.313s] writing list of installed files to '/home/denis/Desktop/GustGurus-Drone-Project/crazyflie_simulation/build/controllers/install.log'
[2.365s] Invoked command in '/home/denis/Desktop/GustGurus-Drone-Project/crazyflie_simulation/src/controllers' returned '0': PS1=(crazyflie_ros) \[\e]0;\u@\h: \w\a\]${debian_chroot:+($debian_chroot)}\[\033[01;32m\]\u@\h\[\033[00m\]:\[\033[01;34m\]\w\[\033[00m\]\$ PYTHONPATH=/home/denis/Desktop/GustGurus-Drone-Project/crazyflie_simulation/build/controllers/prefix_override:/usr/lib/python3/dist-packages/colcon_core/task/python/colcon_distutils_commands:/home/denis/Desktop/GustGurus-Drone-Project/crazyflie_simulation/install/controllers/lib/python3.10/site-packages:${PYTHONPATH} VIRTUAL_ENV_PROMPT=(crazyflie_ros) /usr/bin/python3 -W ignore:setup.py install is deprecated setup.py egg_info --egg-base ../../build/controllers build --build-base /home/denis/Desktop/GustGurus-Drone-Project/crazyflie_simulation/build/controllers/build install --record /home/denis/Desktop/GustGurus-Drone-Project/crazyflie_simulation/build/controllers/install.log --single-version-externally-managed install_data
