[35m[1mConsolidate compiler generated dependencies of target motor_control_node[0m
[ 33%] [32mBuilding CXX object CMakeFiles/motor_control_node.dir/src/MotorControlNode.cpp.o[0m
[01m[K/home/kaust/Desktop/GustGurus-Drone-Project/crazyflie_simulation/src/cpp_controllers/src/MotorControlNode.cpp:[m[K In member function ‘[01m[Kvoid MotorControlNode::timerCallback()[m[K’:
[01m[K/home/kaust/Desktop/GustGurus-Drone-Project/crazyflie_simulation/src/cpp_controllers/src/MotorControlNode.cpp:101:16:[m[K [01;35m[Kwarning: [m[Kunused variable ‘[01m[Kdt[m[K’ [[01;35m[K]8;;https://gcc.gnu.org/onlinedocs/gcc/Warning-Options.html#index-Wunused-variable-Wunused-variable]8;;[m[K]
  101 |         double [01;35m[Kdt[m[K = 0.1; // 100ms timer interval
      |                [01;35m[K^~[m[K
[ 66%] [32m[1mLinking CXX executable motor_control_node[0m
[100%] Built target motor_control_node
-- Install configuration: ""
-- Installing: /home/kaust/Desktop/GustGurus-Drone-Project/crazyflie_simulation/install/cpp_controllers/lib/cpp_controllers/motor_control_node
-- Set runtime path of "/home/kaust/Desktop/GustGurus-Drone-Project/crazyflie_simulation/install/cpp_controllers/lib/cpp_controllers/motor_control_node" to ""
-- Installing: /home/kaust/Desktop/GustGurus-Drone-Project/crazyflie_simulation/install/cpp_controllers/share/ament_index/resource_index/package_run_dependencies/cpp_controllers
-- Installing: /home/kaust/Desktop/GustGurus-Drone-Project/crazyflie_simulation/install/cpp_controllers/share/ament_index/resource_index/parent_prefix_path/cpp_controllers
-- Installing: /home/kaust/Desktop/GustGurus-Drone-Project/crazyflie_simulation/install/cpp_controllers/share/cpp_controllers/environment/ament_prefix_path.sh
-- Installing: /home/kaust/Desktop/GustGurus-Drone-Project/crazyflie_simulation/install/cpp_controllers/share/cpp_controllers/environment/ament_prefix_path.dsv
-- Installing: /home/kaust/Desktop/GustGurus-Drone-Project/crazyflie_simulation/install/cpp_controllers/share/cpp_controllers/environment/path.sh
-- Installing: /home/kaust/Desktop/GustGurus-Drone-Project/crazyflie_simulation/install/cpp_controllers/share/cpp_controllers/environment/path.dsv
-- Installing: /home/kaust/Desktop/GustGurus-Drone-Project/crazyflie_simulation/install/cpp_controllers/share/cpp_controllers/local_setup.bash
-- Installing: /home/kaust/Desktop/GustGurus-Drone-Project/crazyflie_simulation/install/cpp_controllers/share/cpp_controllers/local_setup.sh
-- Installing: /home/kaust/Desktop/GustGurus-Drone-Project/crazyflie_simulation/install/cpp_controllers/share/cpp_controllers/local_setup.zsh
-- Installing: /home/kaust/Desktop/GustGurus-Drone-Project/crazyflie_simulation/install/cpp_controllers/share/cpp_controllers/local_setup.dsv
-- Installing: /home/kaust/Desktop/GustGurus-Drone-Project/crazyflie_simulation/install/cpp_controllers/share/cpp_controllers/package.dsv
-- Installing: /home/kaust/Desktop/GustGurus-Drone-Project/crazyflie_simulation/install/cpp_controllers/share/ament_index/resource_index/packages/cpp_controllers
-- Installing: /home/kaust/Desktop/GustGurus-Drone-Project/crazyflie_simulation/install/cpp_controllers/share/cpp_controllers/cmake/cpp_controllersConfig.cmake
-- Installing: /home/kaust/Desktop/GustGurus-Drone-Project/crazyflie_simulation/install/cpp_controllers/share/cpp_controllers/cmake/cpp_controllersConfig-version.cmake
-- Installing: /home/kaust/Desktop/GustGurus-Drone-Project/crazyflie_simulation/install/cpp_controllers/share/cpp_controllers/package.xml
