[1.474s] Invoking command in '/home/kaust/Desktop/GustGurus-Drone-Project/crazyflie_simulation/src/controllers': PS1=(crazyflie_ros) \[\e]0;\u@\h: \w\a\]${debian_chroot:+($debian_chroot)}\[\033[01;32m\]\u@\h\[\033[00m\]:\[\033[01;34m\]\w\[\033[00m\]\$ PYTHONPATH=/home/kaust/Desktop/GustGurus-Drone-Project/crazyflie_simulation/src/build/controllers/prefix_override:/usr/lib/python3/dist-packages/colcon_core/task/python/colcon_distutils_commands:/home/kaust/Desktop/GustGurus-Drone-Project/crazyflie_simulation/src/install/controllers/lib/python3.10/site-packages:${PYTHONPATH} VIRTUAL_ENV_PROMPT=(crazyflie_ros) /usr/bin/python3 -W ignore:setup.py install is deprecated setup.py egg_info --egg-base ../build/controllers build --build-base /home/kaust/Desktop/GustGurus-Drone-Project/crazyflie_simulation/src/build/controllers/build install --record /home/kaust/Desktop/GustGurus-Drone-Project/crazyflie_simulation/src/build/controllers/install.log --single-version-externally-managed install_data
[1.851s] running egg_info
[1.852s] writing ../build/controllers/controllers.egg-info/PKG-INFO
[1.853s] writing dependency_links to ../build/controllers/controllers.egg-info/dependency_links.txt
[1.853s] writing entry points to ../build/controllers/controllers.egg-info/entry_points.txt
[1.854s] writing requirements to ../build/controllers/controllers.egg-info/requires.txt
[1.854s] writing top-level names to ../build/controllers/controllers.egg-info/top_level.txt
[1.859s] reading manifest file '../build/controllers/controllers.egg-info/SOURCES.txt'
[1.861s] writing manifest file '../build/controllers/controllers.egg-info/SOURCES.txt'
[1.865s] running build
[1.867s] running build_py
[1.869s] running install
[1.869s] running install_lib
[1.869s] running install_data
[1.869s] running install_egg_info
[1.873s] removing '/home/kaust/Desktop/GustGurus-Drone-Project/crazyflie_simulation/src/install/controllers/lib/python3.10/site-packages/controllers-0.0.0-py3.10.egg-info' (and everything under it)
[1.873s] Copying ../build/controllers/controllers.egg-info to /home/kaust/Desktop/GustGurus-Drone-Project/crazyflie_simulation/src/install/controllers/lib/python3.10/site-packages/controllers-0.0.0-py3.10.egg-info
[1.875s] running install_scripts
[1.910s] Installing MotorControlNode script to /home/kaust/Desktop/GustGurus-Drone-Project/crazyflie_simulation/src/install/controllers/lib/controllers
[1.912s] writing list of installed files to '/home/kaust/Desktop/GustGurus-Drone-Project/crazyflie_simulation/src/build/controllers/install.log'
[1.958s] Invoked command in '/home/kaust/Desktop/GustGurus-Drone-Project/crazyflie_simulation/src/controllers' returned '0': PS1=(crazyflie_ros) \[\e]0;\u@\h: \w\a\]${debian_chroot:+($debian_chroot)}\[\033[01;32m\]\u@\h\[\033[00m\]:\[\033[01;34m\]\w\[\033[00m\]\$ PYTHONPATH=/home/kaust/Desktop/GustGurus-Drone-Project/crazyflie_simulation/src/build/controllers/prefix_override:/usr/lib/python3/dist-packages/colcon_core/task/python/colcon_distutils_commands:/home/kaust/Desktop/GustGurus-Drone-Project/crazyflie_simulation/src/install/controllers/lib/python3.10/site-packages:${PYTHONPATH} VIRTUAL_ENV_PROMPT=(crazyflie_ros) /usr/bin/python3 -W ignore:setup.py install is deprecated setup.py egg_info --egg-base ../build/controllers build --build-base /home/kaust/Desktop/GustGurus-Drone-Project/crazyflie_simulation/src/build/controllers/build install --record /home/kaust/Desktop/GustGurus-Drone-Project/crazyflie_simulation/src/build/controllers/install.log --single-version-externally-managed install_data
