[35m[1mConsolidate compiler generated dependencies of target motor_control_node[0m
[ 66%] [32mBuilding C object CMakeFiles/motor_control_node.dir/src/pid_controller.c.o[0m
[ 66%] [32mBuilding CXX object CMakeFiles/motor_control_node.dir/src/MotorControlNode.cpp.o[0m
[100%] [32m[1mLinking CXX executable motor_control_node[0m
[100%] Built target motor_control_node
-- Install configuration: ""
-- Installing: /home/kaust/Desktop/GustGurus-Drone-Project/crazyflie_simulation/install/cpp_controllers/lib/cpp_controllers/motor_control_node
-- Set runtime path of "/home/kaust/Desktop/GustGurus-Drone-Project/crazyflie_simulation/install/cpp_controllers/lib/cpp_controllers/motor_control_node" to ""
-- Up-to-date: /home/kaust/Desktop/GustGurus-Drone-Project/crazyflie_simulation/install/cpp_controllers/share/ament_index/resource_index/package_run_dependencies/cpp_controllers
-- Up-to-date: /home/kaust/Desktop/GustGurus-Drone-Project/crazyflie_simulation/install/cpp_controllers/share/ament_index/resource_index/parent_prefix_path/cpp_controllers
-- Up-to-date: /home/kaust/Desktop/GustGurus-Drone-Project/crazyflie_simulation/install/cpp_controllers/share/cpp_controllers/environment/ament_prefix_path.sh
-- Up-to-date: /home/kaust/Desktop/GustGurus-Drone-Project/crazyflie_simulation/install/cpp_controllers/share/cpp_controllers/environment/ament_prefix_path.dsv
-- Up-to-date: /home/kaust/Desktop/GustGurus-Drone-Project/crazyflie_simulation/install/cpp_controllers/share/cpp_controllers/environment/path.sh
-- Up-to-date: /home/kaust/Desktop/GustGurus-Drone-Project/crazyflie_simulation/install/cpp_controllers/share/cpp_controllers/environment/path.dsv
-- Up-to-date: /home/kaust/Desktop/GustGurus-Drone-Project/crazyflie_simulation/install/cpp_controllers/share/cpp_controllers/local_setup.bash
-- Up-to-date: /home/kaust/Desktop/GustGurus-Drone-Project/crazyflie_simulation/install/cpp_controllers/share/cpp_controllers/local_setup.sh
-- Up-to-date: /home/kaust/Desktop/GustGurus-Drone-Project/crazyflie_simulation/install/cpp_controllers/share/cpp_controllers/local_setup.zsh
-- Up-to-date: /home/kaust/Desktop/GustGurus-Drone-Project/crazyflie_simulation/install/cpp_controllers/share/cpp_controllers/local_setup.dsv
-- Installing: /home/kaust/Desktop/GustGurus-Drone-Project/crazyflie_simulation/install/cpp_controllers/share/cpp_controllers/package.dsv
-- Up-to-date: /home/kaust/Desktop/GustGurus-Drone-Project/crazyflie_simulation/install/cpp_controllers/share/ament_index/resource_index/packages/cpp_controllers
-- Up-to-date: /home/kaust/Desktop/GustGurus-Drone-Project/crazyflie_simulation/install/cpp_controllers/share/cpp_controllers/cmake/cpp_controllersConfig.cmake
-- Up-to-date: /home/kaust/Desktop/GustGurus-Drone-Project/crazyflie_simulation/install/cpp_controllers/share/cpp_controllers/cmake/cpp_controllersConfig-version.cmake
-- Up-to-date: /home/kaust/Desktop/GustGurus-Drone-Project/crazyflie_simulation/install/cpp_controllers/share/cpp_controllers/package.xml
