[0.194s] Invoking command in '/home/kaust/Desktop/GustGurus-Drone-Project/crazyflie_simulation/build/cpp_controllers': CMAKE_PREFIX_PATH=${CMAKE_PREFIX_PATH}:/home/kaust/Desktop/GustGurus-Drone-Project/crazyflie_simulation/install/crazyflie_gazebo:/home/kaust/Desktop/GustGurus-Drone-Project/crazyflie_simulation/install/controllers:/opt/ros/humble CONDA_PROMPT_MODIFIER=(acsi2) /usr/bin/cmake --build /home/kaust/Desktop/GustGurus-Drone-Project/crazyflie_simulation/build/cpp_controllers -- -j16 -l16
[0.233s] [35m[1mConsolidate compiler generated dependencies of target motor_control_node[0m
[0.251s] [ 66%] [32mBuilding C object CMakeFiles/motor_control_node.dir/src/pid_controller.c.o[0m
[0.251s] [ 66%] [32mBuilding CXX object CMakeFiles/motor_control_node.dir/src/MotorControlNode.cpp.o[0m
[6.576s] [100%] [32m[1mLinking CXX executable motor_control_node[0m
[6.845s] [100%] Built target motor_control_node
[6.856s] Invoked command in '/home/kaust/Desktop/GustGurus-Drone-Project/crazyflie_simulation/build/cpp_controllers' returned '0': CMAKE_PREFIX_PATH=${CMAKE_PREFIX_PATH}:/home/kaust/Desktop/GustGurus-Drone-Project/crazyflie_simulation/install/crazyflie_gazebo:/home/kaust/Desktop/GustGurus-Drone-Project/crazyflie_simulation/install/controllers:/opt/ros/humble CONDA_PROMPT_MODIFIER=(acsi2) /usr/bin/cmake --build /home/kaust/Desktop/GustGurus-Drone-Project/crazyflie_simulation/build/cpp_controllers -- -j16 -l16
[6.897s] Invoking command in '/home/kaust/Desktop/GustGurus-Drone-Project/crazyflie_simulation/build/cpp_controllers': CMAKE_PREFIX_PATH=${CMAKE_PREFIX_PATH}:/home/kaust/Desktop/GustGurus-Drone-Project/crazyflie_simulation/install/crazyflie_gazebo:/home/kaust/Desktop/GustGurus-Drone-Project/crazyflie_simulation/install/controllers:/opt/ros/humble CONDA_PROMPT_MODIFIER=(acsi2) /usr/bin/cmake --install /home/kaust/Desktop/GustGurus-Drone-Project/crazyflie_simulation/build/cpp_controllers
[6.904s] -- Install configuration: ""
[6.904s] -- Installing: /home/kaust/Desktop/GustGurus-Drone-Project/crazyflie_simulation/install/cpp_controllers/lib/cpp_controllers/motor_control_node
[6.908s] -- Set runtime path of "/home/kaust/Desktop/GustGurus-Drone-Project/crazyflie_simulation/install/cpp_controllers/lib/cpp_controllers/motor_control_node" to ""
[6.908s] -- Up-to-date: /home/kaust/Desktop/GustGurus-Drone-Project/crazyflie_simulation/install/cpp_controllers/share/ament_index/resource_index/package_run_dependencies/cpp_controllers
[6.908s] -- Up-to-date: /home/kaust/Desktop/GustGurus-Drone-Project/crazyflie_simulation/install/cpp_controllers/share/ament_index/resource_index/parent_prefix_path/cpp_controllers
[6.908s] -- Up-to-date: /home/kaust/Desktop/GustGurus-Drone-Project/crazyflie_simulation/install/cpp_controllers/share/cpp_controllers/environment/ament_prefix_path.sh
[6.908s] -- Up-to-date: /home/kaust/Desktop/GustGurus-Drone-Project/crazyflie_simulation/install/cpp_controllers/share/cpp_controllers/environment/ament_prefix_path.dsv
[6.908s] -- Up-to-date: /home/kaust/Desktop/GustGurus-Drone-Project/crazyflie_simulation/install/cpp_controllers/share/cpp_controllers/environment/path.sh
[6.908s] -- Up-to-date: /home/kaust/Desktop/GustGurus-Drone-Project/crazyflie_simulation/install/cpp_controllers/share/cpp_controllers/environment/path.dsv
[6.908s] -- Up-to-date: /home/kaust/Desktop/GustGurus-Drone-Project/crazyflie_simulation/install/cpp_controllers/share/cpp_controllers/local_setup.bash
[6.909s] -- Up-to-date: /home/kaust/Desktop/GustGurus-Drone-Project/crazyflie_simulation/install/cpp_controllers/share/cpp_controllers/local_setup.sh
[6.909s] -- Up-to-date: /home/kaust/Desktop/GustGurus-Drone-Project/crazyflie_simulation/install/cpp_controllers/share/cpp_controllers/local_setup.zsh
[6.909s] -- Up-to-date: /home/kaust/Desktop/GustGurus-Drone-Project/crazyflie_simulation/install/cpp_controllers/share/cpp_controllers/local_setup.dsv
[6.909s] -- Installing: /home/kaust/Desktop/GustGurus-Drone-Project/crazyflie_simulation/install/cpp_controllers/share/cpp_controllers/package.dsv
[6.909s] -- Up-to-date: /home/kaust/Desktop/GustGurus-Drone-Project/crazyflie_simulation/install/cpp_controllers/share/ament_index/resource_index/packages/cpp_controllers
[6.909s] -- Up-to-date: /home/kaust/Desktop/GustGurus-Drone-Project/crazyflie_simulation/install/cpp_controllers/share/cpp_controllers/cmake/cpp_controllersConfig.cmake
[6.909s] -- Up-to-date: /home/kaust/Desktop/GustGurus-Drone-Project/crazyflie_simulation/install/cpp_controllers/share/cpp_controllers/cmake/cpp_controllersConfig-version.cmake
[6.909s] -- Up-to-date: /home/kaust/Desktop/GustGurus-Drone-Project/crazyflie_simulation/install/cpp_controllers/share/cpp_controllers/package.xml
[6.910s] Invoked command in '/home/kaust/Desktop/GustGurus-Drone-Project/crazyflie_simulation/build/cpp_controllers' returned '0': CMAKE_PREFIX_PATH=${CMAKE_PREFIX_PATH}:/home/kaust/Desktop/GustGurus-Drone-Project/crazyflie_simulation/install/crazyflie_gazebo:/home/kaust/Desktop/GustGurus-Drone-Project/crazyflie_simulation/install/controllers:/opt/ros/humble CONDA_PROMPT_MODIFIER=(acsi2) /usr/bin/cmake --install /home/kaust/Desktop/GustGurus-Drone-Project/crazyflie_simulation/build/cpp_controllers
